<?xml version="1.0" encoding="UTF-8"?>
<!-- Generated by org.testng.reporters.JUnitXMLReporter -->
<testsuite ignored="0" hostname="Mac-mini-DuniceEdCast.local" failures="26" tests="87" name="Command line test" time="112.405" errors="0" timestamp="2021-12-30T10:21:49 MSK">
  <testcase classname="WrongCreatePostTest" name="createPostWithEmptyDescription" time="5.274"/>
  <testcase classname="WrongCreatePostTest" name="createPostWithEmptyImage" time="0.207">
    <failure type="java.lang.AssertionError" message="The following asserts failed:
	&amp;quot;codes&amp;quot; does not contain correct error code expected [true] but found [false]">
      <![CDATA[java.lang.AssertionError: The following asserts failed:
"codes" does not contain correct error code expected [true] but found [false]
at WrongCreatePostTest.createPostWithEmptyImage(WrongCreatePostTest.java:101)
at java.base/java.util.ArrayList.forEach(ArrayList.java:1511)
... Removed 39 stack frames]]>
    </failure>
  </testcase> <!-- createPostWithEmptyImage -->
  <testcase classname="WrongCreatePostTest" name="createPostWithEmptyTitle" time="0.219"/>
  <testcase classname="WrongCreatePostTest" name="createPostWithoutDescription" time="0.206"/>
  <testcase classname="WrongCreatePostTest" name="createPostWithoutImage" time="0.194"/>
  <testcase classname="WrongCreatePostTest" name="createPostWithoutTitle" time="0.204"/>
  <testcase classname="WrongCreatePostTest" name="createPostWithoutToken" time="0.217">
    <failure type="java.lang.AssertionError" message="The following asserts failed:
	&amp;quot;codes&amp;quot; does not contain correct error code expected [true] but found [false]">
      <![CDATA[java.lang.AssertionError: The following asserts failed:
"codes" does not contain correct error code expected [true] but found [false]
at WrongCreatePostTest.createPostWithoutToken(WrongCreatePostTest.java:44)
at java.base/java.util.ArrayList.forEach(ArrayList.java:1511)
... Removed 39 stack frames]]>
    </failure>
  </testcase> <!-- createPostWithoutToken -->
  <testcase classname="SuccessAuthorizationTest" name="successAuthorizationTest" time="0.463"/>
  <testcase classname="WrongChangeUserInfoTest" name="withEmptyEmail" time="5.207"/>
  <testcase classname="WrongChangeUserInfoTest" name="withEmptyEmailName" time="0.192"/>
  <testcase classname="WrongChangeUserInfoTest" name="withEmptyName" time="0.204"/>
  <testcase classname="WrongChangeUserInfoTest" name="withWrongEmail" time="0.219">
    <failure type="java.lang.AssertionError" message="The following asserts failed:
	Wrong &amp;quot;success&amp;quot; expected [true] but found [false]">
      <![CDATA[java.lang.AssertionError: The following asserts failed:
Wrong "success" expected [true] but found [false]
at WrongChangeUserInfoTest.withWrongEmail(WrongChangeUserInfoTest.java:76)
at java.base/java.util.ArrayList.forEach(ArrayList.java:1511)
... Removed 39 stack frames]]>
    </failure>
  </testcase> <!-- withWrongEmail -->
  <testcase classname="WrongChangeUserInfoTest" name="withWrongName" time="0.196"/>
  <testcase classname="WrongChangeUserInfoTest" name="withoutAvatar" time="0.19"/>
  <testcase classname="WrongChangeUserInfoTest" name="withoutEmail" time="0.193"/>
  <testcase classname="WrongChangeUserInfoTest" name="withoutName" time="0.197"/>
  <testcase classname="WrongChangeUserInfoTest" name="withoutRole" time="5.201"/>
  <testcase classname="WrongChangeUserInfoTest" name="withoutToken" time="0.187">
    <failure type="java.lang.AssertionError" message="The following asserts failed:
	&amp;quot;codes&amp;quot; does not contain correct error code expected [true] but found [false]">
      <![CDATA[java.lang.AssertionError: The following asserts failed:
"codes" does not contain correct error code expected [true] but found [false]
at WrongChangeUserInfoTest.withoutToken(WrongChangeUserInfoTest.java:53)
at java.base/java.util.ArrayList.forEach(ArrayList.java:1511)
... Removed 39 stack frames]]>
    </failure>
  </testcase> <!-- withoutToken -->
  <testcase classname="GetFileTest" name="getFileTest" time="0.362"/>
  <testcase classname="CreatePostTest" name="createPostTest" time="0.37"/>
  <testcase classname="GetUserInfoTest" name="getUserInfoByIdTest" time="0.283"/>
  <testcase classname="GetUserInfoTest" name="getUsers" time="0.646"/>
  <testcase classname="WrongLoginTest" name="correctEmailWithoutPassword" time="0.192"/>
  <testcase classname="WrongLoginTest" name="emptyEmail" time="5.207"/>
  <testcase classname="WrongLoginTest" name="emptyEmailAndPassword" time="0.188">
    <failure type="java.lang.AssertionError" message="The following asserts failed:
	&amp;quot;codes&amp;quot; does not contain correct error code expected [true] but found [false]">
      <![CDATA[java.lang.AssertionError: The following asserts failed:
"codes" does not contain correct error code expected [true] but found [false]
at WrongLoginTest.emptyEmailAndPassword(WrongLoginTest.java:245)
at java.base/java.util.ArrayList.forEach(ArrayList.java:1511)
... Removed 39 stack frames]]>
    </failure>
  </testcase> <!-- emptyEmailAndPassword -->
  <testcase classname="WrongLoginTest" name="emptyPassword" time="0.3"/>
  <testcase classname="WrongLoginTest" name="incorrectEmail1" time="0.202">
    <failure type="java.lang.AssertionError" message="The following asserts failed:
	&amp;quot;codes&amp;quot; does not contain correct error code expected [true] but found [false]">
      <![CDATA[java.lang.AssertionError: The following asserts failed:
"codes" does not contain correct error code expected [true] but found [false]
at WrongLoginTest.incorrectEmail1(WrongLoginTest.java:49)
at java.base/java.util.ArrayList.forEach(ArrayList.java:1511)
... Removed 39 stack frames]]>
    </failure>
  </testcase> <!-- incorrectEmail1 -->
  <testcase classname="WrongLoginTest" name="incorrectEmail2" time="0.186">
    <failure type="java.lang.AssertionError" message="The following asserts failed:
	&amp;quot;codes&amp;quot; does not contain correct error code expected [true] but found [false]">
      <![CDATA[java.lang.AssertionError: The following asserts failed:
"codes" does not contain correct error code expected [true] but found [false]
at WrongLoginTest.incorrectEmail2(WrongLoginTest.java:73)
at java.base/java.util.ArrayList.forEach(ArrayList.java:1511)
... Removed 39 stack frames]]>
    </failure>
  </testcase> <!-- incorrectEmail2 -->
  <testcase classname="WrongLoginTest" name="incorrectEmail3" time="0.188">
    <failure type="java.lang.AssertionError" message="The following asserts failed:
	&amp;quot;codes&amp;quot; does not contain correct error code expected [true] but found [false]">
      <![CDATA[java.lang.AssertionError: The following asserts failed:
"codes" does not contain correct error code expected [true] but found [false]
at WrongLoginTest.incorrectEmail3(WrongLoginTest.java:98)
at java.base/java.util.ArrayList.forEach(ArrayList.java:1511)
... Removed 39 stack frames]]>
    </failure>
  </testcase> <!-- incorrectEmail3 -->
  <testcase classname="WrongLoginTest" name="incorrectEmail4" time="0.184">
    <failure type="java.lang.AssertionError" message="The following asserts failed:
	&amp;quot;codes&amp;quot; does not contain correct error code expected [true] but found [false]">
      <![CDATA[java.lang.AssertionError: The following asserts failed:
"codes" does not contain correct error code expected [true] but found [false]
at WrongLoginTest.incorrectEmail4(WrongLoginTest.java:124)
at java.base/java.util.ArrayList.forEach(ArrayList.java:1511)
... Removed 39 stack frames]]>
    </failure>
  </testcase> <!-- incorrectEmail4 -->
  <testcase classname="WrongLoginTest" name="incorrectEmail5" time="0.204">
    <failure type="java.lang.AssertionError" message="The following asserts failed:
	&amp;quot;codes&amp;quot; does not contain correct error code expected [true] but found [false]">
      <![CDATA[java.lang.AssertionError: The following asserts failed:
"codes" does not contain correct error code expected [true] but found [false]
at WrongLoginTest.incorrectEmail5(WrongLoginTest.java:148)
at java.base/java.util.ArrayList.forEach(ArrayList.java:1511)
... Removed 39 stack frames]]>
    </failure>
  </testcase> <!-- incorrectEmail5 -->
  <testcase classname="WrongLoginTest" name="userDoesNotExist" time="5.212"/>
  <testcase classname="WrongLoginTest" name="withoutEmail" time="0.188">
    <failure type="java.lang.AssertionError" message="The following asserts failed:
	&amp;quot;codes&amp;quot; does not contain correct error code expected [true] but found [false]">
      <![CDATA[java.lang.AssertionError: The following asserts failed:
"codes" does not contain correct error code expected [true] but found [false]
at WrongLoginTest.withoutEmail(WrongLoginTest.java:291)
at java.base/java.util.ArrayList.forEach(ArrayList.java:1511)
... Removed 39 stack frames]]>
    </failure>
  </testcase> <!-- withoutEmail -->
  <testcase classname="WrongLoginTest" name="withoutEmailAndPassword" time="0.185">
    <failure type="java.lang.AssertionError" message="The following asserts failed:
	&amp;quot;codes&amp;quot; does not contain correct error code expected [true] but found [false],
	&amp;quot;codes&amp;quot; does not contain correct error code expected [true] but found [false]">
      <![CDATA[java.lang.AssertionError: The following asserts failed:
"codes" does not contain correct error code expected [true] but found [false],
"codes" does not contain correct error code expected [true] but found [false]
at WrongLoginTest.withoutEmailAndPassword(WrongLoginTest.java:315)
at java.base/java.util.ArrayList.forEach(ArrayList.java:1511)
... Removed 39 stack frames]]>
    </failure>
  </testcase> <!-- withoutEmailAndPassword -->
  <testcase classname="AllNewsPageGetTest" name="allNewsPageGetTest" time="0.274"/>
  <testcase classname="DeletePostTest" name="deletePostTest" time="0.603"/>
  <testcase classname="GetPostTest" name="getPostTest" time="0.241"/>
  <testcase classname="GetPostTest" name="getUserPostTest" time="0.266"/>
  <testcase classname="WrongGetUserPostTest" name="getUserPostWithPageEqual0" time="5.198">
    <failure type="java.lang.AssertionError" message="The following asserts failed:
	Wrong &amp;quot;success&amp;quot; expected [true] but found [false]">
      <![CDATA[java.lang.AssertionError: The following asserts failed:
Wrong "success" expected [true] but found [false]
at WrongGetUserPostTest.getUserPostWithPageEqual0(WrongGetUserPostTest.java:109)
at java.base/java.util.ArrayList.forEach(ArrayList.java:1511)
... Removed 39 stack frames]]>
    </failure>
  </testcase> <!-- getUserPostWithPageEqual0 -->
  <testcase classname="WrongGetUserPostTest" name="getUserPostWithPerPageEqual0" time="0.195">
    <failure type="java.lang.AssertionError" message="The following asserts failed:
	Wrong &amp;quot;success&amp;quot; expected [true] but found [false]">
      <![CDATA[java.lang.AssertionError: The following asserts failed:
Wrong "success" expected [true] but found [false]
at WrongGetUserPostTest.getUserPostWithPerPageEqual0(WrongGetUserPostTest.java:138)
at java.base/java.util.ArrayList.forEach(ArrayList.java:1511)
... Removed 39 stack frames]]>
    </failure>
  </testcase> <!-- getUserPostWithPerPageEqual0 -->
  <testcase classname="WrongGetUserPostTest" name="getUserPostWithoutPage" time="0.201">
    <failure type="java.lang.AssertionError" message="The following asserts failed:
	&amp;quot;codes&amp;quot; does not contain correct error code expected [true] but found [false]">
      <![CDATA[java.lang.AssertionError: The following asserts failed:
"codes" does not contain correct error code expected [true] but found [false]
at WrongGetUserPostTest.getUserPostWithoutPage(WrongGetUserPostTest.java:35)
at java.base/java.util.ArrayList.forEach(ArrayList.java:1511)
... Removed 39 stack frames]]>
    </failure>
  </testcase> <!-- getUserPostWithoutPage -->
  <testcase classname="WrongGetUserPostTest" name="getUserPostWithoutPerPage" time="0.203">
    <failure type="java.lang.AssertionError" message="The following asserts failed:
	&amp;quot;codes&amp;quot; does not contain correct error code expected [true] but found [false]">
      <![CDATA[java.lang.AssertionError: The following asserts failed:
"codes" does not contain correct error code expected [true] but found [false]
at WrongGetUserPostTest.getUserPostWithoutPerPage(WrongGetUserPostTest.java:58)
at java.base/java.util.ArrayList.forEach(ArrayList.java:1511)
... Removed 39 stack frames]]>
    </failure>
  </testcase> <!-- getUserPostWithoutPerPage -->
  <testcase classname="WrongGetUserPostTest" name="getUserPostWithoutToken" time="0.213"/>
  <testcase classname="WrongGetFileTest" name="getFileWithoutFileNameTest" time="0.438"/>
  <testcase classname="WrongDeletePostTest" name="deletePostTestWithWrongId" time="0.389"/>
  <testcase classname="WrongDeletePostTest" name="deletePostTestWithoutToken" time="5.639"/>
  <testcase classname="WrongGetPostTest" name="getPostWithPageEqual0" time="0.201">
    <failure type="java.lang.AssertionError" message="The following asserts failed:
	Wrong &amp;quot;success&amp;quot; expected [true] but found [false]">
      <![CDATA[java.lang.AssertionError: The following asserts failed:
Wrong "success" expected [true] but found [false]
at WrongGetPostTest.getPostWithPageEqual0(WrongGetPostTest.java:88)
at java.base/java.util.ArrayList.forEach(ArrayList.java:1511)
... Removed 39 stack frames]]>
    </failure>
  </testcase> <!-- getPostWithPageEqual0 -->
  <testcase classname="WrongGetPostTest" name="getPostWithPerPageEqual0" time="0.202">
    <failure type="java.lang.AssertionError" message="The following asserts failed:
	Wrong &amp;quot;success&amp;quot; expected [true] but found [false]">
      <![CDATA[java.lang.AssertionError: The following asserts failed:
Wrong "success" expected [true] but found [false]
at WrongGetPostTest.getPostWithPerPageEqual0(WrongGetPostTest.java:118)
at java.base/java.util.ArrayList.forEach(ArrayList.java:1511)
... Removed 39 stack frames]]>
    </failure>
  </testcase> <!-- getPostWithPerPageEqual0 -->
  <testcase classname="WrongGetPostTest" name="getPostWithoutPage" time="0.229">
    <failure type="java.lang.AssertionError" message="The following asserts failed:
	&amp;quot;codes&amp;quot; does not contain correct error code expected [true] but found [false]">
      <![CDATA[java.lang.AssertionError: The following asserts failed:
"codes" does not contain correct error code expected [true] but found [false]
at WrongGetPostTest.getPostWithoutPage(WrongGetPostTest.java:37)
at java.base/java.util.ArrayList.forEach(ArrayList.java:1511)
... Removed 39 stack frames]]>
    </failure>
  </testcase> <!-- getPostWithoutPage -->
  <testcase classname="WrongGetPostTest" name="getPostWithoutPerPage" time="0.21">
    <failure type="java.lang.AssertionError" message="The following asserts failed:
	&amp;quot;codes&amp;quot; does not contain correct error code expected [true] but found [false]">
      <![CDATA[java.lang.AssertionError: The following asserts failed:
"codes" does not contain correct error code expected [true] but found [false]
at WrongGetPostTest.getPostWithoutPerPage(WrongGetPostTest.java:60)
at java.base/java.util.ArrayList.forEach(ArrayList.java:1511)
... Removed 39 stack frames]]>
    </failure>
  </testcase> <!-- getPostWithoutPerPage -->
  <testcase classname="WrongRegistrationTest" name="regWithEmptyAllFields" time="0.197"/>
  <testcase classname="WrongRegistrationTest" name="regWithEmptyEmail" time="0.197"/>
  <testcase classname="WrongRegistrationTest" name="regWithEmptyName" time="0.19"/>
  <testcase classname="WrongRegistrationTest" name="regWithEmptyPassword" time="0.291">
    <failure type="java.lang.AssertionError" message="1 expectation failed.
Expected status code &amp;lt;400&amp;gt; but was &amp;lt;200&amp;gt;.
">
      <![CDATA[java.lang.AssertionError: 1 expectation failed.
Expected status code <400> but was <200>.

at org.codehaus.groovy.runtime.callsite.ConstructorSite$ConstructorSiteNoUnwrapNoCoerce.callConstructor(ConstructorSite.java:105)
at org.codehaus.groovy.runtime.callsite.CallSiteArray.defaultCallConstructor(CallSiteArray.java:59)
at org.codehaus.groovy.runtime.callsite.AbstractCallSite.callConstructor(AbstractCallSite.java:263)
at org.codehaus.groovy.runtime.callsite.AbstractCallSite.callConstructor(AbstractCallSite.java:277)
at io.restassured.internal.ResponseSpecificationImpl$HamcrestAssertionClosure.validate(ResponseSpecificationImpl.groovy:493)
at io.restassured.internal.ResponseSpecificationImpl$HamcrestAssertionClosure$validate$1.call(Unknown Source)
at io.restassured.internal.ResponseSpecificationImpl.validate(ResponseSpecificationImpl.groovy:92)
at io.restassured.internal.ValidatableResponseOptionsImpl.spec(ValidatableResponseOptionsImpl.java:288)
at io.restassured.internal.ValidatableResponseImpl.super$2$spec(ValidatableResponseImpl.groovy)
at groovy.lang.MetaMethod.doMethodInvoke(MetaMethod.java:323)
at groovy.lang.MetaClassImpl.invokeMethod(MetaClassImpl.java:1268)
at org.codehaus.groovy.runtime.ScriptBytecodeAdapter.invokeMethodOnSuperN(ScriptBytecodeAdapter.java:144)
at io.restassured.internal.ValidatableResponseImpl.spec(ValidatableResponseImpl.groovy:76)
at io.restassured.internal.ValidatableResponseImpl.spec(ValidatableResponseImpl.groovy)
at Methods.wrongRegistration(Methods.java:47)
at WrongRegistrationTest.regWithEmptyPassword(WrongRegistrationTest.java:173)
at java.base/java.util.ArrayList.forEach(ArrayList.java:1511)
... Removed 47 stack frames]]>
    </failure>
  </testcase> <!-- regWithEmptyPassword -->
  <testcase classname="WrongRegistrationTest" name="regWithEmptyRole" time="0.185"/>
  <testcase classname="WrongRegistrationTest" name="regWithExistingEmail" time="0.168">
    <failure type="java.lang.AssertionError" message="1 expectation failed.
Expected status code &amp;lt;200&amp;gt; but was &amp;lt;400&amp;gt;.
">
      <![CDATA[java.lang.AssertionError: 1 expectation failed.
Expected status code <200> but was <400>.

at org.codehaus.groovy.runtime.callsite.ConstructorSite$ConstructorSiteNoUnwrapNoCoerce.callConstructor(ConstructorSite.java:105)
at org.codehaus.groovy.runtime.callsite.AbstractCallSite.callConstructor(AbstractCallSite.java:277)
at io.restassured.internal.ResponseSpecificationImpl$HamcrestAssertionClosure.validate(ResponseSpecificationImpl.groovy:493)
at io.restassured.internal.ResponseSpecificationImpl$HamcrestAssertionClosure$validate$1.call(Unknown Source)
at io.restassured.internal.ResponseSpecificationImpl.validate(ResponseSpecificationImpl.groovy:92)
at io.restassured.internal.ValidatableResponseOptionsImpl.spec(ValidatableResponseOptionsImpl.java:288)
at io.restassured.internal.ValidatableResponseImpl.super$2$spec(ValidatableResponseImpl.groovy)
at groovy.lang.MetaMethod.doMethodInvoke(MetaMethod.java:323)
at groovy.lang.MetaClassImpl.invokeMethod(MetaClassImpl.java:1268)
at org.codehaus.groovy.runtime.ScriptBytecodeAdapter.invokeMethodOnSuperN(ScriptBytecodeAdapter.java:144)
at io.restassured.internal.ValidatableResponseImpl.spec(ValidatableResponseImpl.groovy:76)
at io.restassured.internal.ValidatableResponseImpl.spec(ValidatableResponseImpl.groovy)
at Methods.registration(Methods.java:36)
at WrongRegistrationTest.regWithExistingEmail(WrongRegistrationTest.java:245)
at java.base/java.util.ArrayList.forEach(ArrayList.java:1511)
... Removed 47 stack frames]]>
    </failure>
  </testcase> <!-- regWithExistingEmail -->
  <testcase classname="WrongRegistrationTest" name="regWithNullAllFields" time="0.182"/>
  <testcase classname="WrongRegistrationTest" name="regWithWrongName" time="0.195"/>
  <testcase classname="WrongRegistrationTest" name="regWithWrongRole" time="0.186"/>
  <testcase classname="WrongRegistrationTest" name="regWithoutAvatar" time="0.185"/>
  <testcase classname="WrongRegistrationTest" name="regWithoutEmail" time="0.186">
    <failure type="java.lang.AssertionError" message="The following asserts failed:
	&amp;quot;codes&amp;quot; does not contain correct error code expected [true] but found [false]">
      <![CDATA[java.lang.AssertionError: The following asserts failed:
"codes" does not contain correct error code expected [true] but found [false]
at WrongRegistrationTest.regWithoutEmail(WrongRegistrationTest.java:127)
at java.base/java.util.ArrayList.forEach(ArrayList.java:1511)
... Removed 39 stack frames]]>
    </failure>
  </testcase> <!-- regWithoutEmail -->
  <testcase classname="WrongRegistrationTest" name="regWithoutName" time="0.183"/>
  <testcase classname="WrongRegistrationTest" name="regWithoutPassword" time="0.185"/>
  <testcase classname="WrongRegistrationTest" name="regWithoutRole" time="0.183">
    <failure type="java.lang.AssertionError" message="The following asserts failed:
	&amp;quot;codes&amp;quot; does not contain correct error code expected [true] but found [false]">
      <![CDATA[java.lang.AssertionError: The following asserts failed:
"codes" does not contain correct error code expected [true] but found [false]
at WrongRegistrationTest.regWithoutRole(WrongRegistrationTest.java:235)
at java.base/java.util.ArrayList.forEach(ArrayList.java:1511)
... Removed 39 stack frames]]>
    </failure>
  </testcase> <!-- regWithoutRole -->
  <testcase classname="WrongUploadFileTest" name="uploadFileWithNonFormDataTest" time="0.189"/>
  <testcase classname="UploadFileTest" name="uploadFileTest" time="0.185"/>
  <testcase classname="DeleteUserTest" name="deleteUser" time="0.505"/>
  <testcase classname="DeleteUserTest" name="deleteWithEmptyToken" time="5.662"/>
  <testcase classname="DeleteUserTest" name="deleteWithoutToken" time="0.82"/>
  <testcase classname="WrongGetUserInfoTest" name="withWrongUserId" time="0.201"/>
  <testcase classname="ChangePostTest" name="changePostTest" time="0.947"/>
  <testcase classname="GetPostTest" name="getPostTest" time="0.237"/>
  <testcase classname="GetPostTest" name="getUserPostTest" time="0.231"/>
  <testcase classname="WrongGetSpecificPostTest" name="getPostWithoutPageTest" time="5.266">
    <failure type="java.lang.AssertionError" message="The following asserts failed:
	&amp;quot;codes&amp;quot; does not contain correct error code expected [true] but found [false]">
      <![CDATA[java.lang.AssertionError: The following asserts failed:
"codes" does not contain correct error code expected [true] but found [false]
at WrongGetSpecificPostTest.getPostWithoutPageTest(WrongGetSpecificPostTest.java:38)
at java.base/java.util.ArrayList.forEach(ArrayList.java:1511)
... Removed 39 stack frames]]>
    </failure>
  </testcase> <!-- getPostWithoutPageTest -->
  <testcase classname="WrongGetSpecificPostTest" name="getPostWithoutPerPageTest" time="0.191">
    <failure type="java.lang.AssertionError" message="The following asserts failed:
	&amp;quot;codes&amp;quot; does not contain correct error code expected [true] but found [false],
	&amp;quot;codes&amp;quot; does not contain correct error code expected [true] but found [false]">
      <![CDATA[java.lang.AssertionError: The following asserts failed:
"codes" does not contain correct error code expected [true] but found [false],
"codes" does not contain correct error code expected [true] but found [false]
at WrongGetSpecificPostTest.getPostWithoutPerPageTest(WrongGetSpecificPostTest.java:63)
at java.base/java.util.ArrayList.forEach(ArrayList.java:1511)
... Removed 39 stack frames]]>
    </failure>
  </testcase> <!-- getPostWithoutPerPageTest -->
  <testcase classname="GetPostTest" name="getPostTest" time="0.232"/>
  <testcase classname="GetPostTest" name="getUserPostTest" time="0.236"/>
  <testcase classname="SuccessRegistrationTest" name="registrationTest" time="0.485"/>
  <testcase classname="ChangeUserInfoTest" name="changeUserInfoSuccess" time="0.208"/>
  <testcase classname="WrongChangePostTest" name="wrongChangePostTestWithEmptyDescription" time="0.534"/>
  <testcase classname="WrongChangePostTest" name="wrongChangePostTestWithEmptyTags" time="5.551"/>
  <testcase classname="WrongChangePostTest" name="wrongChangePostTestWithEmptyTitle" time="0.888"/>
  <testcase classname="WrongChangePostTest" name="wrongChangePostTestWithWrongId" time="0.366"/>
  <testcase classname="WrongChangePostTest" name="wrongChangePostTestWithoutDescription" time="0.586"/>
  <testcase classname="WrongChangePostTest" name="wrongChangePostTestWithoutImage" time="0.569"/>
  <testcase classname="WrongChangePostTest" name="wrongChangePostTestWithoutTitle" time="5.551"/>
  <testcase classname="WrongChangePostTest" name="wrongChangePostTestWithoutToken" time="0.753"/>
</testsuite> <!-- Command line test -->
