<!DOCTYPE html PUBLIC "-//W3C//DTD XHTML 1.1//EN" "https://www.w3.org/TR/xhtml11/DTD/xhtml11.dtd">
<html xmlns="https://www.w3.org/1999/xhtml">
<head>
<meta http-equiv="content-type" content="text/html; charset=UTF-8"/>
<title>TestNG Report</title>
<style type="text/css">table {margin-bottom:10px;border-collapse:collapse;empty-cells:show}th,td {border:1px solid #009;padding:.25em .5em}th {vertical-align:bottom}td {vertical-align:top}table a {font-weight:bold}.stripe td {background-color: #E6EBF9}.num {text-align:right}.passedodd td {background-color: #3F3}.passedeven td {background-color: #0A0}.skippedodd td {background-color: #DDD}.skippedeven td {background-color: #CCC}.failedodd td,.attn {background-color: #F33}.failedeven td,.stripe .attn {background-color: #D00}.stacktrace {white-space:pre;font-family:monospace}.totop {font-size:85%;text-align:center;border-bottom:2px solid #000}.invisible {display:none}</style>
</head>
<body>
<table>
<tr><th>Test</th><th># Passed</th><th># Skipped</th><th># Retried</th><th># Failed</th><th>Time (ms)</th><th>Included Groups</th><th>Excluded Groups</th></tr>
<tr><th colspan="8">Command line suite</th></tr>
<tr><td><a href="#t0">Command line test</a></td><td class="num">17</td><td class="num attn">13</td><td class="num">0</td><td class="num attn">35</td><td class="num">13Â 758</td><td></td><td></td></tr>
</table>
<table id='summary'><thead><tr><th>Class</th><th>Method</th><th>Start</th><th>Time (ms)</th></tr></thead><tbody><tr><th colspan="4">Command line suite</th></tr></tbody><tbody id="t0"><tr><th colspan="4">Command line test &#8212; failed (configuration methods)</th></tr><tr class="failedeven"><td rowspan="1">WrongGetSpecificPostTest</td><td><a href="#m0">createPost</a></td><td rowspan="1">1640612820617</td><td rowspan="1">0</td></tr><tr class="failedodd"><td rowspan="1">WrongGetUserPostTest</td><td><a href="#m1">createPost</a></td><td rowspan="1">1640612813033</td><td rowspan="1">3</td></tr><tr><th colspan="4">Command line test &#8212; failed</th></tr><tr class="failedeven"><td rowspan="1">ChangePostTest</td><td><a href="#m2">changePostTest</a></td><td rowspan="1">1640612820615</td><td rowspan="1">1</td></tr><tr class="failedodd"><td rowspan="1">ChangeUserInfoTest</td><td><a href="#m3">changeUserInfoSuccess</a></td><td rowspan="1">1640612821020</td><td rowspan="1">1</td></tr><tr class="failedeven"><td rowspan="1">CreatePostTest</td><td><a href="#m4">createPostTest</a></td><td rowspan="1">1640612807751</td><td rowspan="1">234</td></tr><tr class="failedodd"><td rowspan="1">DeletePostTest</td><td><a href="#m5">deletePostTest</a></td><td rowspan="1">1640612813031</td><td rowspan="1">1</td></tr><tr class="failedeven"><td rowspan="2">GetUserInfoTest</td><td><a href="#m6">getUserInfoByIdTest</a></td><td rowspan="1">1640612807987</td><td rowspan="1">1</td></tr><tr class="failedeven"><td><a href="#m7">getUsers</a></td><td rowspan="1">1640612807989</td><td rowspan="1">0</td></tr><tr class="failedodd"><td rowspan="1">SuccessAuthorizationTest</td><td><a href="#m8">successAuthorizationTest</a></td><td rowspan="1">1640612807315</td><td rowspan="1">4</td></tr><tr class="failedeven"><td rowspan="8">WrongChangePostTest</td><td><a href="#m9">wrongChangePostTestWithEmptyDescription</a></td><td rowspan="1">1640612821022</td><td rowspan="1">0</td></tr><tr class="failedeven"><td><a href="#m10">wrongChangePostTestWithEmptyTags</a></td><td rowspan="1">1640612821023</td><td rowspan="1">3</td></tr><tr class="failedeven"><td><a href="#m11">wrongChangePostTestWithEmptyTitle</a></td><td rowspan="1">1640612821027</td><td rowspan="1">0</td></tr><tr class="failedeven"><td><a href="#m12">wrongChangePostTestWithWrongId</a></td><td rowspan="1">1640612821028</td><td rowspan="1">1</td></tr><tr class="failedeven"><td><a href="#m13">wrongChangePostTestWithoutDescription</a></td><td rowspan="1">1640612821029</td><td rowspan="1">1</td></tr><tr class="failedeven"><td><a href="#m14">wrongChangePostTestWithoutImage</a></td><td rowspan="1">1640612821030</td><td rowspan="1">1</td></tr><tr class="failedeven"><td><a href="#m15">wrongChangePostTestWithoutTitle</a></td><td rowspan="1">1640612821032</td><td rowspan="1">0</td></tr><tr class="failedeven"><td><a href="#m16">wrongChangePostTestWithoutToken</a></td><td rowspan="1">1640612821033</td><td rowspan="1">0</td></tr><tr class="failedodd"><td rowspan="2">WrongDeletePostTest</td><td><a href="#m17">deletePostTestWithWrongId</a></td><td rowspan="1">1640612813514</td><td rowspan="1">0</td></tr><tr class="failedodd"><td><a href="#m18">deletePostTestWithoutToken</a></td><td rowspan="1">1640612813515</td><td rowspan="1">0</td></tr><tr class="failedeven"><td rowspan="4">WrongGetPostTest</td><td><a href="#m19">getPostWithPageEqual0</a></td><td rowspan="1">1640612813516</td><td rowspan="1">207</td></tr><tr class="failedeven"><td><a href="#m20">getPostWithPerPageEqual0</a></td><td rowspan="1">1640612813724</td><td rowspan="1">208</td></tr><tr class="failedeven"><td><a href="#m21">getPostWithoutPage</a></td><td rowspan="1">1640612813932</td><td rowspan="1">196</td></tr><tr class="failedeven"><td><a href="#m22">getPostWithoutPerPage</a></td><td rowspan="1">1640612814129</td><td rowspan="1">212</td></tr><tr class="failedodd"><td rowspan="12">WrongLoginTest</td><td><a href="#m23">WithoutEmail</a></td><td rowspan="1">1640612807992</td><td rowspan="1">1977</td></tr><tr class="failedodd"><td><a href="#m24">correctEmailWithoutPassword</a></td><td rowspan="1">1640612809996</td><td rowspan="1">288</td></tr><tr class="failedodd"><td><a href="#m25">emptyEmail</a></td><td rowspan="1">1640612810305</td><td rowspan="1">228</td></tr><tr class="failedodd"><td><a href="#m26">emptyEmailAndPassword</a></td><td rowspan="1">1640612810535</td><td rowspan="1">254</td></tr><tr class="failedodd"><td><a href="#m27">emptyPassword</a></td><td rowspan="1">1640612810791</td><td rowspan="1">215</td></tr><tr class="failedodd"><td><a href="#m28">incorrectEmail1</a></td><td rowspan="1">1640612811009</td><td rowspan="1">214</td></tr><tr class="failedodd"><td><a href="#m29">incorrectEmail2</a></td><td rowspan="1">1640612811225</td><td rowspan="1">251</td></tr><tr class="failedodd"><td><a href="#m30">incorrectEmail3</a></td><td rowspan="1">1640612811479</td><td rowspan="1">294</td></tr><tr class="failedodd"><td><a href="#m31">incorrectEmail4</a></td><td rowspan="1">1640612811780</td><td rowspan="1">225</td></tr><tr class="failedodd"><td><a href="#m32">incorrectEmail5</a></td><td rowspan="1">1640612812008</td><td rowspan="1">200</td></tr><tr class="failedodd"><td><a href="#m33">userDoesNotExist</a></td><td rowspan="1">1640612812209</td><td rowspan="1">219</td></tr><tr class="failedodd"><td><a href="#m34">withoutEmailAndPassword</a></td><td rowspan="1">1640612812429</td><td rowspan="1">211</td></tr><tr class="failedeven"><td rowspan="2">WrongRegistrationTest</td><td><a href="#m35">regWithoutPassword</a></td><td rowspan="1">1640612816382</td><td rowspan="1">200</td></tr><tr class="failedeven"><td><a href="#m36">regWithoutRole</a></td><td rowspan="1">1640612816583</td><td rowspan="1">557</td></tr><tr><th colspan="4">Command line test &#8212; skipped (configuration methods)</th></tr><tr class="skippedeven"><td rowspan="2">GetPostTest</td><td><a href="#m37">createPost</a></td><td rowspan="2">1640612820619</td><td rowspan="2">-1640612820619</td></tr><tr class="skippedeven"><td><a href="#m38">createPost</a></td></tr><tr class="skippedodd"><td rowspan="3">WrongGetSpecificPostTest</td><td><a href="#m39">createPost</a></td><td rowspan="3">1640612820619</td><td rowspan="3">-1640612820619</td></tr><tr class="skippedodd"><td><a href="#m40">createPost</a></td></tr><tr class="skippedodd"><td><a href="#m41">createPost</a></td></tr><tr class="skippedeven"><td rowspan="6">WrongGetUserPostTest</td><td><a href="#m42">createPost</a></td><td rowspan="6">1640612813042</td><td rowspan="6">-1640612813042</td></tr><tr class="skippedeven"><td><a href="#m43">createPost</a></td></tr><tr class="skippedeven"><td><a href="#m44">createPost</a></td></tr><tr class="skippedeven"><td><a href="#m45">createPost</a></td></tr><tr class="skippedeven"><td><a href="#m46">createPost</a></td></tr><tr class="skippedeven"><td><a href="#m47">createPost</a></td></tr><tr><th colspan="4">Command line test &#8212; skipped</th></tr><tr class="skippedeven"><td rowspan="2">GetPostTest</td><td><a href="#m48">getPostTest</a></td><td rowspan="1">1640612820620</td><td rowspan="1">0</td></tr><tr class="skippedeven"><td><a href="#m49">getUserPostTest</a></td><td rowspan="1">1640612820620</td><td rowspan="1">0</td></tr><tr class="skippedodd"><td rowspan="4">WrongGetSpecificPostTest</td><td><a href="#m50">getPostTest</a></td><td rowspan="1">1640612820617</td><td rowspan="1">0</td></tr><tr class="skippedodd"><td><a href="#m51">getPostWithoutPageTest</a></td><td rowspan="1">1640612820618</td><td rowspan="1">0</td></tr><tr class="skippedodd"><td><a href="#m52">getPostWithoutPerPageTest</a></td><td rowspan="1">1640612820619</td><td rowspan="1">0</td></tr><tr class="skippedodd"><td><a href="#m53">getUserPostTest</a></td><td rowspan="1">1640612820618</td><td rowspan="1">0</td></tr><tr class="skippedeven"><td rowspan="7">WrongGetUserPostTest</td><td><a href="#m54">getPostTest</a></td><td rowspan="1">1640612813040</td><td rowspan="1">0</td></tr><tr class="skippedeven"><td><a href="#m55">getUserPostTest</a></td><td rowspan="1">1640612813041</td><td rowspan="1">0</td></tr><tr class="skippedeven"><td><a href="#m56">getUserPostWithPageEqual0</a></td><td rowspan="1">1640612813042</td><td rowspan="1">0</td></tr><tr class="skippedeven"><td><a href="#m57">getUserPostWithPerPageEqual0</a></td><td rowspan="1">1640612813042</td><td rowspan="1">0</td></tr><tr class="skippedeven"><td><a href="#m58">getUserPostWithoutPage</a></td><td rowspan="1">1640612813043</td><td rowspan="1">0</td></tr><tr class="skippedeven"><td><a href="#m59">getUserPostWithoutPerPage</a></td><td rowspan="1">1640612813045</td><td rowspan="1">0</td></tr><tr class="skippedeven"><td><a href="#m60">getUserPostWithoutToken</a></td><td rowspan="1">1640612813045</td><td rowspan="1">0</td></tr><tr><th colspan="4">Command line test &#8212; passed</th></tr><tr class="passedeven"><td rowspan="1">AllNewsPageGetTest</td><td><a href="#m61">allNewsPageGetTest</a></td><td rowspan="1">1640612812643</td><td rowspan="1">387</td></tr><tr class="passedodd"><td rowspan="3">DeleteUserTest</td><td><a href="#m62">deleteUser</a></td><td rowspan="1">1640612818574</td><td rowspan="1">515</td></tr><tr class="passedodd"><td><a href="#m63">deleteWithEmptyToken</a></td><td rowspan="1">1640612819089</td><td rowspan="1">677</td></tr><tr class="passedodd"><td><a href="#m64">deleteWithoutToken</a></td><td rowspan="1">1640612819767</td><td rowspan="1">645</td></tr><tr class="passedeven"><td rowspan="1">GetFileTest</td><td><a href="#m65">getFileTest</a></td><td rowspan="1">1640612807324</td><td rowspan="1">426</td></tr><tr class="passedodd"><td rowspan="1">SuccessRegistrationTest</td><td><a href="#m66">registrationTest</a></td><td rowspan="1">1640612820621</td><td rowspan="1">399</td></tr><tr class="passedeven"><td rowspan="1">UploadFileTest</td><td><a href="#m67">uploadFileTest</a></td><td rowspan="1">1640612818351</td><td rowspan="1">223</td></tr><tr class="passedodd"><td rowspan="1">WrongGetFileTest</td><td><a href="#m68">getFileWithoutFileNameTest</a></td><td rowspan="1">1640612813045</td><td rowspan="1">468</td></tr><tr class="passedeven"><td rowspan="1">WrongGetUserInfoTest</td><td><a href="#m69">withWrongUserId</a></td><td rowspan="1">1640612820413</td><td rowspan="1">202</td></tr><tr class="passedodd"><td rowspan="7">WrongRegistrationTest</td><td><a href="#m70">regWithEmptyAllFields</a></td><td rowspan="1">1640612814346</td><td rowspan="1">509</td></tr><tr class="passedodd"><td><a href="#m71">regWithExistingEmail</a></td><td rowspan="1">1640612814856</td><td rowspan="1">513</td></tr><tr class="passedodd"><td><a href="#m72">regWithNullAllFields</a></td><td rowspan="1">1640612815369</td><td rowspan="1">206</td></tr><tr class="passedodd"><td><a href="#m73">regWithWrongName</a></td><td rowspan="1">1640612815575</td><td rowspan="1">204</td></tr><tr class="passedodd"><td><a href="#m74">regWithWrongRole</a></td><td rowspan="1">1640612815780</td><td rowspan="1">203</td></tr><tr class="passedodd"><td><a href="#m75">regWithoutEmail</a></td><td rowspan="1">1640612815984</td><td rowspan="1">198</td></tr><tr class="passedodd"><td><a href="#m76">regWithoutName</a></td><td rowspan="1">1640612816182</td><td rowspan="1">199</td></tr><tr class="passedeven"><td rowspan="1">WrongUploadFileTest</td><td><a href="#m77">uploadFileWithNonFormDataTest</a></td><td rowspan="1">1640612817141</td><td rowspan="1">1210</td></tr></tbody>
</table>
<h2>Command line test</h2><h3 id="m0">WrongGetSpecificPostTest#createPost</h3><table class="result"><tr><th>Exception</th></tr><tr><td><div class="stacktrace">java.lang.NullPointerException: Cannot invoke &quot;io.restassured.response.Response.jsonPath()&quot; because &quot;this.response&quot; is null
	at GetPostTest.createPost(GetPostTest.java:21)
	at java.base/java.util.ArrayList.forEach(ArrayList.java:1511)
... Removed 41 stack frames</div></td></tr></table><p class="totop"><a href="#summary">back to summary</a></p>
<h3 id="m1">WrongGetUserPostTest#createPost</h3><table class="result"><tr><th>Exception</th></tr><tr><td><div class="stacktrace">java.lang.NullPointerException: Cannot invoke &quot;io.restassured.response.Response.jsonPath()&quot; because &quot;this.response&quot; is null
	at GetPostTest.createPost(GetPostTest.java:21)
	at java.base/java.util.ArrayList.forEach(ArrayList.java:1511)
... Removed 41 stack frames</div></td></tr></table><p class="totop"><a href="#summary">back to summary</a></p>
<h3 id="m2">ChangePostTest#changePostTest</h3><table class="result"><tr><th>Exception</th></tr><tr><td><div class="stacktrace">java.lang.IllegalArgumentException: Header value cannot be null
	at org.codehaus.groovy.runtime.callsite.ConstructorSite$ConstructorSiteNoUnwrap.callConstructor(ConstructorSite.java:84)
	at org.codehaus.groovy.runtime.callsite.AbstractCallSite.callConstructor(AbstractCallSite.java:277)
	at io.restassured.internal.common.assertion.AssertParameter.notNull(AssertParameter.groovy:26)
	at io.restassured.internal.common.assertion.AssertParameter$notNull.callStatic(Unknown Source)
	at org.codehaus.groovy.runtime.callsite.CallSiteArray.defaultCallStatic(CallSiteArray.java:55)
	at io.restassured.internal.common.assertion.AssertParameter$notNull.callStatic(Unknown Source)
	at io.restassured.internal.RequestSpecificationImpl.header(RequestSpecificationImpl.groovy:843)
	at Methods.createPost(Methods.java:106)
	at ChangePostTest.changePostTest(ChangePostTest.java:19)
	at java.base/java.util.ArrayList.forEach(ArrayList.java:1511)
... Removed 44 stack frames</div></td></tr></table><p class="totop"><a href="#summary">back to summary</a></p>
<h3 id="m3">ChangeUserInfoTest#changeUserInfoSuccess</h3><table class="result"><tr><th>Exception</th></tr><tr><td><div class="stacktrace">java.lang.NullPointerException: Cannot invoke &quot;io.restassured.response.Response.jsonPath()&quot; because &quot;this.response&quot; is null
	at ChangeUserInfoTest.changeUserInfoSuccess(ChangeUserInfoTest.java:12)
	at java.base/java.util.ArrayList.forEach(ArrayList.java:1511)
... Removed 37 stack frames</div></td></tr></table><p class="totop"><a href="#summary">back to summary</a></p>
<h3 id="m4">CreatePostTest#createPostTest</h3><table class="result"><tr><th>Exception</th></tr><tr><td><div class="stacktrace">java.lang.IllegalArgumentException: Header value cannot be null
	at org.codehaus.groovy.runtime.callsite.ConstructorSite$ConstructorSiteNoUnwrap.callConstructor(ConstructorSite.java:84)
	at org.codehaus.groovy.runtime.callsite.CallSiteArray.defaultCallConstructor(CallSiteArray.java:59)
	at org.codehaus.groovy.runtime.callsite.AbstractCallSite.callConstructor(AbstractCallSite.java:263)
	at org.codehaus.groovy.runtime.callsite.AbstractCallSite.callConstructor(AbstractCallSite.java:277)
	at io.restassured.internal.common.assertion.AssertParameter.notNull(AssertParameter.groovy:26)
	at io.restassured.internal.common.assertion.AssertParameter$notNull.callStatic(Unknown Source)
	at org.codehaus.groovy.runtime.callsite.CallSiteArray.defaultCallStatic(CallSiteArray.java:55)
	at io.restassured.internal.common.assertion.AssertParameter$notNull.callStatic(Unknown Source)
	at io.restassured.internal.RequestSpecificationImpl.header(RequestSpecificationImpl.groovy:843)
	at Methods.createPost(Methods.java:106)
	at CreatePostTest.createPostTest(CreatePostTest.java:17)
	at java.base/java.util.ArrayList.forEach(ArrayList.java:1511)
... Removed 44 stack frames</div></td></tr></table><p class="totop"><a href="#summary">back to summary</a></p>
<h3 id="m5">DeletePostTest#deletePostTest</h3><table class="result"><tr><th>Exception</th></tr><tr><td><div class="stacktrace">java.lang.IllegalArgumentException: Header value cannot be null
	at org.codehaus.groovy.runtime.callsite.ConstructorSite$ConstructorSiteNoUnwrap.callConstructor(ConstructorSite.java:84)
	at org.codehaus.groovy.runtime.callsite.AbstractCallSite.callConstructor(AbstractCallSite.java:277)
	at io.restassured.internal.common.assertion.AssertParameter.notNull(AssertParameter.groovy:26)
	at io.restassured.internal.common.assertion.AssertParameter$notNull.callStatic(Unknown Source)
	at org.codehaus.groovy.runtime.callsite.CallSiteArray.defaultCallStatic(CallSiteArray.java:55)
	at io.restassured.internal.common.assertion.AssertParameter$notNull.callStatic(Unknown Source)
	at io.restassured.internal.RequestSpecificationImpl.header(RequestSpecificationImpl.groovy:843)
	at Methods.createPost(Methods.java:106)
	at DeletePostTest.deletePostTest(DeletePostTest.java:18)
	at java.base/java.util.ArrayList.forEach(ArrayList.java:1511)
... Removed 44 stack frames</div></td></tr></table><p class="totop"><a href="#summary">back to summary</a></p>
<h3 id="m6">GetUserInfoTest#getUserInfoByIdTest</h3><table class="result"><tr><th>Exception</th></tr><tr><td><div class="stacktrace">java.lang.NullPointerException: Cannot invoke &quot;io.restassured.response.Response.jsonPath()&quot; because &quot;this.response&quot; is null
	at GetUserInfoTest.getUserInfoByIdTest(GetUserInfoTest.java:12)
	at java.base/java.util.ArrayList.forEach(ArrayList.java:1511)
... Removed 37 stack frames</div></td></tr></table><p class="totop"><a href="#summary">back to summary</a></p>
<h3 id="m7">GetUserInfoTest#getUsers</h3><table class="result"><tr><th>Exception</th></tr><tr><td><div class="stacktrace">java.lang.IllegalArgumentException: Header value cannot be null
	at org.codehaus.groovy.runtime.callsite.ConstructorSite$ConstructorSiteNoUnwrap.callConstructor(ConstructorSite.java:84)
	at org.codehaus.groovy.runtime.callsite.AbstractCallSite.callConstructor(AbstractCallSite.java:277)
	at io.restassured.internal.common.assertion.AssertParameter.notNull(AssertParameter.groovy:26)
	at io.restassured.internal.common.assertion.AssertParameter$notNull.callStatic(Unknown Source)
	at io.restassured.internal.RequestSpecificationImpl.header(RequestSpecificationImpl.groovy:843)
	at GetUserInfoTest.getUsers(GetUserInfoTest.java:44)
	at java.base/java.util.ArrayList.forEach(ArrayList.java:1511)
... Removed 44 stack frames</div></td></tr></table><p class="totop"><a href="#summary">back to summary</a></p>
<h3 id="m8">SuccessAuthorizationTest#successAuthorizationTest</h3><table class="result"><tr><th>Exception</th></tr><tr><td><div class="stacktrace">java.lang.NullPointerException: Cannot invoke &quot;io.restassured.response.Response.jsonPath()&quot; because &quot;this.response&quot; is null
	at SuccessAuthorizationTest.successAuthorizationTest(SuccessAuthorizationTest.java:11)
	at java.base/java.util.ArrayList.forEach(ArrayList.java:1511)
... Removed 37 stack frames</div></td></tr></table><p class="totop"><a href="#summary">back to summary</a></p>
<h3 id="m9">WrongChangePostTest#wrongChangePostTestWithEmptyDescription</h3><table class="result"><tr><th>Exception</th></tr><tr><td><div class="stacktrace">java.lang.IllegalArgumentException: Header value cannot be null
	at org.codehaus.groovy.runtime.callsite.ConstructorSite$ConstructorSiteNoUnwrap.callConstructor(ConstructorSite.java:84)
	at org.codehaus.groovy.runtime.callsite.AbstractCallSite.callConstructor(AbstractCallSite.java:277)
	at io.restassured.internal.common.assertion.AssertParameter.notNull(AssertParameter.groovy:26)
	at io.restassured.internal.common.assertion.AssertParameter$notNull.callStatic(Unknown Source)
	at org.codehaus.groovy.runtime.callsite.CallSiteArray.defaultCallStatic(CallSiteArray.java:55)
	at io.restassured.internal.common.assertion.AssertParameter$notNull.callStatic(Unknown Source)
	at io.restassured.internal.RequestSpecificationImpl.header(RequestSpecificationImpl.groovy:843)
	at Methods.createPost(Methods.java:106)
	at WrongChangePostTest.wrongChangePostTestWithEmptyDescription(WrongChangePostTest.java:130)
	at java.base/java.util.ArrayList.forEach(ArrayList.java:1511)
... Removed 44 stack frames</div></td></tr></table><p class="totop"><a href="#summary">back to summary</a></p>
<h3 id="m10">WrongChangePostTest#wrongChangePostTestWithEmptyTags</h3><table class="result"><tr><th>Exception</th></tr><tr><td><div class="stacktrace">java.lang.IllegalArgumentException: Header value cannot be null
	at org.codehaus.groovy.runtime.callsite.ConstructorSite$ConstructorSiteNoUnwrap.callConstructor(ConstructorSite.java:84)
	at org.codehaus.groovy.runtime.callsite.AbstractCallSite.callConstructor(AbstractCallSite.java:277)
	at io.restassured.internal.common.assertion.AssertParameter.notNull(AssertParameter.groovy:26)
	at io.restassured.internal.common.assertion.AssertParameter$notNull.callStatic(Unknown Source)
	at io.restassured.internal.RequestSpecificationImpl.header(RequestSpecificationImpl.groovy:843)
	at Methods.createPost(Methods.java:106)
	at WrongChangePostTest.wrongChangePostTestWithEmptyTags(WrongChangePostTest.java:170)
	at java.base/java.util.ArrayList.forEach(ArrayList.java:1511)
... Removed 44 stack frames</div></td></tr></table><p class="totop"><a href="#summary">back to summary</a></p>
<h3 id="m11">WrongChangePostTest#wrongChangePostTestWithEmptyTitle</h3><table class="result"><tr><th>Exception</th></tr><tr><td><div class="stacktrace">java.lang.IllegalArgumentException: Header value cannot be null
	at org.codehaus.groovy.runtime.callsite.ConstructorSite$ConstructorSiteNoUnwrap.callConstructor(ConstructorSite.java:84)
	at org.codehaus.groovy.runtime.callsite.AbstractCallSite.callConstructor(AbstractCallSite.java:277)
	at io.restassured.internal.common.assertion.AssertParameter.notNull(AssertParameter.groovy:26)
	at io.restassured.internal.common.assertion.AssertParameter$notNull.callStatic(Unknown Source)
	at io.restassured.internal.RequestSpecificationImpl.header(RequestSpecificationImpl.groovy:843)
	at Methods.createPost(Methods.java:106)
	at WrongChangePostTest.wrongChangePostTestWithEmptyTitle(WrongChangePostTest.java:150)
	at java.base/java.util.ArrayList.forEach(ArrayList.java:1511)
... Removed 44 stack frames</div></td></tr></table><p class="totop"><a href="#summary">back to summary</a></p>
<h3 id="m12">WrongChangePostTest#wrongChangePostTestWithWrongId</h3><table class="result"><tr><th>Exception</th></tr><tr><td><div class="stacktrace">java.lang.IllegalArgumentException: Header value cannot be null
	at org.codehaus.groovy.runtime.callsite.ConstructorSite$ConstructorSiteNoUnwrap.callConstructor(ConstructorSite.java:84)
	at org.codehaus.groovy.runtime.callsite.AbstractCallSite.callConstructor(AbstractCallSite.java:277)
	at io.restassured.internal.common.assertion.AssertParameter.notNull(AssertParameter.groovy:26)
	at io.restassured.internal.common.assertion.AssertParameter$notNull.callStatic(Unknown Source)
	at io.restassured.internal.RequestSpecificationImpl.header(RequestSpecificationImpl.groovy:843)
	at Methods.createPost(Methods.java:106)
	at WrongChangePostTest.wrongChangePostTestWithWrongId(WrongChangePostTest.java:113)
	at java.base/java.util.ArrayList.forEach(ArrayList.java:1511)
... Removed 44 stack frames</div></td></tr></table><p class="totop"><a href="#summary">back to summary</a></p>
<h3 id="m13">WrongChangePostTest#wrongChangePostTestWithoutDescription</h3><table class="result"><tr><th>Exception</th></tr><tr><td><div class="stacktrace">java.lang.IllegalArgumentException: Header value cannot be null
	at org.codehaus.groovy.runtime.callsite.ConstructorSite$ConstructorSiteNoUnwrap.callConstructor(ConstructorSite.java:84)
	at org.codehaus.groovy.runtime.callsite.AbstractCallSite.callConstructor(AbstractCallSite.java:277)
	at io.restassured.internal.common.assertion.AssertParameter.notNull(AssertParameter.groovy:26)
	at io.restassured.internal.common.assertion.AssertParameter$notNull.callStatic(Unknown Source)
	at io.restassured.internal.RequestSpecificationImpl.header(RequestSpecificationImpl.groovy:843)
	at Methods.createPost(Methods.java:106)
	at WrongChangePostTest.wrongChangePostTestWithoutDescription(WrongChangePostTest.java:29)
	at java.base/java.util.ArrayList.forEach(ArrayList.java:1511)
... Removed 44 stack frames</div></td></tr></table><p class="totop"><a href="#summary">back to summary</a></p>
<h3 id="m14">WrongChangePostTest#wrongChangePostTestWithoutImage</h3><table class="result"><tr><th>Exception</th></tr><tr><td><div class="stacktrace">java.lang.IllegalArgumentException: Header value cannot be null
	at org.codehaus.groovy.runtime.callsite.ConstructorSite$ConstructorSiteNoUnwrap.callConstructor(ConstructorSite.java:84)
	at org.codehaus.groovy.runtime.callsite.AbstractCallSite.callConstructor(AbstractCallSite.java:277)
	at io.restassured.internal.common.assertion.AssertParameter.notNull(AssertParameter.groovy:26)
	at io.restassured.internal.common.assertion.AssertParameter$notNull.callStatic(Unknown Source)
	at io.restassured.internal.RequestSpecificationImpl.header(RequestSpecificationImpl.groovy:843)
	at Methods.createPost(Methods.java:106)
	at WrongChangePostTest.wrongChangePostTestWithoutImage(WrongChangePostTest.java:49)
	at java.base/java.util.ArrayList.forEach(ArrayList.java:1511)
... Removed 44 stack frames</div></td></tr></table><p class="totop"><a href="#summary">back to summary</a></p>
<h3 id="m15">WrongChangePostTest#wrongChangePostTestWithoutTitle</h3><table class="result"><tr><th>Exception</th></tr><tr><td><div class="stacktrace">java.lang.IllegalArgumentException: Header value cannot be null
	at org.codehaus.groovy.runtime.callsite.ConstructorSite$ConstructorSiteNoUnwrap.callConstructor(ConstructorSite.java:84)
	at org.codehaus.groovy.runtime.callsite.AbstractCallSite.callConstructor(AbstractCallSite.java:277)
	at io.restassured.internal.common.assertion.AssertParameter.notNull(AssertParameter.groovy:26)
	at io.restassured.internal.common.assertion.AssertParameter$notNull.callStatic(Unknown Source)
	at io.restassured.internal.RequestSpecificationImpl.header(RequestSpecificationImpl.groovy:843)
	at Methods.createPost(Methods.java:106)
	at WrongChangePostTest.wrongChangePostTestWithoutTitle(WrongChangePostTest.java:69)
	at java.base/java.util.ArrayList.forEach(ArrayList.java:1511)
... Removed 44 stack frames</div></td></tr></table><p class="totop"><a href="#summary">back to summary</a></p>
<h3 id="m16">WrongChangePostTest#wrongChangePostTestWithoutToken</h3><table class="result"><tr><th>Exception</th></tr><tr><td><div class="stacktrace">java.lang.IllegalArgumentException: Header value cannot be null
	at org.codehaus.groovy.runtime.callsite.ConstructorSite$ConstructorSiteNoUnwrap.callConstructor(ConstructorSite.java:84)
	at org.codehaus.groovy.runtime.callsite.AbstractCallSite.callConstructor(AbstractCallSite.java:277)
	at io.restassured.internal.common.assertion.AssertParameter.notNull(AssertParameter.groovy:26)
	at io.restassured.internal.common.assertion.AssertParameter$notNull.callStatic(Unknown Source)
	at io.restassured.internal.RequestSpecificationImpl.header(RequestSpecificationImpl.groovy:843)
	at Methods.createPost(Methods.java:106)
	at WrongChangePostTest.wrongChangePostTestWithoutToken(WrongChangePostTest.java:88)
	at java.base/java.util.ArrayList.forEach(ArrayList.java:1511)
... Removed 44 stack frames</div></td></tr></table><p class="totop"><a href="#summary">back to summary</a></p>
<h3 id="m17">WrongDeletePostTest#deletePostTestWithWrongId</h3><table class="result"><tr><th>Exception</th></tr><tr><td><div class="stacktrace">java.lang.IllegalArgumentException: Header value cannot be null
	at org.codehaus.groovy.runtime.callsite.ConstructorSite$ConstructorSiteNoUnwrap.callConstructor(ConstructorSite.java:84)
	at org.codehaus.groovy.runtime.callsite.AbstractCallSite.callConstructor(AbstractCallSite.java:277)
	at io.restassured.internal.common.assertion.AssertParameter.notNull(AssertParameter.groovy:26)
	at io.restassured.internal.common.assertion.AssertParameter$notNull.callStatic(Unknown Source)
	at org.codehaus.groovy.runtime.callsite.CallSiteArray.defaultCallStatic(CallSiteArray.java:55)
	at io.restassured.internal.common.assertion.AssertParameter$notNull.callStatic(Unknown Source)
	at io.restassured.internal.RequestSpecificationImpl.header(RequestSpecificationImpl.groovy:843)
	at Methods.createPost(Methods.java:106)
	at WrongDeletePostTest.deletePostTestWithWrongId(WrongDeletePostTest.java:26)
	at java.base/java.util.ArrayList.forEach(ArrayList.java:1511)
... Removed 44 stack frames</div></td></tr></table><p class="totop"><a href="#summary">back to summary</a></p>
<h3 id="m18">WrongDeletePostTest#deletePostTestWithoutToken</h3><table class="result"><tr><th>Exception</th></tr><tr><td><div class="stacktrace">java.lang.IllegalArgumentException: Header value cannot be null
	at org.codehaus.groovy.runtime.callsite.ConstructorSite$ConstructorSiteNoUnwrap.callConstructor(ConstructorSite.java:84)
	at org.codehaus.groovy.runtime.callsite.AbstractCallSite.callConstructor(AbstractCallSite.java:277)
	at io.restassured.internal.common.assertion.AssertParameter.notNull(AssertParameter.groovy:26)
	at io.restassured.internal.common.assertion.AssertParameter$notNull.callStatic(Unknown Source)
	at io.restassured.internal.RequestSpecificationImpl.header(RequestSpecificationImpl.groovy:843)
	at Methods.createPost(Methods.java:106)
	at WrongDeletePostTest.deletePostTestWithoutToken(WrongDeletePostTest.java:44)
	at java.base/java.util.ArrayList.forEach(ArrayList.java:1511)
... Removed 44 stack frames</div></td></tr></table><p class="totop"><a href="#summary">back to summary</a></p>
<h3 id="m19">WrongGetPostTest#getPostWithPageEqual0</h3><table class="result"><tr><th>Exception</th></tr><tr><td><div class="stacktrace">java.lang.NullPointerException: Cannot invoke &quot;java.util.List.get(int)&quot; because &quot;codes&quot; is null
	at WrongGetPostTest.getPostWithPageEqual0(WrongGetPostTest.java:64)
	at java.base/java.util.ArrayList.forEach(ArrayList.java:1511)
... Removed 37 stack frames</div></td></tr></table><p class="totop"><a href="#summary">back to summary</a></p>
<h3 id="m20">WrongGetPostTest#getPostWithPerPageEqual0</h3><table class="result"><tr><th>Exception</th></tr><tr><td><div class="stacktrace">java.lang.NullPointerException: Cannot invoke &quot;java.util.List.get(int)&quot; because &quot;codes&quot; is null
	at WrongGetPostTest.getPostWithPerPageEqual0(WrongGetPostTest.java:82)
	at java.base/java.util.ArrayList.forEach(ArrayList.java:1511)
... Removed 37 stack frames</div></td></tr></table><p class="totop"><a href="#summary">back to summary</a></p>
<h3 id="m21">WrongGetPostTest#getPostWithoutPage</h3><table class="result"><tr><th>Exception</th></tr><tr><td><div class="stacktrace">org.assertj.core.error.AssertJMultipleFailuresError: 
Multiple Failures (5 failures)
-- failure 1 --
Expecting:
 &lt;&quot;false&quot;&gt;
to be equal to:
 &lt;&quot;true&quot;&gt;
but was not.
at WrongGetPostTest.getPostWithPageEqual0(WrongGetPostTest.java:62)
-- failure 2 --
Expecting actual not to be null
at WrongGetPostTest.getPostWithPageEqual0(WrongGetPostTest.java:63)
-- failure 3 --
Expecting:
 &lt;&quot;false&quot;&gt;
to be equal to:
 &lt;&quot;true&quot;&gt;
but was not.
at WrongGetPostTest.getPostWithPerPageEqual0(WrongGetPostTest.java:80)
-- failure 4 --
Expecting actual not to be null
at WrongGetPostTest.getPostWithPerPageEqual0(WrongGetPostTest.java:81)
-- failure 5 --
Expecting ArrayList:
 &lt;[0]&gt;
to contain:
 &lt;[40]&gt;
but could not find the following element(s):
 &lt;[40]&gt;

at WrongGetPostTest.getPostWithoutPage(WrongGetPostTest.java:28)
	at WrongGetPostTest.getPostWithoutPage(WrongGetPostTest.java:30)
	at java.base/java.util.ArrayList.forEach(ArrayList.java:1511)
... Removed 41 stack frames</div></td></tr></table><p class="totop"><a href="#summary">back to summary</a></p>
<h3 id="m22">WrongGetPostTest#getPostWithoutPerPage</h3><table class="result"><tr><th>Exception</th></tr><tr><td><div class="stacktrace">org.assertj.core.error.AssertJMultipleFailuresError: 
Multiple Failures (6 failures)
-- failure 1 --
Expecting:
 &lt;&quot;false&quot;&gt;
to be equal to:
 &lt;&quot;true&quot;&gt;
but was not.
at WrongGetPostTest.getPostWithPageEqual0(WrongGetPostTest.java:62)
-- failure 2 --
Expecting actual not to be null
at WrongGetPostTest.getPostWithPageEqual0(WrongGetPostTest.java:63)
-- failure 3 --
Expecting:
 &lt;&quot;false&quot;&gt;
to be equal to:
 &lt;&quot;true&quot;&gt;
but was not.
at WrongGetPostTest.getPostWithPerPageEqual0(WrongGetPostTest.java:80)
-- failure 4 --
Expecting actual not to be null
at WrongGetPostTest.getPostWithPerPageEqual0(WrongGetPostTest.java:81)
-- failure 5 --
Expecting ArrayList:
 &lt;[0]&gt;
to contain:
 &lt;[40]&gt;
but could not find the following element(s):
 &lt;[40]&gt;

at WrongGetPostTest.getPostWithoutPage(WrongGetPostTest.java:28)
-- failure 6 --
Expecting ArrayList:
 &lt;[0]&gt;
to contain:
 &lt;[41]&gt;
but could not find the following element(s):
 &lt;[41]&gt;

at WrongGetPostTest.getPostWithoutPerPage(WrongGetPostTest.java:45)
	at WrongGetPostTest.getPostWithoutPerPage(WrongGetPostTest.java:47)
	at java.base/java.util.ArrayList.forEach(ArrayList.java:1511)
... Removed 41 stack frames</div></td></tr></table><p class="totop"><a href="#summary">back to summary</a></p>
<h3 id="m23">WrongLoginTest#WithoutEmail</h3><table class="result"><tr><th>Exception</th></tr><tr><td><div class="stacktrace">org.assertj.core.error.AssertJMultipleFailuresError: 
Multiple Failures (1 failure)
-- failure 1 --
Expecting ArrayList:
 &lt;[4]&gt;
to contain:
 &lt;[8]&gt;
but could not find the following element(s):
 &lt;[8]&gt;

at WrongLoginTest.WithoutEmail(WrongLoginTest.java:240)
	at WrongLoginTest.WithoutEmail(WrongLoginTest.java:242)
	at java.base/java.util.ArrayList.forEach(ArrayList.java:1511)
... Removed 41 stack frames</div></td></tr></table><p class="totop"><a href="#summary">back to summary</a></p>
<h3 id="m24">WrongLoginTest#correctEmailWithoutPassword</h3><table class="result"><tr><th>Exception</th></tr><tr><td><div class="stacktrace">org.assertj.core.error.AssertJMultipleFailuresError: 
Multiple Failures (2 failures)
-- failure 1 --
Expecting ArrayList:
 &lt;[4]&gt;
to contain:
 &lt;[8]&gt;
but could not find the following element(s):
 &lt;[8]&gt;

at WrongLoginTest.WithoutEmail(WrongLoginTest.java:240)
-- failure 2 --
Expecting ArrayList:
 &lt;[5]&gt;
to contain:
 &lt;[26]&gt;
but could not find the following element(s):
 &lt;[26]&gt;

at WrongLoginTest.correctEmailWithoutPassword(WrongLoginTest.java:221)
	at WrongLoginTest.correctEmailWithoutPassword(WrongLoginTest.java:223)
	at java.base/java.util.ArrayList.forEach(ArrayList.java:1511)
... Removed 41 stack frames</div></td></tr></table><p class="totop"><a href="#summary">back to summary</a></p>
<h3 id="m25">WrongLoginTest#emptyEmail</h3><table class="result"><tr><th>Exception</th></tr><tr><td><div class="stacktrace">org.assertj.core.error.AssertJMultipleFailuresError: 
Multiple Failures (3 failures)
-- failure 1 --
Expecting ArrayList:
 &lt;[4]&gt;
to contain:
 &lt;[8]&gt;
but could not find the following element(s):
 &lt;[8]&gt;

at WrongLoginTest.WithoutEmail(WrongLoginTest.java:240)
-- failure 2 --
Expecting ArrayList:
 &lt;[5]&gt;
to contain:
 &lt;[26]&gt;
but could not find the following element(s):
 &lt;[26]&gt;

at WrongLoginTest.correctEmailWithoutPassword(WrongLoginTest.java:221)
-- failure 3 --
Expecting ArrayList:
 &lt;[3]&gt;
to contain:
 &lt;[8]&gt;
but could not find the following element(s):
 &lt;[8]&gt;

at WrongLoginTest.emptyEmail(WrongLoginTest.java:163)
	at WrongLoginTest.emptyEmail(WrongLoginTest.java:164)
	at java.base/java.util.ArrayList.forEach(ArrayList.java:1511)
... Removed 41 stack frames</div></td></tr></table><p class="totop"><a href="#summary">back to summary</a></p>
<h3 id="m26">WrongLoginTest#emptyEmailAndPassword</h3><table class="result"><tr><th>Exception</th></tr><tr><td><div class="stacktrace">org.assertj.core.error.AssertJMultipleFailuresError: 
Multiple Failures (4 failures)
-- failure 1 --
Expecting ArrayList:
 &lt;[4]&gt;
to contain:
 &lt;[8]&gt;
but could not find the following element(s):
 &lt;[8]&gt;

at WrongLoginTest.WithoutEmail(WrongLoginTest.java:240)
-- failure 2 --
Expecting ArrayList:
 &lt;[5]&gt;
to contain:
 &lt;[26]&gt;
but could not find the following element(s):
 &lt;[26]&gt;

at WrongLoginTest.correctEmailWithoutPassword(WrongLoginTest.java:221)
-- failure 3 --
Expecting ArrayList:
 &lt;[3]&gt;
to contain:
 &lt;[8]&gt;
but could not find the following element(s):
 &lt;[8]&gt;

at WrongLoginTest.emptyEmail(WrongLoginTest.java:163)
-- failure 4 --
Expecting ArrayList:
 &lt;[3]&gt;
to contain:
 &lt;[8, 9]&gt;
but could not find the following element(s):
 &lt;[8, 9]&gt;

at WrongLoginTest.emptyEmailAndPassword(WrongLoginTest.java:202)
	at WrongLoginTest.emptyEmailAndPassword(WrongLoginTest.java:204)
	at java.base/java.util.ArrayList.forEach(ArrayList.java:1511)
... Removed 41 stack frames</div></td></tr></table><p class="totop"><a href="#summary">back to summary</a></p>
<h3 id="m27">WrongLoginTest#emptyPassword</h3><table class="result"><tr><th>Exception</th></tr><tr><td><div class="stacktrace">org.assertj.core.error.AssertJMultipleFailuresError: 
Multiple Failures (5 failures)
-- failure 1 --
Expecting ArrayList:
 &lt;[4]&gt;
to contain:
 &lt;[8]&gt;
but could not find the following element(s):
 &lt;[8]&gt;

at WrongLoginTest.WithoutEmail(WrongLoginTest.java:240)
-- failure 2 --
Expecting ArrayList:
 &lt;[5]&gt;
to contain:
 &lt;[26]&gt;
but could not find the following element(s):
 &lt;[26]&gt;

at WrongLoginTest.correctEmailWithoutPassword(WrongLoginTest.java:221)
-- failure 3 --
Expecting ArrayList:
 &lt;[3]&gt;
to contain:
 &lt;[8]&gt;
but could not find the following element(s):
 &lt;[8]&gt;

at WrongLoginTest.emptyEmail(WrongLoginTest.java:163)
-- failure 4 --
Expecting ArrayList:
 &lt;[3]&gt;
to contain:
 &lt;[8, 9]&gt;
but could not find the following element(s):
 &lt;[8, 9]&gt;

at WrongLoginTest.emptyEmailAndPassword(WrongLoginTest.java:202)
-- failure 5 --
Expecting ArrayList:
 &lt;[5]&gt;
to contain:
 &lt;[9]&gt;
but could not find the following element(s):
 &lt;[9]&gt;

at WrongLoginTest.emptyPassword(WrongLoginTest.java:183)
	at WrongLoginTest.emptyPassword(WrongLoginTest.java:184)
	at java.base/java.util.ArrayList.forEach(ArrayList.java:1511)
... Removed 41 stack frames</div></td></tr></table><p class="totop"><a href="#summary">back to summary</a></p>
<h3 id="m28">WrongLoginTest#incorrectEmail1</h3><table class="result"><tr><th>Exception</th></tr><tr><td><div class="stacktrace">org.assertj.core.error.AssertJMultipleFailuresError: 
Multiple Failures (6 failures)
-- failure 1 --
Expecting ArrayList:
 &lt;[4]&gt;
to contain:
 &lt;[8]&gt;
but could not find the following element(s):
 &lt;[8]&gt;

at WrongLoginTest.WithoutEmail(WrongLoginTest.java:240)
-- failure 2 --
Expecting ArrayList:
 &lt;[5]&gt;
to contain:
 &lt;[26]&gt;
but could not find the following element(s):
 &lt;[26]&gt;

at WrongLoginTest.correctEmailWithoutPassword(WrongLoginTest.java:221)
-- failure 3 --
Expecting ArrayList:
 &lt;[3]&gt;
to contain:
 &lt;[8]&gt;
but could not find the following element(s):
 &lt;[8]&gt;

at WrongLoginTest.emptyEmail(WrongLoginTest.java:163)
-- failure 4 --
Expecting ArrayList:
 &lt;[3]&gt;
to contain:
 &lt;[8, 9]&gt;
but could not find the following element(s):
 &lt;[8, 9]&gt;

at WrongLoginTest.emptyEmailAndPassword(WrongLoginTest.java:202)
-- failure 5 --
Expecting ArrayList:
 &lt;[5]&gt;
to contain:
 &lt;[9]&gt;
but could not find the following element(s):
 &lt;[9]&gt;

at WrongLoginTest.emptyPassword(WrongLoginTest.java:183)
-- failure 6 --
Expecting ArrayList:
 &lt;[0]&gt;
to contain:
 &lt;[17]&gt;
but could not find the following element(s):
 &lt;[17]&gt;

at WrongLoginTest.incorrectEmail1(WrongLoginTest.java:40)
	at WrongLoginTest.incorrectEmail1(WrongLoginTest.java:41)
	at java.base/java.util.ArrayList.forEach(ArrayList.java:1511)
... Removed 41 stack frames</div></td></tr></table><p class="totop"><a href="#summary">back to summary</a></p>
<h3 id="m29">WrongLoginTest#incorrectEmail2</h3><table class="result"><tr><th>Exception</th></tr><tr><td><div class="stacktrace">org.assertj.core.error.AssertJMultipleFailuresError: 
Multiple Failures (7 failures)
-- failure 1 --
Expecting ArrayList:
 &lt;[4]&gt;
to contain:
 &lt;[8]&gt;
but could not find the following element(s):
 &lt;[8]&gt;

at WrongLoginTest.WithoutEmail(WrongLoginTest.java:240)
-- failure 2 --
Expecting ArrayList:
 &lt;[5]&gt;
to contain:
 &lt;[26]&gt;
but could not find the following element(s):
 &lt;[26]&gt;

at WrongLoginTest.correctEmailWithoutPassword(WrongLoginTest.java:221)
-- failure 3 --
Expecting ArrayList:
 &lt;[3]&gt;
to contain:
 &lt;[8]&gt;
but could not find the following element(s):
 &lt;[8]&gt;

at WrongLoginTest.emptyEmail(WrongLoginTest.java:163)
-- failure 4 --
Expecting ArrayList:
 &lt;[3]&gt;
to contain:
 &lt;[8, 9]&gt;
but could not find the following element(s):
 &lt;[8, 9]&gt;

at WrongLoginTest.emptyEmailAndPassword(WrongLoginTest.java:202)
-- failure 5 --
Expecting ArrayList:
 &lt;[5]&gt;
to contain:
 &lt;[9]&gt;
but could not find the following element(s):
 &lt;[9]&gt;

at WrongLoginTest.emptyPassword(WrongLoginTest.java:183)
-- failure 6 --
Expecting ArrayList:
 &lt;[0]&gt;
to contain:
 &lt;[17]&gt;
but could not find the following element(s):
 &lt;[17]&gt;

at WrongLoginTest.incorrectEmail1(WrongLoginTest.java:40)
-- failure 7 --
Expecting ArrayList:
 &lt;[0]&gt;
to contain:
 &lt;[17]&gt;
but could not find the following element(s):
 &lt;[17]&gt;

at WrongLoginTest.incorrectEmail2(WrongLoginTest.java:59)
	at WrongLoginTest.incorrectEmail2(WrongLoginTest.java:60)
	at java.base/java.util.ArrayList.forEach(ArrayList.java:1511)
... Removed 41 stack frames</div></td></tr></table><p class="totop"><a href="#summary">back to summary</a></p>
<h3 id="m30">WrongLoginTest#incorrectEmail3</h3><table class="result"><tr><th>Exception</th></tr><tr><td><div class="stacktrace">org.assertj.core.error.AssertJMultipleFailuresError: 
Multiple Failures (8 failures)
-- failure 1 --
Expecting ArrayList:
 &lt;[4]&gt;
to contain:
 &lt;[8]&gt;
but could not find the following element(s):
 &lt;[8]&gt;

at WrongLoginTest.WithoutEmail(WrongLoginTest.java:240)
-- failure 2 --
Expecting ArrayList:
 &lt;[5]&gt;
to contain:
 &lt;[26]&gt;
but could not find the following element(s):
 &lt;[26]&gt;

at WrongLoginTest.correctEmailWithoutPassword(WrongLoginTest.java:221)
-- failure 3 --
Expecting ArrayList:
 &lt;[3]&gt;
to contain:
 &lt;[8]&gt;
but could not find the following element(s):
 &lt;[8]&gt;

at WrongLoginTest.emptyEmail(WrongLoginTest.java:163)
-- failure 4 --
Expecting ArrayList:
 &lt;[3]&gt;
to contain:
 &lt;[8, 9]&gt;
but could not find the following element(s):
 &lt;[8, 9]&gt;

at WrongLoginTest.emptyEmailAndPassword(WrongLoginTest.java:202)
-- failure 5 --
Expecting ArrayList:
 &lt;[5]&gt;
to contain:
 &lt;[9]&gt;
but could not find the following element(s):
 &lt;[9]&gt;

at WrongLoginTest.emptyPassword(WrongLoginTest.java:183)
-- failure 6 --
Expecting ArrayList:
 &lt;[0]&gt;
to contain:
 &lt;[17]&gt;
but could not find the following element(s):
 &lt;[17]&gt;

at WrongLoginTest.incorrectEmail1(WrongLoginTest.java:40)
-- failure 7 --
Expecting ArrayList:
 &lt;[0]&gt;
to contain:
 &lt;[17]&gt;
but could not find the following element(s):
 &lt;[17]&gt;

at WrongLoginTest.incorrectEmail2(WrongLoginTest.java:59)
-- failure 8 --
Expecting ArrayList:
 &lt;[5]&gt;
to contain:
 &lt;[17]&gt;
but could not find the following element(s):
 &lt;[17]&gt;

at WrongLoginTest.incorrectEmail3(WrongLoginTest.java:80)
	at WrongLoginTest.incorrectEmail3(WrongLoginTest.java:81)
	at java.base/java.util.ArrayList.forEach(ArrayList.java:1511)
... Removed 41 stack frames</div></td></tr></table><p class="totop"><a href="#summary">back to summary</a></p>
<h3 id="m31">WrongLoginTest#incorrectEmail4</h3><table class="result"><tr><th>Exception</th></tr><tr><td><div class="stacktrace">org.assertj.core.error.AssertJMultipleFailuresError: 
Multiple Failures (9 failures)
-- failure 1 --
Expecting ArrayList:
 &lt;[4]&gt;
to contain:
 &lt;[8]&gt;
but could not find the following element(s):
 &lt;[8]&gt;

at WrongLoginTest.WithoutEmail(WrongLoginTest.java:240)
-- failure 2 --
Expecting ArrayList:
 &lt;[5]&gt;
to contain:
 &lt;[26]&gt;
but could not find the following element(s):
 &lt;[26]&gt;

at WrongLoginTest.correctEmailWithoutPassword(WrongLoginTest.java:221)
-- failure 3 --
Expecting ArrayList:
 &lt;[3]&gt;
to contain:
 &lt;[8]&gt;
but could not find the following element(s):
 &lt;[8]&gt;

at WrongLoginTest.emptyEmail(WrongLoginTest.java:163)
-- failure 4 --
Expecting ArrayList:
 &lt;[3]&gt;
to contain:
 &lt;[8, 9]&gt;
but could not find the following element(s):
 &lt;[8, 9]&gt;

at WrongLoginTest.emptyEmailAndPassword(WrongLoginTest.java:202)
-- failure 5 --
Expecting ArrayList:
 &lt;[5]&gt;
to contain:
 &lt;[9]&gt;
but could not find the following element(s):
 &lt;[9]&gt;

at WrongLoginTest.emptyPassword(WrongLoginTest.java:183)
-- failure 6 --
Expecting ArrayList:
 &lt;[0]&gt;
to contain:
 &lt;[17]&gt;
but could not find the following element(s):
 &lt;[17]&gt;

at WrongLoginTest.incorrectEmail1(WrongLoginTest.java:40)
-- failure 7 --
Expecting ArrayList:
 &lt;[0]&gt;
to contain:
 &lt;[17]&gt;
but could not find the following element(s):
 &lt;[17]&gt;

at WrongLoginTest.incorrectEmail2(WrongLoginTest.java:59)
-- failure 8 --
Expecting ArrayList:
 &lt;[5]&gt;
to contain:
 &lt;[17]&gt;
but could not find the following element(s):
 &lt;[17]&gt;

at WrongLoginTest.incorrectEmail3(WrongLoginTest.java:80)
-- failure 9 --
Expecting ArrayList:
 &lt;[0]&gt;
to contain:
 &lt;[17]&gt;
but could not find the following element(s):
 &lt;[17]&gt;

at WrongLoginTest.incorrectEmail4(WrongLoginTest.java:102)
	at WrongLoginTest.incorrectEmail4(WrongLoginTest.java:104)
	at java.base/java.util.ArrayList.forEach(ArrayList.java:1511)
... Removed 41 stack frames</div></td></tr></table><p class="totop"><a href="#summary">back to summary</a></p>
<h3 id="m32">WrongLoginTest#incorrectEmail5</h3><table class="result"><tr><th>Exception</th></tr><tr><td><div class="stacktrace">org.assertj.core.error.AssertJMultipleFailuresError: 
Multiple Failures (10 failures)
-- failure 1 --
Expecting ArrayList:
 &lt;[4]&gt;
to contain:
 &lt;[8]&gt;
but could not find the following element(s):
 &lt;[8]&gt;

at WrongLoginTest.WithoutEmail(WrongLoginTest.java:240)
-- failure 2 --
Expecting ArrayList:
 &lt;[5]&gt;
to contain:
 &lt;[26]&gt;
but could not find the following element(s):
 &lt;[26]&gt;

at WrongLoginTest.correctEmailWithoutPassword(WrongLoginTest.java:221)
-- failure 3 --
Expecting ArrayList:
 &lt;[3]&gt;
to contain:
 &lt;[8]&gt;
but could not find the following element(s):
 &lt;[8]&gt;

at WrongLoginTest.emptyEmail(WrongLoginTest.java:163)
-- failure 4 --
Expecting ArrayList:
 &lt;[3]&gt;
to contain:
 &lt;[8, 9]&gt;
but could not find the following element(s):
 &lt;[8, 9]&gt;

at WrongLoginTest.emptyEmailAndPassword(WrongLoginTest.java:202)
-- failure 5 --
Expecting ArrayList:
 &lt;[5]&gt;
to contain:
 &lt;[9]&gt;
but could not find the following element(s):
 &lt;[9]&gt;

at WrongLoginTest.emptyPassword(WrongLoginTest.java:183)
-- failure 6 --
Expecting ArrayList:
 &lt;[0]&gt;
to contain:
 &lt;[17]&gt;
but could not find the following element(s):
 &lt;[17]&gt;

at WrongLoginTest.incorrectEmail1(WrongLoginTest.java:40)
-- failure 7 --
Expecting ArrayList:
 &lt;[0]&gt;
to contain:
 &lt;[17]&gt;
but could not find the following element(s):
 &lt;[17]&gt;

at WrongLoginTest.incorrectEmail2(WrongLoginTest.java:59)
-- failure 8 --
Expecting ArrayList:
 &lt;[5]&gt;
to contain:
 &lt;[17]&gt;
but could not find the following element(s):
 &lt;[17]&gt;

at WrongLoginTest.incorrectEmail3(WrongLoginTest.java:80)
-- failure 9 --
Expecting ArrayList:
 &lt;[0]&gt;
to contain:
 &lt;[17]&gt;
but could not find the following element(s):
 &lt;[17]&gt;

at WrongLoginTest.incorrectEmail4(WrongLoginTest.java:102)
-- failure 10 --
Expecting ArrayList:
 &lt;[5]&gt;
to contain:
 &lt;[17]&gt;
but could not find the following element(s):
 &lt;[17]&gt;

at WrongLoginTest.incorrectEmail5(WrongLoginTest.java:123)
	at WrongLoginTest.incorrectEmail5(WrongLoginTest.java:124)
	at java.base/java.util.ArrayList.forEach(ArrayList.java:1511)
... Removed 41 stack frames</div></td></tr></table><p class="totop"><a href="#summary">back to summary</a></p>
<h3 id="m33">WrongLoginTest#userDoesNotExist</h3><table class="result"><tr><th>Exception</th></tr><tr><td><div class="stacktrace">org.assertj.core.error.AssertJMultipleFailuresError: 
Multiple Failures (10 failures)
-- failure 1 --
Expecting ArrayList:
 &lt;[4]&gt;
to contain:
 &lt;[8]&gt;
but could not find the following element(s):
 &lt;[8]&gt;

at WrongLoginTest.WithoutEmail(WrongLoginTest.java:240)
-- failure 2 --
Expecting ArrayList:
 &lt;[5]&gt;
to contain:
 &lt;[26]&gt;
but could not find the following element(s):
 &lt;[26]&gt;

at WrongLoginTest.correctEmailWithoutPassword(WrongLoginTest.java:221)
-- failure 3 --
Expecting ArrayList:
 &lt;[3]&gt;
to contain:
 &lt;[8]&gt;
but could not find the following element(s):
 &lt;[8]&gt;

at WrongLoginTest.emptyEmail(WrongLoginTest.java:163)
-- failure 4 --
Expecting ArrayList:
 &lt;[3]&gt;
to contain:
 &lt;[8, 9]&gt;
but could not find the following element(s):
 &lt;[8, 9]&gt;

at WrongLoginTest.emptyEmailAndPassword(WrongLoginTest.java:202)
-- failure 5 --
Expecting ArrayList:
 &lt;[5]&gt;
to contain:
 &lt;[9]&gt;
but could not find the following element(s):
 &lt;[9]&gt;

at WrongLoginTest.emptyPassword(WrongLoginTest.java:183)
-- failure 6 --
Expecting ArrayList:
 &lt;[0]&gt;
to contain:
 &lt;[17]&gt;
but could not find the following element(s):
 &lt;[17]&gt;

at WrongLoginTest.incorrectEmail1(WrongLoginTest.java:40)
-- failure 7 --
Expecting ArrayList:
 &lt;[0]&gt;
to contain:
 &lt;[17]&gt;
but could not find the following element(s):
 &lt;[17]&gt;

at WrongLoginTest.incorrectEmail2(WrongLoginTest.java:59)
-- failure 8 --
Expecting ArrayList:
 &lt;[5]&gt;
to contain:
 &lt;[17]&gt;
but could not find the following element(s):
 &lt;[17]&gt;

at WrongLoginTest.incorrectEmail3(WrongLoginTest.java:80)
-- failure 9 --
Expecting ArrayList:
 &lt;[0]&gt;
to contain:
 &lt;[17]&gt;
but could not find the following element(s):
 &lt;[17]&gt;

at WrongLoginTest.incorrectEmail4(WrongLoginTest.java:102)
-- failure 10 --
Expecting ArrayList:
 &lt;[5]&gt;
to contain:
 &lt;[17]&gt;
but could not find the following element(s):
 &lt;[17]&gt;

at WrongLoginTest.incorrectEmail5(WrongLoginTest.java:123)
	at WrongLoginTest.userDoesNotExist(WrongLoginTest.java:144)
	at java.base/java.util.ArrayList.forEach(ArrayList.java:1511)
... Removed 41 stack frames</div></td></tr></table><p class="totop"><a href="#summary">back to summary</a></p>
<h3 id="m34">WrongLoginTest#withoutEmailAndPassword</h3><table class="result"><tr><th>Exception</th></tr><tr><td><div class="stacktrace">org.assertj.core.error.AssertJMultipleFailuresError: 
Multiple Failures (11 failures)
-- failure 1 --
Expecting ArrayList:
 &lt;[4]&gt;
to contain:
 &lt;[8]&gt;
but could not find the following element(s):
 &lt;[8]&gt;

at WrongLoginTest.WithoutEmail(WrongLoginTest.java:240)
-- failure 2 --
Expecting ArrayList:
 &lt;[5]&gt;
to contain:
 &lt;[26]&gt;
but could not find the following element(s):
 &lt;[26]&gt;

at WrongLoginTest.correctEmailWithoutPassword(WrongLoginTest.java:221)
-- failure 3 --
Expecting ArrayList:
 &lt;[3]&gt;
to contain:
 &lt;[8]&gt;
but could not find the following element(s):
 &lt;[8]&gt;

at WrongLoginTest.emptyEmail(WrongLoginTest.java:163)
-- failure 4 --
Expecting ArrayList:
 &lt;[3]&gt;
to contain:
 &lt;[8, 9]&gt;
but could not find the following element(s):
 &lt;[8, 9]&gt;

at WrongLoginTest.emptyEmailAndPassword(WrongLoginTest.java:202)
-- failure 5 --
Expecting ArrayList:
 &lt;[5]&gt;
to contain:
 &lt;[9]&gt;
but could not find the following element(s):
 &lt;[9]&gt;

at WrongLoginTest.emptyPassword(WrongLoginTest.java:183)
-- failure 6 --
Expecting ArrayList:
 &lt;[0]&gt;
to contain:
 &lt;[17]&gt;
but could not find the following element(s):
 &lt;[17]&gt;

at WrongLoginTest.incorrectEmail1(WrongLoginTest.java:40)
-- failure 7 --
Expecting ArrayList:
 &lt;[0]&gt;
to contain:
 &lt;[17]&gt;
but could not find the following element(s):
 &lt;[17]&gt;

at WrongLoginTest.incorrectEmail2(WrongLoginTest.java:59)
-- failure 8 --
Expecting ArrayList:
 &lt;[5]&gt;
to contain:
 &lt;[17]&gt;
but could not find the following element(s):
 &lt;[17]&gt;

at WrongLoginTest.incorrectEmail3(WrongLoginTest.java:80)
-- failure 9 --
Expecting ArrayList:
 &lt;[0]&gt;
to contain:
 &lt;[17]&gt;
but could not find the following element(s):
 &lt;[17]&gt;

at WrongLoginTest.incorrectEmail4(WrongLoginTest.java:102)
-- failure 10 --
Expecting ArrayList:
 &lt;[5]&gt;
to contain:
 &lt;[17]&gt;
but could not find the following element(s):
 &lt;[17]&gt;

at WrongLoginTest.incorrectEmail5(WrongLoginTest.java:123)
-- failure 11 --
Expecting ArrayList:
 &lt;[5]&gt;
to contain:
 &lt;[8, 26]&gt;
but could not find the following element(s):
 &lt;[8, 26]&gt;

at WrongLoginTest.withoutEmailAndPassword(WrongLoginTest.java:259)
	at WrongLoginTest.withoutEmailAndPassword(WrongLoginTest.java:261)
	at java.base/java.util.ArrayList.forEach(ArrayList.java:1511)
... Removed 41 stack frames</div></td></tr></table><p class="totop"><a href="#summary">back to summary</a></p>
<h3 id="m35">WrongRegistrationTest#regWithoutPassword</h3><table class="result"><tr><th>Exception</th></tr><tr><td><div class="stacktrace">org.assertj.core.error.AssertJMultipleFailuresError: 
Multiple Failures (1 failure)
-- failure 1 --
Expecting ArrayList:
 &lt;[30]&gt;
to contain:
 &lt;[25]&gt;
but could not find the following element(s):
 &lt;[25]&gt;

at WrongRegistrationTest.regWithoutPassword(WrongRegistrationTest.java:84)
	at WrongRegistrationTest.regWithoutPassword(WrongRegistrationTest.java:86)
	at java.base/java.util.ArrayList.forEach(ArrayList.java:1511)
... Removed 41 stack frames</div></td></tr></table><p class="totop"><a href="#summary">back to summary</a></p>
<h3 id="m36">WrongRegistrationTest#regWithoutRole</h3><table class="result"><tr><th>Exception</th></tr><tr><td><div class="stacktrace">org.assertj.core.error.AssertJMultipleFailuresError: 
Multiple Failures (1 failure)
-- failure 1 --
Expecting ArrayList:
 &lt;[30]&gt;
to contain:
 &lt;[25]&gt;
but could not find the following element(s):
 &lt;[25]&gt;

at WrongRegistrationTest.regWithoutPassword(WrongRegistrationTest.java:84)
	at WrongRegistrationTest.regWithoutRole(WrongRegistrationTest.java:99)
	at java.base/java.util.ArrayList.forEach(ArrayList.java:1511)
... Removed 41 stack frames</div></td></tr></table><p class="totop"><a href="#summary">back to summary</a></p>
<h3 id="m37">GetPostTest#createPost</h3><table class="result"><tr><th class="invisible"/></tr></table><p class="totop"><a href="#summary">back to summary</a></p>
<h3 id="m38">GetPostTest#createPost</h3><table class="result"><tr><th class="invisible"/></tr></table><p class="totop"><a href="#summary">back to summary</a></p>
<h3 id="m39">WrongGetSpecificPostTest#createPost</h3><table class="result"><tr><th class="invisible"/></tr></table><p class="totop"><a href="#summary">back to summary</a></p>
<h3 id="m40">WrongGetSpecificPostTest#createPost</h3><table class="result"><tr><th class="invisible"/></tr></table><p class="totop"><a href="#summary">back to summary</a></p>
<h3 id="m41">WrongGetSpecificPostTest#createPost</h3><table class="result"><tr><th class="invisible"/></tr></table><p class="totop"><a href="#summary">back to summary</a></p>
<h3 id="m42">WrongGetUserPostTest#createPost</h3><table class="result"><tr><th class="invisible"/></tr></table><p class="totop"><a href="#summary">back to summary</a></p>
<h3 id="m43">WrongGetUserPostTest#createPost</h3><table class="result"><tr><th class="invisible"/></tr></table><p class="totop"><a href="#summary">back to summary</a></p>
<h3 id="m44">WrongGetUserPostTest#createPost</h3><table class="result"><tr><th class="invisible"/></tr></table><p class="totop"><a href="#summary">back to summary</a></p>
<h3 id="m45">WrongGetUserPostTest#createPost</h3><table class="result"><tr><th class="invisible"/></tr></table><p class="totop"><a href="#summary">back to summary</a></p>
<h3 id="m46">WrongGetUserPostTest#createPost</h3><table class="result"><tr><th class="invisible"/></tr></table><p class="totop"><a href="#summary">back to summary</a></p>
<h3 id="m47">WrongGetUserPostTest#createPost</h3><table class="result"><tr><th class="invisible"/></tr></table><p class="totop"><a href="#summary">back to summary</a></p>
<h3 id="m48">GetPostTest#getPostTest</h3><table class="result"><tr><th>Exception</th></tr><tr><td><div class="stacktrace">java.lang.NullPointerException: Cannot invoke &quot;io.restassured.response.Response.jsonPath()&quot; because &quot;this.response&quot; is null
	at GetPostTest.createPost(GetPostTest.java:21)
	at java.base/java.util.ArrayList.forEach(ArrayList.java:1511)
... Removed 41 stack frames</div></td></tr></table><p class="totop"><a href="#summary">back to summary</a></p>
<h3 id="m49">GetPostTest#getUserPostTest</h3><table class="result"><tr><th>Exception</th></tr><tr><td><div class="stacktrace">java.lang.NullPointerException: Cannot invoke &quot;io.restassured.response.Response.jsonPath()&quot; because &quot;this.response&quot; is null
	at GetPostTest.createPost(GetPostTest.java:21)
	at java.base/java.util.ArrayList.forEach(ArrayList.java:1511)
... Removed 41 stack frames</div></td></tr></table><p class="totop"><a href="#summary">back to summary</a></p>
<h3 id="m50">WrongGetSpecificPostTest#getPostTest</h3><table class="result"><tr><th>Exception</th></tr><tr><td><div class="stacktrace">java.lang.NullPointerException: Cannot invoke &quot;io.restassured.response.Response.jsonPath()&quot; because &quot;this.response&quot; is null
	at GetPostTest.createPost(GetPostTest.java:21)
	at java.base/java.util.ArrayList.forEach(ArrayList.java:1511)
... Removed 41 stack frames</div></td></tr></table><p class="totop"><a href="#summary">back to summary</a></p>
<h3 id="m51">WrongGetSpecificPostTest#getPostWithoutPageTest</h3><table class="result"><tr><th>Exception</th></tr><tr><td><div class="stacktrace">java.lang.NullPointerException: Cannot invoke &quot;io.restassured.response.Response.jsonPath()&quot; because &quot;this.response&quot; is null
	at GetPostTest.createPost(GetPostTest.java:21)
	at java.base/java.util.ArrayList.forEach(ArrayList.java:1511)
... Removed 41 stack frames</div></td></tr></table><p class="totop"><a href="#summary">back to summary</a></p>
<h3 id="m52">WrongGetSpecificPostTest#getPostWithoutPerPageTest</h3><table class="result"><tr><th>Exception</th></tr><tr><td><div class="stacktrace">java.lang.NullPointerException: Cannot invoke &quot;io.restassured.response.Response.jsonPath()&quot; because &quot;this.response&quot; is null
	at GetPostTest.createPost(GetPostTest.java:21)
	at java.base/java.util.ArrayList.forEach(ArrayList.java:1511)
... Removed 41 stack frames</div></td></tr></table><p class="totop"><a href="#summary">back to summary</a></p>
<h3 id="m53">WrongGetSpecificPostTest#getUserPostTest</h3><table class="result"><tr><th>Exception</th></tr><tr><td><div class="stacktrace">java.lang.NullPointerException: Cannot invoke &quot;io.restassured.response.Response.jsonPath()&quot; because &quot;this.response&quot; is null
	at GetPostTest.createPost(GetPostTest.java:21)
	at java.base/java.util.ArrayList.forEach(ArrayList.java:1511)
... Removed 41 stack frames</div></td></tr></table><p class="totop"><a href="#summary">back to summary</a></p>
<h3 id="m54">WrongGetUserPostTest#getPostTest</h3><table class="result"><tr><th>Exception</th></tr><tr><td><div class="stacktrace">java.lang.NullPointerException: Cannot invoke &quot;io.restassured.response.Response.jsonPath()&quot; because &quot;this.response&quot; is null
	at GetPostTest.createPost(GetPostTest.java:21)
	at java.base/java.util.ArrayList.forEach(ArrayList.java:1511)
... Removed 41 stack frames</div></td></tr></table><p class="totop"><a href="#summary">back to summary</a></p>
<h3 id="m55">WrongGetUserPostTest#getUserPostTest</h3><table class="result"><tr><th>Exception</th></tr><tr><td><div class="stacktrace">java.lang.NullPointerException: Cannot invoke &quot;io.restassured.response.Response.jsonPath()&quot; because &quot;this.response&quot; is null
	at GetPostTest.createPost(GetPostTest.java:21)
	at java.base/java.util.ArrayList.forEach(ArrayList.java:1511)
... Removed 41 stack frames</div></td></tr></table><p class="totop"><a href="#summary">back to summary</a></p>
<h3 id="m56">WrongGetUserPostTest#getUserPostWithPageEqual0</h3><table class="result"><tr><th>Exception</th></tr><tr><td><div class="stacktrace">java.lang.NullPointerException: Cannot invoke &quot;io.restassured.response.Response.jsonPath()&quot; because &quot;this.response&quot; is null
	at GetPostTest.createPost(GetPostTest.java:21)
	at java.base/java.util.ArrayList.forEach(ArrayList.java:1511)
... Removed 41 stack frames</div></td></tr></table><p class="totop"><a href="#summary">back to summary</a></p>
<h3 id="m57">WrongGetUserPostTest#getUserPostWithPerPageEqual0</h3><table class="result"><tr><th>Exception</th></tr><tr><td><div class="stacktrace">java.lang.NullPointerException: Cannot invoke &quot;io.restassured.response.Response.jsonPath()&quot; because &quot;this.response&quot; is null
	at GetPostTest.createPost(GetPostTest.java:21)
	at java.base/java.util.ArrayList.forEach(ArrayList.java:1511)
... Removed 41 stack frames</div></td></tr></table><p class="totop"><a href="#summary">back to summary</a></p>
<h3 id="m58">WrongGetUserPostTest#getUserPostWithoutPage</h3><table class="result"><tr><th>Exception</th></tr><tr><td><div class="stacktrace">java.lang.NullPointerException: Cannot invoke &quot;io.restassured.response.Response.jsonPath()&quot; because &quot;this.response&quot; is null
	at GetPostTest.createPost(GetPostTest.java:21)
	at java.base/java.util.ArrayList.forEach(ArrayList.java:1511)
... Removed 41 stack frames</div></td></tr></table><p class="totop"><a href="#summary">back to summary</a></p>
<h3 id="m59">WrongGetUserPostTest#getUserPostWithoutPerPage</h3><table class="result"><tr><th>Exception</th></tr><tr><td><div class="stacktrace">java.lang.NullPointerException: Cannot invoke &quot;io.restassured.response.Response.jsonPath()&quot; because &quot;this.response&quot; is null
	at GetPostTest.createPost(GetPostTest.java:21)
	at java.base/java.util.ArrayList.forEach(ArrayList.java:1511)
... Removed 41 stack frames</div></td></tr></table><p class="totop"><a href="#summary">back to summary</a></p>
<h3 id="m60">WrongGetUserPostTest#getUserPostWithoutToken</h3><table class="result"><tr><th>Exception</th></tr><tr><td><div class="stacktrace">java.lang.NullPointerException: Cannot invoke &quot;io.restassured.response.Response.jsonPath()&quot; because &quot;this.response&quot; is null
	at GetPostTest.createPost(GetPostTest.java:21)
	at java.base/java.util.ArrayList.forEach(ArrayList.java:1511)
... Removed 41 stack frames</div></td></tr></table><p class="totop"><a href="#summary">back to summary</a></p>
<h3 id="m61">AllNewsPageGetTest#allNewsPageGetTest</h3><table class="result"><tr><th class="invisible"/></tr></table><p class="totop"><a href="#summary">back to summary</a></p>
<h3 id="m62">DeleteUserTest#deleteUser</h3><table class="result"><tr><th class="invisible"/></tr></table><p class="totop"><a href="#summary">back to summary</a></p>
<h3 id="m63">DeleteUserTest#deleteWithEmptyToken</h3><table class="result"><tr><th class="invisible"/></tr></table><p class="totop"><a href="#summary">back to summary</a></p>
<h3 id="m64">DeleteUserTest#deleteWithoutToken</h3><table class="result"><tr><th class="invisible"/></tr></table><p class="totop"><a href="#summary">back to summary</a></p>
<h3 id="m65">GetFileTest#getFileTest</h3><table class="result"><tr><th class="invisible"/></tr></table><p class="totop"><a href="#summary">back to summary</a></p>
<h3 id="m66">SuccessRegistrationTest#registrationTest</h3><table class="result"><tr><th class="invisible"/></tr></table><p class="totop"><a href="#summary">back to summary</a></p>
<h3 id="m67">UploadFileTest#uploadFileTest</h3><table class="result"><tr><th class="invisible"/></tr></table><p class="totop"><a href="#summary">back to summary</a></p>
<h3 id="m68">WrongGetFileTest#getFileWithoutFileNameTest</h3><table class="result"><tr><th class="invisible"/></tr></table><p class="totop"><a href="#summary">back to summary</a></p>
<h3 id="m69">WrongGetUserInfoTest#withWrongUserId</h3><table class="result"><tr><th class="invisible"/></tr></table><p class="totop"><a href="#summary">back to summary</a></p>
<h3 id="m70">WrongRegistrationTest#regWithEmptyAllFields</h3><table class="result"><tr><th class="invisible"/></tr></table><p class="totop"><a href="#summary">back to summary</a></p>
<h3 id="m71">WrongRegistrationTest#regWithExistingEmail</h3><table class="result"><tr><th class="invisible"/></tr></table><p class="totop"><a href="#summary">back to summary</a></p>
<h3 id="m72">WrongRegistrationTest#regWithNullAllFields</h3><table class="result"><tr><th class="invisible"/></tr></table><p class="totop"><a href="#summary">back to summary</a></p>
<h3 id="m73">WrongRegistrationTest#regWithWrongName</h3><table class="result"><tr><th class="invisible"/></tr></table><p class="totop"><a href="#summary">back to summary</a></p>
<h3 id="m74">WrongRegistrationTest#regWithWrongRole</h3><table class="result"><tr><th class="invisible"/></tr></table><p class="totop"><a href="#summary">back to summary</a></p>
<h3 id="m75">WrongRegistrationTest#regWithoutEmail</h3><table class="result"><tr><th class="invisible"/></tr></table><p class="totop"><a href="#summary">back to summary</a></p>
<h3 id="m76">WrongRegistrationTest#regWithoutName</h3><table class="result"><tr><th class="invisible"/></tr></table><p class="totop"><a href="#summary">back to summary</a></p>
<h3 id="m77">WrongUploadFileTest#uploadFileWithNonFormDataTest</h3><table class="result"><tr><th class="invisible"/></tr></table><p class="totop"><a href="#summary">back to summary</a></p>
</body>
</html>
