<!DOCTYPE html>

<html>
  <head>
  <meta charset='utf-8'>
  <title>TestNG reports</title>

    <link type="text/css" href="testng-reports1.css" rel="stylesheet" id="ultra" />
    <link type="text/css" href="testng-reports.css" rel="stylesheet" id="retro" disabled="false"/>
    <script type="text/javascript" src="jquery.min.js"></script>
    <script type="text/javascript" src="testng-reports.js"></script>
    <script type="text/javascript" src="https://www.google.com/jsapi"></script>
    <script type='text/javascript'>
      google.load('visualization', '1', {packages:['table']});
      google.setOnLoadCallback(drawTable);
      var suiteTableInitFunctions = new Array();
      var suiteTableData = new Array();
    </script>
    <!--
      <script type="text/javascript" src="jquery-ui/js/jquery-ui-1.8.16.custom.min.js"></script>
     -->
  </head>

  <body>
    <div class="top-banner-root">
      <span class="top-banner-title-font">Test results</span>
      <button id="button" class="button">Switch Retro Theme</button> <!-- button -->
      <br/>
      <span class="top-banner-font-1">1 suite, 35 failed tests</span>
    </div> <!-- top-banner-root -->
    <div class="navigator-root">
      <div class="navigator-suite-header">
        <span>All suites</span>
        <a href="#" title="Collapse/expand all the suites" class="collapse-all-link">
          <img src="collapseall.gif" class="collapse-all-icon">
          </img> <!-- collapse-all-icon -->
        </a> <!-- collapse-all-link -->
      </div> <!-- navigator-suite-header -->
      <div class="suite">
        <div class="rounded-window">
          <div class="suite-header light-rounded-window-top">
            <a href="#" panel-name="suite-Command_line_suite" class="navigator-link">
              <span class="suite-name border-failed">Command line suite</span>
            </a> <!-- navigator-link -->
          </div> <!-- suite-header light-rounded-window-top -->
          <div class="navigator-suite-content">
            <div class="suite-section-title">
              <span>Info</span>
            </div> <!-- suite-section-title -->
            <div class="suite-section-content">
              <ul>
                <li>
                  <a href="#" panel-name="test-xml-Command_line_suite" class="navigator-link ">
                    <span>[unset file name]</span>
                  </a> <!-- navigator-link  -->
                </li>
                <li>
                  <a href="#" panel-name="testlist-Command_line_suite" class="navigator-link ">
                    <span class="test-stats">1 test</span>
                  </a> <!-- navigator-link  -->
                </li>
                <li>
                  <a href="#" panel-name="group-Command_line_suite" class="navigator-link ">
                    <span>0 groups</span>
                  </a> <!-- navigator-link  -->
                </li>
                <li>
                  <a href="#" panel-name="times-Command_line_suite" class="navigator-link ">
                    <span>Times</span>
                  </a> <!-- navigator-link  -->
                </li>
                <li>
                  <a href="#" panel-name="reporter-Command_line_suite" class="navigator-link ">
                    <span>Reporter output</span>
                  </a> <!-- navigator-link  -->
                </li>
                <li>
                  <a href="#" panel-name="ignored-methods-Command_line_suite" class="navigator-link ">
                    <span>Ignored methods</span>
                  </a> <!-- navigator-link  -->
                </li>
                <li>
                  <a href="#" panel-name="chronological-Command_line_suite" class="navigator-link ">
                    <span>Chronological view</span>
                  </a> <!-- navigator-link  -->
                </li>
              </ul>
            </div> <!-- suite-section-content -->
            <div class="result-section">
              <div class="suite-section-title">
                <span>Results</span>
              </div> <!-- suite-section-title -->
              <div class="suite-section-content">
                <ul>
                  <li>
                    <span class="method-stats">65 methods, 35 failed,  13 skipped,  17 passed</span>
                  </li>
                  <li>
                    <span class="method-list-title failed">Failed methods</span>
                    <span class="show-or-hide-methods failed">
                      <a href="#" panel-name="suite-Command_line_suite" class="hide-methods failed suite-Command_line_suite"> (hide)</a> <!-- hide-methods failed suite-Command_line_suite -->
                      <a href="#" panel-name="suite-Command_line_suite" class="show-methods failed suite-Command_line_suite"> (show)</a> <!-- show-methods failed suite-Command_line_suite -->
                    </span>
                    <div class="method-list-content failed suite-Command_line_suite">
                      <span>
                        <img src="failed.png" width="3%"/>
                        <a href="#" panel-name="suite-Command_line_suite" title="WrongLoginTest" class="method navigator-link" hash-for-method="WithoutEmail">WithoutEmail</a> <!-- method navigator-link -->
                      </span>
                      <br/>
                      <span>
                        <img src="failed.png" width="3%"/>
                        <a href="#" panel-name="suite-Command_line_suite" title="ChangePostTest" class="method navigator-link" hash-for-method="changePostTest">changePostTest</a> <!-- method navigator-link -->
                      </span>
                      <br/>
                      <span>
                        <img src="failed.png" width="3%"/>
                        <a href="#" panel-name="suite-Command_line_suite" title="ChangeUserInfoTest" class="method navigator-link" hash-for-method="changeUserInfoSuccess">changeUserInfoSuccess</a> <!-- method navigator-link -->
                      </span>
                      <br/>
                      <span>
                        <img src="failed.png" width="3%"/>
                        <a href="#" panel-name="suite-Command_line_suite" title="WrongLoginTest" class="method navigator-link" hash-for-method="correctEmailWithoutPassword">correctEmailWithoutPassword</a> <!-- method navigator-link -->
                      </span>
                      <br/>
                      <span>
                        <img src="failed.png" width="3%"/>
                        <a href="#" panel-name="suite-Command_line_suite" title="CreatePostTest" class="method navigator-link" hash-for-method="createPostTest">createPostTest</a> <!-- method navigator-link -->
                      </span>
                      <br/>
                      <span>
                        <img src="failed.png" width="3%"/>
                        <a href="#" panel-name="suite-Command_line_suite" title="DeletePostTest" class="method navigator-link" hash-for-method="deletePostTest">deletePostTest</a> <!-- method navigator-link -->
                      </span>
                      <br/>
                      <span>
                        <img src="failed.png" width="3%"/>
                        <a href="#" panel-name="suite-Command_line_suite" title="WrongDeletePostTest" class="method navigator-link" hash-for-method="deletePostTestWithWrongId">deletePostTestWithWrongId</a> <!-- method navigator-link -->
                      </span>
                      <br/>
                      <span>
                        <img src="failed.png" width="3%"/>
                        <a href="#" panel-name="suite-Command_line_suite" title="WrongDeletePostTest" class="method navigator-link" hash-for-method="deletePostTestWithoutToken">deletePostTestWithoutToken</a> <!-- method navigator-link -->
                      </span>
                      <br/>
                      <span>
                        <img src="failed.png" width="3%"/>
                        <a href="#" panel-name="suite-Command_line_suite" title="WrongLoginTest" class="method navigator-link" hash-for-method="emptyEmail">emptyEmail</a> <!-- method navigator-link -->
                      </span>
                      <br/>
                      <span>
                        <img src="failed.png" width="3%"/>
                        <a href="#" panel-name="suite-Command_line_suite" title="WrongLoginTest" class="method navigator-link" hash-for-method="emptyEmailAndPassword">emptyEmailAndPassword</a> <!-- method navigator-link -->
                      </span>
                      <br/>
                      <span>
                        <img src="failed.png" width="3%"/>
                        <a href="#" panel-name="suite-Command_line_suite" title="WrongLoginTest" class="method navigator-link" hash-for-method="emptyPassword">emptyPassword</a> <!-- method navigator-link -->
                      </span>
                      <br/>
                      <span>
                        <img src="failed.png" width="3%"/>
                        <a href="#" panel-name="suite-Command_line_suite" title="WrongGetPostTest" class="method navigator-link" hash-for-method="getPostWithPageEqual0">getPostWithPageEqual0</a> <!-- method navigator-link -->
                      </span>
                      <br/>
                      <span>
                        <img src="failed.png" width="3%"/>
                        <a href="#" panel-name="suite-Command_line_suite" title="WrongGetPostTest" class="method navigator-link" hash-for-method="getPostWithPerPageEqual0">getPostWithPerPageEqual0</a> <!-- method navigator-link -->
                      </span>
                      <br/>
                      <span>
                        <img src="failed.png" width="3%"/>
                        <a href="#" panel-name="suite-Command_line_suite" title="WrongGetPostTest" class="method navigator-link" hash-for-method="getPostWithoutPage">getPostWithoutPage</a> <!-- method navigator-link -->
                      </span>
                      <br/>
                      <span>
                        <img src="failed.png" width="3%"/>
                        <a href="#" panel-name="suite-Command_line_suite" title="WrongGetPostTest" class="method navigator-link" hash-for-method="getPostWithoutPerPage">getPostWithoutPerPage</a> <!-- method navigator-link -->
                      </span>
                      <br/>
                      <span>
                        <img src="failed.png" width="3%"/>
                        <a href="#" panel-name="suite-Command_line_suite" title="GetUserInfoTest" class="method navigator-link" hash-for-method="getUserInfoByIdTest">getUserInfoByIdTest</a> <!-- method navigator-link -->
                      </span>
                      <br/>
                      <span>
                        <img src="failed.png" width="3%"/>
                        <a href="#" panel-name="suite-Command_line_suite" title="GetUserInfoTest" class="method navigator-link" hash-for-method="getUsers">getUsers</a> <!-- method navigator-link -->
                      </span>
                      <br/>
                      <span>
                        <img src="failed.png" width="3%"/>
                        <a href="#" panel-name="suite-Command_line_suite" title="WrongLoginTest" class="method navigator-link" hash-for-method="incorrectEmail1">incorrectEmail1</a> <!-- method navigator-link -->
                      </span>
                      <br/>
                      <span>
                        <img src="failed.png" width="3%"/>
                        <a href="#" panel-name="suite-Command_line_suite" title="WrongLoginTest" class="method navigator-link" hash-for-method="incorrectEmail2">incorrectEmail2</a> <!-- method navigator-link -->
                      </span>
                      <br/>
                      <span>
                        <img src="failed.png" width="3%"/>
                        <a href="#" panel-name="suite-Command_line_suite" title="WrongLoginTest" class="method navigator-link" hash-for-method="incorrectEmail3">incorrectEmail3</a> <!-- method navigator-link -->
                      </span>
                      <br/>
                      <span>
                        <img src="failed.png" width="3%"/>
                        <a href="#" panel-name="suite-Command_line_suite" title="WrongLoginTest" class="method navigator-link" hash-for-method="incorrectEmail4">incorrectEmail4</a> <!-- method navigator-link -->
                      </span>
                      <br/>
                      <span>
                        <img src="failed.png" width="3%"/>
                        <a href="#" panel-name="suite-Command_line_suite" title="WrongLoginTest" class="method navigator-link" hash-for-method="incorrectEmail5">incorrectEmail5</a> <!-- method navigator-link -->
                      </span>
                      <br/>
                      <span>
                        <img src="failed.png" width="3%"/>
                        <a href="#" panel-name="suite-Command_line_suite" title="WrongRegistrationTest" class="method navigator-link" hash-for-method="regWithoutPassword">regWithoutPassword</a> <!-- method navigator-link -->
                      </span>
                      <br/>
                      <span>
                        <img src="failed.png" width="3%"/>
                        <a href="#" panel-name="suite-Command_line_suite" title="WrongRegistrationTest" class="method navigator-link" hash-for-method="regWithoutRole">regWithoutRole</a> <!-- method navigator-link -->
                      </span>
                      <br/>
                      <span>
                        <img src="failed.png" width="3%"/>
                        <a href="#" panel-name="suite-Command_line_suite" title="SuccessAuthorizationTest" class="method navigator-link" hash-for-method="successAuthorizationTest">successAuthorizationTest</a> <!-- method navigator-link -->
                      </span>
                      <br/>
                      <span>
                        <img src="failed.png" width="3%"/>
                        <a href="#" panel-name="suite-Command_line_suite" title="WrongLoginTest" class="method navigator-link" hash-for-method="userDoesNotExist">userDoesNotExist</a> <!-- method navigator-link -->
                      </span>
                      <br/>
                      <span>
                        <img src="failed.png" width="3%"/>
                        <a href="#" panel-name="suite-Command_line_suite" title="WrongLoginTest" class="method navigator-link" hash-for-method="withoutEmailAndPassword">withoutEmailAndPassword</a> <!-- method navigator-link -->
                      </span>
                      <br/>
                      <span>
                        <img src="failed.png" width="3%"/>
                        <a href="#" panel-name="suite-Command_line_suite" title="WrongChangePostTest" class="method navigator-link" hash-for-method="wrongChangePostTestWithEmptyDescription">wrongChangePostTestWithEmptyDescription</a> <!-- method navigator-link -->
                      </span>
                      <br/>
                      <span>
                        <img src="failed.png" width="3%"/>
                        <a href="#" panel-name="suite-Command_line_suite" title="WrongChangePostTest" class="method navigator-link" hash-for-method="wrongChangePostTestWithEmptyTags">wrongChangePostTestWithEmptyTags</a> <!-- method navigator-link -->
                      </span>
                      <br/>
                      <span>
                        <img src="failed.png" width="3%"/>
                        <a href="#" panel-name="suite-Command_line_suite" title="WrongChangePostTest" class="method navigator-link" hash-for-method="wrongChangePostTestWithEmptyTitle">wrongChangePostTestWithEmptyTitle</a> <!-- method navigator-link -->
                      </span>
                      <br/>
                      <span>
                        <img src="failed.png" width="3%"/>
                        <a href="#" panel-name="suite-Command_line_suite" title="WrongChangePostTest" class="method navigator-link" hash-for-method="wrongChangePostTestWithWrongId">wrongChangePostTestWithWrongId</a> <!-- method navigator-link -->
                      </span>
                      <br/>
                      <span>
                        <img src="failed.png" width="3%"/>
                        <a href="#" panel-name="suite-Command_line_suite" title="WrongChangePostTest" class="method navigator-link" hash-for-method="wrongChangePostTestWithoutDescription">wrongChangePostTestWithoutDescription</a> <!-- method navigator-link -->
                      </span>
                      <br/>
                      <span>
                        <img src="failed.png" width="3%"/>
                        <a href="#" panel-name="suite-Command_line_suite" title="WrongChangePostTest" class="method navigator-link" hash-for-method="wrongChangePostTestWithoutImage">wrongChangePostTestWithoutImage</a> <!-- method navigator-link -->
                      </span>
                      <br/>
                      <span>
                        <img src="failed.png" width="3%"/>
                        <a href="#" panel-name="suite-Command_line_suite" title="WrongChangePostTest" class="method navigator-link" hash-for-method="wrongChangePostTestWithoutTitle">wrongChangePostTestWithoutTitle</a> <!-- method navigator-link -->
                      </span>
                      <br/>
                      <span>
                        <img src="failed.png" width="3%"/>
                        <a href="#" panel-name="suite-Command_line_suite" title="WrongChangePostTest" class="method navigator-link" hash-for-method="wrongChangePostTestWithoutToken">wrongChangePostTestWithoutToken</a> <!-- method navigator-link -->
                      </span>
                      <br/>
                    </div> <!-- method-list-content failed suite-Command_line_suite -->
                  </li>
                  <li>
                    <span class="method-list-title skipped">Skipped methods</span>
                    <span class="show-or-hide-methods skipped">
                      <a href="#" panel-name="suite-Command_line_suite" class="hide-methods skipped suite-Command_line_suite"> (hide)</a> <!-- hide-methods skipped suite-Command_line_suite -->
                      <a href="#" panel-name="suite-Command_line_suite" class="show-methods skipped suite-Command_line_suite"> (show)</a> <!-- show-methods skipped suite-Command_line_suite -->
                    </span>
                    <div class="method-list-content skipped suite-Command_line_suite">
                      <span>
                        <img src="skipped.png" width="3%"/>
                        <a href="#" panel-name="suite-Command_line_suite" title="WrongGetSpecificPostTest" class="method navigator-link" hash-for-method="getPostTest">getPostTest</a> <!-- method navigator-link -->
                      </span>
                      <br/>
                      <span>
                        <img src="skipped.png" width="3%"/>
                        <a href="#" panel-name="suite-Command_line_suite" title="WrongGetUserPostTest" class="method navigator-link" hash-for-method="getPostTest">getPostTest</a> <!-- method navigator-link -->
                      </span>
                      <br/>
                      <span>
                        <img src="skipped.png" width="3%"/>
                        <a href="#" panel-name="suite-Command_line_suite" title="GetPostTest" class="method navigator-link" hash-for-method="getPostTest">getPostTest</a> <!-- method navigator-link -->
                      </span>
                      <br/>
                      <span>
                        <img src="skipped.png" width="3%"/>
                        <a href="#" panel-name="suite-Command_line_suite" title="WrongGetSpecificPostTest" class="method navigator-link" hash-for-method="getPostWithoutPageTest">getPostWithoutPageTest</a> <!-- method navigator-link -->
                      </span>
                      <br/>
                      <span>
                        <img src="skipped.png" width="3%"/>
                        <a href="#" panel-name="suite-Command_line_suite" title="WrongGetSpecificPostTest" class="method navigator-link" hash-for-method="getPostWithoutPerPageTest">getPostWithoutPerPageTest</a> <!-- method navigator-link -->
                      </span>
                      <br/>
                      <span>
                        <img src="skipped.png" width="3%"/>
                        <a href="#" panel-name="suite-Command_line_suite" title="WrongGetUserPostTest" class="method navigator-link" hash-for-method="getUserPostTest">getUserPostTest</a> <!-- method navigator-link -->
                      </span>
                      <br/>
                      <span>
                        <img src="skipped.png" width="3%"/>
                        <a href="#" panel-name="suite-Command_line_suite" title="GetPostTest" class="method navigator-link" hash-for-method="getUserPostTest">getUserPostTest</a> <!-- method navigator-link -->
                      </span>
                      <br/>
                      <span>
                        <img src="skipped.png" width="3%"/>
                        <a href="#" panel-name="suite-Command_line_suite" title="WrongGetSpecificPostTest" class="method navigator-link" hash-for-method="getUserPostTest">getUserPostTest</a> <!-- method navigator-link -->
                      </span>
                      <br/>
                      <span>
                        <img src="skipped.png" width="3%"/>
                        <a href="#" panel-name="suite-Command_line_suite" title="WrongGetUserPostTest" class="method navigator-link" hash-for-method="getUserPostWithPageEqual0">getUserPostWithPageEqual0</a> <!-- method navigator-link -->
                      </span>
                      <br/>
                      <span>
                        <img src="skipped.png" width="3%"/>
                        <a href="#" panel-name="suite-Command_line_suite" title="WrongGetUserPostTest" class="method navigator-link" hash-for-method="getUserPostWithPerPageEqual0">getUserPostWithPerPageEqual0</a> <!-- method navigator-link -->
                      </span>
                      <br/>
                      <span>
                        <img src="skipped.png" width="3%"/>
                        <a href="#" panel-name="suite-Command_line_suite" title="WrongGetUserPostTest" class="method navigator-link" hash-for-method="getUserPostWithoutPage">getUserPostWithoutPage</a> <!-- method navigator-link -->
                      </span>
                      <br/>
                      <span>
                        <img src="skipped.png" width="3%"/>
                        <a href="#" panel-name="suite-Command_line_suite" title="WrongGetUserPostTest" class="method navigator-link" hash-for-method="getUserPostWithoutPerPage">getUserPostWithoutPerPage</a> <!-- method navigator-link -->
                      </span>
                      <br/>
                      <span>
                        <img src="skipped.png" width="3%"/>
                        <a href="#" panel-name="suite-Command_line_suite" title="WrongGetUserPostTest" class="method navigator-link" hash-for-method="getUserPostWithoutToken">getUserPostWithoutToken</a> <!-- method navigator-link -->
                      </span>
                      <br/>
                    </div> <!-- method-list-content skipped suite-Command_line_suite -->
                  </li>
                  <li>
                    <span class="method-list-title passed">Passed methods</span>
                    <span class="show-or-hide-methods passed">
                      <a href="#" panel-name="suite-Command_line_suite" class="hide-methods passed suite-Command_line_suite"> (hide)</a> <!-- hide-methods passed suite-Command_line_suite -->
                      <a href="#" panel-name="suite-Command_line_suite" class="show-methods passed suite-Command_line_suite"> (show)</a> <!-- show-methods passed suite-Command_line_suite -->
                    </span>
                    <div class="method-list-content passed suite-Command_line_suite">
                      <span>
                        <img src="passed.png" width="3%"/>
                        <a href="#" panel-name="suite-Command_line_suite" title="AllNewsPageGetTest" class="method navigator-link" hash-for-method="allNewsPageGetTest">allNewsPageGetTest</a> <!-- method navigator-link -->
                      </span>
                      <br/>
                      <span>
                        <img src="passed.png" width="3%"/>
                        <a href="#" panel-name="suite-Command_line_suite" title="DeleteUserTest" class="method navigator-link" hash-for-method="deleteUser">deleteUser</a> <!-- method navigator-link -->
                      </span>
                      <br/>
                      <span>
                        <img src="passed.png" width="3%"/>
                        <a href="#" panel-name="suite-Command_line_suite" title="DeleteUserTest" class="method navigator-link" hash-for-method="deleteWithEmptyToken">deleteWithEmptyToken</a> <!-- method navigator-link -->
                      </span>
                      <br/>
                      <span>
                        <img src="passed.png" width="3%"/>
                        <a href="#" panel-name="suite-Command_line_suite" title="DeleteUserTest" class="method navigator-link" hash-for-method="deleteWithoutToken">deleteWithoutToken</a> <!-- method navigator-link -->
                      </span>
                      <br/>
                      <span>
                        <img src="passed.png" width="3%"/>
                        <a href="#" panel-name="suite-Command_line_suite" title="GetFileTest" class="method navigator-link" hash-for-method="getFileTest">getFileTest</a> <!-- method navigator-link -->
                      </span>
                      <br/>
                      <span>
                        <img src="passed.png" width="3%"/>
                        <a href="#" panel-name="suite-Command_line_suite" title="WrongGetFileTest" class="method navigator-link" hash-for-method="getFileWithoutFileNameTest">getFileWithoutFileNameTest</a> <!-- method navigator-link -->
                      </span>
                      <br/>
                      <span>
                        <img src="passed.png" width="3%"/>
                        <a href="#" panel-name="suite-Command_line_suite" title="WrongRegistrationTest" class="method navigator-link" hash-for-method="regWithEmptyAllFields">regWithEmptyAllFields</a> <!-- method navigator-link -->
                      </span>
                      <br/>
                      <span>
                        <img src="passed.png" width="3%"/>
                        <a href="#" panel-name="suite-Command_line_suite" title="WrongRegistrationTest" class="method navigator-link" hash-for-method="regWithExistingEmail">regWithExistingEmail</a> <!-- method navigator-link -->
                      </span>
                      <br/>
                      <span>
                        <img src="passed.png" width="3%"/>
                        <a href="#" panel-name="suite-Command_line_suite" title="WrongRegistrationTest" class="method navigator-link" hash-for-method="regWithNullAllFields">regWithNullAllFields</a> <!-- method navigator-link -->
                      </span>
                      <br/>
                      <span>
                        <img src="passed.png" width="3%"/>
                        <a href="#" panel-name="suite-Command_line_suite" title="WrongRegistrationTest" class="method navigator-link" hash-for-method="regWithWrongName">regWithWrongName</a> <!-- method navigator-link -->
                      </span>
                      <br/>
                      <span>
                        <img src="passed.png" width="3%"/>
                        <a href="#" panel-name="suite-Command_line_suite" title="WrongRegistrationTest" class="method navigator-link" hash-for-method="regWithWrongRole">regWithWrongRole</a> <!-- method navigator-link -->
                      </span>
                      <br/>
                      <span>
                        <img src="passed.png" width="3%"/>
                        <a href="#" panel-name="suite-Command_line_suite" title="WrongRegistrationTest" class="method navigator-link" hash-for-method="regWithoutEmail">regWithoutEmail</a> <!-- method navigator-link -->
                      </span>
                      <br/>
                      <span>
                        <img src="passed.png" width="3%"/>
                        <a href="#" panel-name="suite-Command_line_suite" title="WrongRegistrationTest" class="method navigator-link" hash-for-method="regWithoutName">regWithoutName</a> <!-- method navigator-link -->
                      </span>
                      <br/>
                      <span>
                        <img src="passed.png" width="3%"/>
                        <a href="#" panel-name="suite-Command_line_suite" title="SuccessRegistrationTest" class="method navigator-link" hash-for-method="registrationTest">registrationTest</a> <!-- method navigator-link -->
                      </span>
                      <br/>
                      <span>
                        <img src="passed.png" width="3%"/>
                        <a href="#" panel-name="suite-Command_line_suite" title="UploadFileTest" class="method navigator-link" hash-for-method="uploadFileTest">uploadFileTest</a> <!-- method navigator-link -->
                      </span>
                      <br/>
                      <span>
                        <img src="passed.png" width="3%"/>
                        <a href="#" panel-name="suite-Command_line_suite" title="WrongUploadFileTest" class="method navigator-link" hash-for-method="uploadFileWithNonFormDataTest">uploadFileWithNonFormDataTest</a> <!-- method navigator-link -->
                      </span>
                      <br/>
                      <span>
                        <img src="passed.png" width="3%"/>
                        <a href="#" panel-name="suite-Command_line_suite" title="WrongGetUserInfoTest" class="method navigator-link" hash-for-method="withWrongUserId">withWrongUserId</a> <!-- method navigator-link -->
                      </span>
                      <br/>
                    </div> <!-- method-list-content passed suite-Command_line_suite -->
                  </li>
                </ul>
              </div> <!-- suite-section-content -->
            </div> <!-- result-section -->
          </div> <!-- navigator-suite-content -->
        </div> <!-- rounded-window -->
      </div> <!-- suite -->
    </div> <!-- navigator-root -->
    <div class="wrapper">
      <div class="main-panel-root">
        <div panel-name="suite-Command_line_suite" class="panel Command_line_suite">
          <div class="suite-Command_line_suite-class-failed">
            <div class="main-panel-header rounded-window-top">
              <img src="failed.png"/>
              <span class="class-name">CreatePostTest</span>
            </div> <!-- main-panel-header rounded-window-top -->
            <div class="main-panel-content rounded-window-bottom">
              <div class="method">
                <div class="method-content">
                  <a name="createPostTest">
                  </a> <!-- createPostTest -->
                  <span class="method-name">createPostTest</span>
                  <div class="stack-trace">java.lang.IllegalArgumentException: Header value cannot be null
	at org.codehaus.groovy.runtime.callsite.ConstructorSite$ConstructorSiteNoUnwrap.callConstructor(ConstructorSite.java:84)
	at org.codehaus.groovy.runtime.callsite.CallSiteArray.defaultCallConstructor(CallSiteArray.java:59)
	at org.codehaus.groovy.runtime.callsite.AbstractCallSite.callConstructor(AbstractCallSite.java:263)
	at org.codehaus.groovy.runtime.callsite.AbstractCallSite.callConstructor(AbstractCallSite.java:277)
	at io.restassured.internal.common.assertion.AssertParameter.notNull(AssertParameter.groovy:26)
	at io.restassured.internal.common.assertion.AssertParameter$notNull.callStatic(Unknown Source)
	at org.codehaus.groovy.runtime.callsite.CallSiteArray.defaultCallStatic(CallSiteArray.java:55)
	at io.restassured.internal.common.assertion.AssertParameter$notNull.callStatic(Unknown Source)
	at io.restassured.internal.RequestSpecificationImpl.header(RequestSpecificationImpl.groovy:843)
	at Methods.createPost(Methods.java:106)
	at CreatePostTest.createPostTest(CreatePostTest.java:17)
	at java.base/java.util.ArrayList.forEach(ArrayList.java:1511)
... Removed 44 stack frames
</div> <!-- stack-trace -->
                </div> <!-- method-content -->
              </div> <!-- method -->
            </div> <!-- main-panel-content rounded-window-bottom -->
          </div> <!-- suite-Command_line_suite-class-failed -->
          <div class="suite-Command_line_suite-class-failed">
            <div class="main-panel-header rounded-window-top">
              <img src="failed.png"/>
              <span class="class-name">WrongRegistrationTest</span>
            </div> <!-- main-panel-header rounded-window-top -->
            <div class="main-panel-content rounded-window-bottom">
              <div class="method">
                <div class="method-content">
                  <a name="regWithoutPassword">
                  </a> <!-- regWithoutPassword -->
                  <span class="method-name">regWithoutPassword</span>
                  <div class="stack-trace">org.assertj.core.error.AssertJMultipleFailuresError: 
Multiple Failures (1 failure)
-- failure 1 --
Expecting ArrayList:
 &lt;[30]&gt;
to contain:
 &lt;[25]&gt;
but could not find the following element(s):
 &lt;[25]&gt;

at WrongRegistrationTest.regWithoutPassword(WrongRegistrationTest.java:84)
	at WrongRegistrationTest.regWithoutPassword(WrongRegistrationTest.java:86)
	at java.base/java.util.ArrayList.forEach(ArrayList.java:1511)
... Removed 41 stack frames
</div> <!-- stack-trace -->
                </div> <!-- method-content -->
              </div> <!-- method -->
              <div class="method">
                <div class="method-content">
                  <a name="regWithoutRole">
                  </a> <!-- regWithoutRole -->
                  <span class="method-name">regWithoutRole</span>
                  <div class="stack-trace">org.assertj.core.error.AssertJMultipleFailuresError: 
Multiple Failures (1 failure)
-- failure 1 --
Expecting ArrayList:
 &lt;[30]&gt;
to contain:
 &lt;[25]&gt;
but could not find the following element(s):
 &lt;[25]&gt;

at WrongRegistrationTest.regWithoutPassword(WrongRegistrationTest.java:84)
	at WrongRegistrationTest.regWithoutRole(WrongRegistrationTest.java:99)
	at java.base/java.util.ArrayList.forEach(ArrayList.java:1511)
... Removed 41 stack frames
</div> <!-- stack-trace -->
                </div> <!-- method-content -->
              </div> <!-- method -->
            </div> <!-- main-panel-content rounded-window-bottom -->
          </div> <!-- suite-Command_line_suite-class-failed -->
          <div class="suite-Command_line_suite-class-failed">
            <div class="main-panel-header rounded-window-top">
              <img src="failed.png"/>
              <span class="class-name">DeletePostTest</span>
            </div> <!-- main-panel-header rounded-window-top -->
            <div class="main-panel-content rounded-window-bottom">
              <div class="method">
                <div class="method-content">
                  <a name="deletePostTest">
                  </a> <!-- deletePostTest -->
                  <span class="method-name">deletePostTest</span>
                  <div class="stack-trace">java.lang.IllegalArgumentException: Header value cannot be null
	at org.codehaus.groovy.runtime.callsite.ConstructorSite$ConstructorSiteNoUnwrap.callConstructor(ConstructorSite.java:84)
	at org.codehaus.groovy.runtime.callsite.AbstractCallSite.callConstructor(AbstractCallSite.java:277)
	at io.restassured.internal.common.assertion.AssertParameter.notNull(AssertParameter.groovy:26)
	at io.restassured.internal.common.assertion.AssertParameter$notNull.callStatic(Unknown Source)
	at org.codehaus.groovy.runtime.callsite.CallSiteArray.defaultCallStatic(CallSiteArray.java:55)
	at io.restassured.internal.common.assertion.AssertParameter$notNull.callStatic(Unknown Source)
	at io.restassured.internal.RequestSpecificationImpl.header(RequestSpecificationImpl.groovy:843)
	at Methods.createPost(Methods.java:106)
	at DeletePostTest.deletePostTest(DeletePostTest.java:18)
	at java.base/java.util.ArrayList.forEach(ArrayList.java:1511)
... Removed 44 stack frames
</div> <!-- stack-trace -->
                </div> <!-- method-content -->
              </div> <!-- method -->
            </div> <!-- main-panel-content rounded-window-bottom -->
          </div> <!-- suite-Command_line_suite-class-failed -->
          <div class="suite-Command_line_suite-class-failed">
            <div class="main-panel-header rounded-window-top">
              <img src="failed.png"/>
              <span class="class-name">WrongLoginTest</span>
            </div> <!-- main-panel-header rounded-window-top -->
            <div class="main-panel-content rounded-window-bottom">
              <div class="method">
                <div class="method-content">
                  <a name="WithoutEmail">
                  </a> <!-- WithoutEmail -->
                  <span class="method-name">WithoutEmail</span>
                  <div class="stack-trace">org.assertj.core.error.AssertJMultipleFailuresError: 
Multiple Failures (1 failure)
-- failure 1 --
Expecting ArrayList:
 &lt;[4]&gt;
to contain:
 &lt;[8]&gt;
but could not find the following element(s):
 &lt;[8]&gt;

at WrongLoginTest.WithoutEmail(WrongLoginTest.java:240)
	at WrongLoginTest.WithoutEmail(WrongLoginTest.java:242)
	at java.base/java.util.ArrayList.forEach(ArrayList.java:1511)
... Removed 41 stack frames
</div> <!-- stack-trace -->
                </div> <!-- method-content -->
              </div> <!-- method -->
              <div class="method">
                <div class="method-content">
                  <a name="correctEmailWithoutPassword">
                  </a> <!-- correctEmailWithoutPassword -->
                  <span class="method-name">correctEmailWithoutPassword</span>
                  <div class="stack-trace">org.assertj.core.error.AssertJMultipleFailuresError: 
Multiple Failures (2 failures)
-- failure 1 --
Expecting ArrayList:
 &lt;[4]&gt;
to contain:
 &lt;[8]&gt;
but could not find the following element(s):
 &lt;[8]&gt;

at WrongLoginTest.WithoutEmail(WrongLoginTest.java:240)
-- failure 2 --
Expecting ArrayList:
 &lt;[5]&gt;
to contain:
 &lt;[26]&gt;
but could not find the following element(s):
 &lt;[26]&gt;

at WrongLoginTest.correctEmailWithoutPassword(WrongLoginTest.java:221)
	at WrongLoginTest.correctEmailWithoutPassword(WrongLoginTest.java:223)
	at java.base/java.util.ArrayList.forEach(ArrayList.java:1511)
... Removed 41 stack frames
</div> <!-- stack-trace -->
                </div> <!-- method-content -->
              </div> <!-- method -->
              <div class="method">
                <div class="method-content">
                  <a name="emptyEmail">
                  </a> <!-- emptyEmail -->
                  <span class="method-name">emptyEmail</span>
                  <div class="stack-trace">org.assertj.core.error.AssertJMultipleFailuresError: 
Multiple Failures (3 failures)
-- failure 1 --
Expecting ArrayList:
 &lt;[4]&gt;
to contain:
 &lt;[8]&gt;
but could not find the following element(s):
 &lt;[8]&gt;

at WrongLoginTest.WithoutEmail(WrongLoginTest.java:240)
-- failure 2 --
Expecting ArrayList:
 &lt;[5]&gt;
to contain:
 &lt;[26]&gt;
but could not find the following element(s):
 &lt;[26]&gt;

at WrongLoginTest.correctEmailWithoutPassword(WrongLoginTest.java:221)
-- failure 3 --
Expecting ArrayList:
 &lt;[3]&gt;
to contain:
 &lt;[8]&gt;
but could not find the following element(s):
 &lt;[8]&gt;

at WrongLoginTest.emptyEmail(WrongLoginTest.java:163)
	at WrongLoginTest.emptyEmail(WrongLoginTest.java:164)
	at java.base/java.util.ArrayList.forEach(ArrayList.java:1511)
... Removed 41 stack frames
</div> <!-- stack-trace -->
                </div> <!-- method-content -->
              </div> <!-- method -->
              <div class="method">
                <div class="method-content">
                  <a name="emptyEmailAndPassword">
                  </a> <!-- emptyEmailAndPassword -->
                  <span class="method-name">emptyEmailAndPassword</span>
                  <div class="stack-trace">org.assertj.core.error.AssertJMultipleFailuresError: 
Multiple Failures (4 failures)
-- failure 1 --
Expecting ArrayList:
 &lt;[4]&gt;
to contain:
 &lt;[8]&gt;
but could not find the following element(s):
 &lt;[8]&gt;

at WrongLoginTest.WithoutEmail(WrongLoginTest.java:240)
-- failure 2 --
Expecting ArrayList:
 &lt;[5]&gt;
to contain:
 &lt;[26]&gt;
but could not find the following element(s):
 &lt;[26]&gt;

at WrongLoginTest.correctEmailWithoutPassword(WrongLoginTest.java:221)
-- failure 3 --
Expecting ArrayList:
 &lt;[3]&gt;
to contain:
 &lt;[8]&gt;
but could not find the following element(s):
 &lt;[8]&gt;

at WrongLoginTest.emptyEmail(WrongLoginTest.java:163)
-- failure 4 --
Expecting ArrayList:
 &lt;[3]&gt;
to contain:
 &lt;[8, 9]&gt;
but could not find the following element(s):
 &lt;[8, 9]&gt;

at WrongLoginTest.emptyEmailAndPassword(WrongLoginTest.java:202)
	at WrongLoginTest.emptyEmailAndPassword(WrongLoginTest.java:204)
	at java.base/java.util.ArrayList.forEach(ArrayList.java:1511)
... Removed 41 stack frames
</div> <!-- stack-trace -->
                </div> <!-- method-content -->
              </div> <!-- method -->
              <div class="method">
                <div class="method-content">
                  <a name="emptyPassword">
                  </a> <!-- emptyPassword -->
                  <span class="method-name">emptyPassword</span>
                  <div class="stack-trace">org.assertj.core.error.AssertJMultipleFailuresError: 
Multiple Failures (5 failures)
-- failure 1 --
Expecting ArrayList:
 &lt;[4]&gt;
to contain:
 &lt;[8]&gt;
but could not find the following element(s):
 &lt;[8]&gt;

at WrongLoginTest.WithoutEmail(WrongLoginTest.java:240)
-- failure 2 --
Expecting ArrayList:
 &lt;[5]&gt;
to contain:
 &lt;[26]&gt;
but could not find the following element(s):
 &lt;[26]&gt;

at WrongLoginTest.correctEmailWithoutPassword(WrongLoginTest.java:221)
-- failure 3 --
Expecting ArrayList:
 &lt;[3]&gt;
to contain:
 &lt;[8]&gt;
but could not find the following element(s):
 &lt;[8]&gt;

at WrongLoginTest.emptyEmail(WrongLoginTest.java:163)
-- failure 4 --
Expecting ArrayList:
 &lt;[3]&gt;
to contain:
 &lt;[8, 9]&gt;
but could not find the following element(s):
 &lt;[8, 9]&gt;

at WrongLoginTest.emptyEmailAndPassword(WrongLoginTest.java:202)
-- failure 5 --
Expecting ArrayList:
 &lt;[5]&gt;
to contain:
 &lt;[9]&gt;
but could not find the following element(s):
 &lt;[9]&gt;

at WrongLoginTest.emptyPassword(WrongLoginTest.java:183)
	at WrongLoginTest.emptyPassword(WrongLoginTest.java:184)
	at java.base/java.util.ArrayList.forEach(ArrayList.java:1511)
... Removed 41 stack frames
</div> <!-- stack-trace -->
                </div> <!-- method-content -->
              </div> <!-- method -->
              <div class="method">
                <div class="method-content">
                  <a name="incorrectEmail1">
                  </a> <!-- incorrectEmail1 -->
                  <span class="method-name">incorrectEmail1</span>
                  <div class="stack-trace">org.assertj.core.error.AssertJMultipleFailuresError: 
Multiple Failures (6 failures)
-- failure 1 --
Expecting ArrayList:
 &lt;[4]&gt;
to contain:
 &lt;[8]&gt;
but could not find the following element(s):
 &lt;[8]&gt;

at WrongLoginTest.WithoutEmail(WrongLoginTest.java:240)
-- failure 2 --
Expecting ArrayList:
 &lt;[5]&gt;
to contain:
 &lt;[26]&gt;
but could not find the following element(s):
 &lt;[26]&gt;

at WrongLoginTest.correctEmailWithoutPassword(WrongLoginTest.java:221)
-- failure 3 --
Expecting ArrayList:
 &lt;[3]&gt;
to contain:
 &lt;[8]&gt;
but could not find the following element(s):
 &lt;[8]&gt;

at WrongLoginTest.emptyEmail(WrongLoginTest.java:163)
-- failure 4 --
Expecting ArrayList:
 &lt;[3]&gt;
to contain:
 &lt;[8, 9]&gt;
but could not find the following element(s):
 &lt;[8, 9]&gt;

at WrongLoginTest.emptyEmailAndPassword(WrongLoginTest.java:202)
-- failure 5 --
Expecting ArrayList:
 &lt;[5]&gt;
to contain:
 &lt;[9]&gt;
but could not find the following element(s):
 &lt;[9]&gt;

at WrongLoginTest.emptyPassword(WrongLoginTest.java:183)
-- failure 6 --
Expecting ArrayList:
 &lt;[0]&gt;
to contain:
 &lt;[17]&gt;
but could not find the following element(s):
 &lt;[17]&gt;

at WrongLoginTest.incorrectEmail1(WrongLoginTest.java:40)
	at WrongLoginTest.incorrectEmail1(WrongLoginTest.java:41)
	at java.base/java.util.ArrayList.forEach(ArrayList.java:1511)
... Removed 41 stack frames
</div> <!-- stack-trace -->
                </div> <!-- method-content -->
              </div> <!-- method -->
              <div class="method">
                <div class="method-content">
                  <a name="incorrectEmail2">
                  </a> <!-- incorrectEmail2 -->
                  <span class="method-name">incorrectEmail2</span>
                  <div class="stack-trace">org.assertj.core.error.AssertJMultipleFailuresError: 
Multiple Failures (7 failures)
-- failure 1 --
Expecting ArrayList:
 &lt;[4]&gt;
to contain:
 &lt;[8]&gt;
but could not find the following element(s):
 &lt;[8]&gt;

at WrongLoginTest.WithoutEmail(WrongLoginTest.java:240)
-- failure 2 --
Expecting ArrayList:
 &lt;[5]&gt;
to contain:
 &lt;[26]&gt;
but could not find the following element(s):
 &lt;[26]&gt;

at WrongLoginTest.correctEmailWithoutPassword(WrongLoginTest.java:221)
-- failure 3 --
Expecting ArrayList:
 &lt;[3]&gt;
to contain:
 &lt;[8]&gt;
but could not find the following element(s):
 &lt;[8]&gt;

at WrongLoginTest.emptyEmail(WrongLoginTest.java:163)
-- failure 4 --
Expecting ArrayList:
 &lt;[3]&gt;
to contain:
 &lt;[8, 9]&gt;
but could not find the following element(s):
 &lt;[8, 9]&gt;

at WrongLoginTest.emptyEmailAndPassword(WrongLoginTest.java:202)
-- failure 5 --
Expecting ArrayList:
 &lt;[5]&gt;
to contain:
 &lt;[9]&gt;
but could not find the following element(s):
 &lt;[9]&gt;

at WrongLoginTest.emptyPassword(WrongLoginTest.java:183)
-- failure 6 --
Expecting ArrayList:
 &lt;[0]&gt;
to contain:
 &lt;[17]&gt;
but could not find the following element(s):
 &lt;[17]&gt;

at WrongLoginTest.incorrectEmail1(WrongLoginTest.java:40)
-- failure 7 --
Expecting ArrayList:
 &lt;[0]&gt;
to contain:
 &lt;[17]&gt;
but could not find the following element(s):
 &lt;[17]&gt;

at WrongLoginTest.incorrectEmail2(WrongLoginTest.java:59)
	at WrongLoginTest.incorrectEmail2(WrongLoginTest.java:60)
	at java.base/java.util.ArrayList.forEach(ArrayList.java:1511)
... Removed 41 stack frames
</div> <!-- stack-trace -->
                </div> <!-- method-content -->
              </div> <!-- method -->
              <div class="method">
                <div class="method-content">
                  <a name="incorrectEmail3">
                  </a> <!-- incorrectEmail3 -->
                  <span class="method-name">incorrectEmail3</span>
                  <div class="stack-trace">org.assertj.core.error.AssertJMultipleFailuresError: 
Multiple Failures (8 failures)
-- failure 1 --
Expecting ArrayList:
 &lt;[4]&gt;
to contain:
 &lt;[8]&gt;
but could not find the following element(s):
 &lt;[8]&gt;

at WrongLoginTest.WithoutEmail(WrongLoginTest.java:240)
-- failure 2 --
Expecting ArrayList:
 &lt;[5]&gt;
to contain:
 &lt;[26]&gt;
but could not find the following element(s):
 &lt;[26]&gt;

at WrongLoginTest.correctEmailWithoutPassword(WrongLoginTest.java:221)
-- failure 3 --
Expecting ArrayList:
 &lt;[3]&gt;
to contain:
 &lt;[8]&gt;
but could not find the following element(s):
 &lt;[8]&gt;

at WrongLoginTest.emptyEmail(WrongLoginTest.java:163)
-- failure 4 --
Expecting ArrayList:
 &lt;[3]&gt;
to contain:
 &lt;[8, 9]&gt;
but could not find the following element(s):
 &lt;[8, 9]&gt;

at WrongLoginTest.emptyEmailAndPassword(WrongLoginTest.java:202)
-- failure 5 --
Expecting ArrayList:
 &lt;[5]&gt;
to contain:
 &lt;[9]&gt;
but could not find the following element(s):
 &lt;[9]&gt;

at WrongLoginTest.emptyPassword(WrongLoginTest.java:183)
-- failure 6 --
Expecting ArrayList:
 &lt;[0]&gt;
to contain:
 &lt;[17]&gt;
but could not find the following element(s):
 &lt;[17]&gt;

at WrongLoginTest.incorrectEmail1(WrongLoginTest.java:40)
-- failure 7 --
Expecting ArrayList:
 &lt;[0]&gt;
to contain:
 &lt;[17]&gt;
but could not find the following element(s):
 &lt;[17]&gt;

at WrongLoginTest.incorrectEmail2(WrongLoginTest.java:59)
-- failure 8 --
Expecting ArrayList:
 &lt;[5]&gt;
to contain:
 &lt;[17]&gt;
but could not find the following element(s):
 &lt;[17]&gt;

at WrongLoginTest.incorrectEmail3(WrongLoginTest.java:80)
	at WrongLoginTest.incorrectEmail3(WrongLoginTest.java:81)
	at java.base/java.util.ArrayList.forEach(ArrayList.java:1511)
... Removed 41 stack frames
</div> <!-- stack-trace -->
                </div> <!-- method-content -->
              </div> <!-- method -->
              <div class="method">
                <div class="method-content">
                  <a name="incorrectEmail4">
                  </a> <!-- incorrectEmail4 -->
                  <span class="method-name">incorrectEmail4</span>
                  <div class="stack-trace">org.assertj.core.error.AssertJMultipleFailuresError: 
Multiple Failures (9 failures)
-- failure 1 --
Expecting ArrayList:
 &lt;[4]&gt;
to contain:
 &lt;[8]&gt;
but could not find the following element(s):
 &lt;[8]&gt;

at WrongLoginTest.WithoutEmail(WrongLoginTest.java:240)
-- failure 2 --
Expecting ArrayList:
 &lt;[5]&gt;
to contain:
 &lt;[26]&gt;
but could not find the following element(s):
 &lt;[26]&gt;

at WrongLoginTest.correctEmailWithoutPassword(WrongLoginTest.java:221)
-- failure 3 --
Expecting ArrayList:
 &lt;[3]&gt;
to contain:
 &lt;[8]&gt;
but could not find the following element(s):
 &lt;[8]&gt;

at WrongLoginTest.emptyEmail(WrongLoginTest.java:163)
-- failure 4 --
Expecting ArrayList:
 &lt;[3]&gt;
to contain:
 &lt;[8, 9]&gt;
but could not find the following element(s):
 &lt;[8, 9]&gt;

at WrongLoginTest.emptyEmailAndPassword(WrongLoginTest.java:202)
-- failure 5 --
Expecting ArrayList:
 &lt;[5]&gt;
to contain:
 &lt;[9]&gt;
but could not find the following element(s):
 &lt;[9]&gt;

at WrongLoginTest.emptyPassword(WrongLoginTest.java:183)
-- failure 6 --
Expecting ArrayList:
 &lt;[0]&gt;
to contain:
 &lt;[17]&gt;
but could not find the following element(s):
 &lt;[17]&gt;

at WrongLoginTest.incorrectEmail1(WrongLoginTest.java:40)
-- failure 7 --
Expecting ArrayList:
 &lt;[0]&gt;
to contain:
 &lt;[17]&gt;
but could not find the following element(s):
 &lt;[17]&gt;

at WrongLoginTest.incorrectEmail2(WrongLoginTest.java:59)
-- failure 8 --
Expecting ArrayList:
 &lt;[5]&gt;
to contain:
 &lt;[17]&gt;
but could not find the following element(s):
 &lt;[17]&gt;

at WrongLoginTest.incorrectEmail3(WrongLoginTest.java:80)
-- failure 9 --
Expecting ArrayList:
 &lt;[0]&gt;
to contain:
 &lt;[17]&gt;
but could not find the following element(s):
 &lt;[17]&gt;

at WrongLoginTest.incorrectEmail4(WrongLoginTest.java:102)
	at WrongLoginTest.incorrectEmail4(WrongLoginTest.java:104)
	at java.base/java.util.ArrayList.forEach(ArrayList.java:1511)
... Removed 41 stack frames
</div> <!-- stack-trace -->
                </div> <!-- method-content -->
              </div> <!-- method -->
              <div class="method">
                <div class="method-content">
                  <a name="incorrectEmail5">
                  </a> <!-- incorrectEmail5 -->
                  <span class="method-name">incorrectEmail5</span>
                  <div class="stack-trace">org.assertj.core.error.AssertJMultipleFailuresError: 
Multiple Failures (10 failures)
-- failure 1 --
Expecting ArrayList:
 &lt;[4]&gt;
to contain:
 &lt;[8]&gt;
but could not find the following element(s):
 &lt;[8]&gt;

at WrongLoginTest.WithoutEmail(WrongLoginTest.java:240)
-- failure 2 --
Expecting ArrayList:
 &lt;[5]&gt;
to contain:
 &lt;[26]&gt;
but could not find the following element(s):
 &lt;[26]&gt;

at WrongLoginTest.correctEmailWithoutPassword(WrongLoginTest.java:221)
-- failure 3 --
Expecting ArrayList:
 &lt;[3]&gt;
to contain:
 &lt;[8]&gt;
but could not find the following element(s):
 &lt;[8]&gt;

at WrongLoginTest.emptyEmail(WrongLoginTest.java:163)
-- failure 4 --
Expecting ArrayList:
 &lt;[3]&gt;
to contain:
 &lt;[8, 9]&gt;
but could not find the following element(s):
 &lt;[8, 9]&gt;

at WrongLoginTest.emptyEmailAndPassword(WrongLoginTest.java:202)
-- failure 5 --
Expecting ArrayList:
 &lt;[5]&gt;
to contain:
 &lt;[9]&gt;
but could not find the following element(s):
 &lt;[9]&gt;

at WrongLoginTest.emptyPassword(WrongLoginTest.java:183)
-- failure 6 --
Expecting ArrayList:
 &lt;[0]&gt;
to contain:
 &lt;[17]&gt;
but could not find the following element(s):
 &lt;[17]&gt;

at WrongLoginTest.incorrectEmail1(WrongLoginTest.java:40)
-- failure 7 --
Expecting ArrayList:
 &lt;[0]&gt;
to contain:
 &lt;[17]&gt;
but could not find the following element(s):
 &lt;[17]&gt;

at WrongLoginTest.incorrectEmail2(WrongLoginTest.java:59)
-- failure 8 --
Expecting ArrayList:
 &lt;[5]&gt;
to contain:
 &lt;[17]&gt;
but could not find the following element(s):
 &lt;[17]&gt;

at WrongLoginTest.incorrectEmail3(WrongLoginTest.java:80)
-- failure 9 --
Expecting ArrayList:
 &lt;[0]&gt;
to contain:
 &lt;[17]&gt;
but could not find the following element(s):
 &lt;[17]&gt;

at WrongLoginTest.incorrectEmail4(WrongLoginTest.java:102)
-- failure 10 --
Expecting ArrayList:
 &lt;[5]&gt;
to contain:
 &lt;[17]&gt;
but could not find the following element(s):
 &lt;[17]&gt;

at WrongLoginTest.incorrectEmail5(WrongLoginTest.java:123)
	at WrongLoginTest.incorrectEmail5(WrongLoginTest.java:124)
	at java.base/java.util.ArrayList.forEach(ArrayList.java:1511)
... Removed 41 stack frames
</div> <!-- stack-trace -->
                </div> <!-- method-content -->
              </div> <!-- method -->
              <div class="method">
                <div class="method-content">
                  <a name="userDoesNotExist">
                  </a> <!-- userDoesNotExist -->
                  <span class="method-name">userDoesNotExist</span>
                  <div class="stack-trace">org.assertj.core.error.AssertJMultipleFailuresError: 
Multiple Failures (10 failures)
-- failure 1 --
Expecting ArrayList:
 &lt;[4]&gt;
to contain:
 &lt;[8]&gt;
but could not find the following element(s):
 &lt;[8]&gt;

at WrongLoginTest.WithoutEmail(WrongLoginTest.java:240)
-- failure 2 --
Expecting ArrayList:
 &lt;[5]&gt;
to contain:
 &lt;[26]&gt;
but could not find the following element(s):
 &lt;[26]&gt;

at WrongLoginTest.correctEmailWithoutPassword(WrongLoginTest.java:221)
-- failure 3 --
Expecting ArrayList:
 &lt;[3]&gt;
to contain:
 &lt;[8]&gt;
but could not find the following element(s):
 &lt;[8]&gt;

at WrongLoginTest.emptyEmail(WrongLoginTest.java:163)
-- failure 4 --
Expecting ArrayList:
 &lt;[3]&gt;
to contain:
 &lt;[8, 9]&gt;
but could not find the following element(s):
 &lt;[8, 9]&gt;

at WrongLoginTest.emptyEmailAndPassword(WrongLoginTest.java:202)
-- failure 5 --
Expecting ArrayList:
 &lt;[5]&gt;
to contain:
 &lt;[9]&gt;
but could not find the following element(s):
 &lt;[9]&gt;

at WrongLoginTest.emptyPassword(WrongLoginTest.java:183)
-- failure 6 --
Expecting ArrayList:
 &lt;[0]&gt;
to contain:
 &lt;[17]&gt;
but could not find the following element(s):
 &lt;[17]&gt;

at WrongLoginTest.incorrectEmail1(WrongLoginTest.java:40)
-- failure 7 --
Expecting ArrayList:
 &lt;[0]&gt;
to contain:
 &lt;[17]&gt;
but could not find the following element(s):
 &lt;[17]&gt;

at WrongLoginTest.incorrectEmail2(WrongLoginTest.java:59)
-- failure 8 --
Expecting ArrayList:
 &lt;[5]&gt;
to contain:
 &lt;[17]&gt;
but could not find the following element(s):
 &lt;[17]&gt;

at WrongLoginTest.incorrectEmail3(WrongLoginTest.java:80)
-- failure 9 --
Expecting ArrayList:
 &lt;[0]&gt;
to contain:
 &lt;[17]&gt;
but could not find the following element(s):
 &lt;[17]&gt;

at WrongLoginTest.incorrectEmail4(WrongLoginTest.java:102)
-- failure 10 --
Expecting ArrayList:
 &lt;[5]&gt;
to contain:
 &lt;[17]&gt;
but could not find the following element(s):
 &lt;[17]&gt;

at WrongLoginTest.incorrectEmail5(WrongLoginTest.java:123)
	at WrongLoginTest.userDoesNotExist(WrongLoginTest.java:144)
	at java.base/java.util.ArrayList.forEach(ArrayList.java:1511)
... Removed 41 stack frames
</div> <!-- stack-trace -->
                </div> <!-- method-content -->
              </div> <!-- method -->
              <div class="method">
                <div class="method-content">
                  <a name="withoutEmailAndPassword">
                  </a> <!-- withoutEmailAndPassword -->
                  <span class="method-name">withoutEmailAndPassword</span>
                  <div class="stack-trace">org.assertj.core.error.AssertJMultipleFailuresError: 
Multiple Failures (11 failures)
-- failure 1 --
Expecting ArrayList:
 &lt;[4]&gt;
to contain:
 &lt;[8]&gt;
but could not find the following element(s):
 &lt;[8]&gt;

at WrongLoginTest.WithoutEmail(WrongLoginTest.java:240)
-- failure 2 --
Expecting ArrayList:
 &lt;[5]&gt;
to contain:
 &lt;[26]&gt;
but could not find the following element(s):
 &lt;[26]&gt;

at WrongLoginTest.correctEmailWithoutPassword(WrongLoginTest.java:221)
-- failure 3 --
Expecting ArrayList:
 &lt;[3]&gt;
to contain:
 &lt;[8]&gt;
but could not find the following element(s):
 &lt;[8]&gt;

at WrongLoginTest.emptyEmail(WrongLoginTest.java:163)
-- failure 4 --
Expecting ArrayList:
 &lt;[3]&gt;
to contain:
 &lt;[8, 9]&gt;
but could not find the following element(s):
 &lt;[8, 9]&gt;

at WrongLoginTest.emptyEmailAndPassword(WrongLoginTest.java:202)
-- failure 5 --
Expecting ArrayList:
 &lt;[5]&gt;
to contain:
 &lt;[9]&gt;
but could not find the following element(s):
 &lt;[9]&gt;

at WrongLoginTest.emptyPassword(WrongLoginTest.java:183)
-- failure 6 --
Expecting ArrayList:
 &lt;[0]&gt;
to contain:
 &lt;[17]&gt;
but could not find the following element(s):
 &lt;[17]&gt;

at WrongLoginTest.incorrectEmail1(WrongLoginTest.java:40)
-- failure 7 --
Expecting ArrayList:
 &lt;[0]&gt;
to contain:
 &lt;[17]&gt;
but could not find the following element(s):
 &lt;[17]&gt;

at WrongLoginTest.incorrectEmail2(WrongLoginTest.java:59)
-- failure 8 --
Expecting ArrayList:
 &lt;[5]&gt;
to contain:
 &lt;[17]&gt;
but could not find the following element(s):
 &lt;[17]&gt;

at WrongLoginTest.incorrectEmail3(WrongLoginTest.java:80)
-- failure 9 --
Expecting ArrayList:
 &lt;[0]&gt;
to contain:
 &lt;[17]&gt;
but could not find the following element(s):
 &lt;[17]&gt;

at WrongLoginTest.incorrectEmail4(WrongLoginTest.java:102)
-- failure 10 --
Expecting ArrayList:
 &lt;[5]&gt;
to contain:
 &lt;[17]&gt;
but could not find the following element(s):
 &lt;[17]&gt;

at WrongLoginTest.incorrectEmail5(WrongLoginTest.java:123)
-- failure 11 --
Expecting ArrayList:
 &lt;[5]&gt;
to contain:
 &lt;[8, 26]&gt;
but could not find the following element(s):
 &lt;[8, 26]&gt;

at WrongLoginTest.withoutEmailAndPassword(WrongLoginTest.java:259)
	at WrongLoginTest.withoutEmailAndPassword(WrongLoginTest.java:261)
	at java.base/java.util.ArrayList.forEach(ArrayList.java:1511)
... Removed 41 stack frames
</div> <!-- stack-trace -->
                </div> <!-- method-content -->
              </div> <!-- method -->
            </div> <!-- main-panel-content rounded-window-bottom -->
          </div> <!-- suite-Command_line_suite-class-failed -->
          <div class="suite-Command_line_suite-class-failed">
            <div class="main-panel-header rounded-window-top">
              <img src="failed.png"/>
              <span class="class-name">WrongChangePostTest</span>
            </div> <!-- main-panel-header rounded-window-top -->
            <div class="main-panel-content rounded-window-bottom">
              <div class="method">
                <div class="method-content">
                  <a name="wrongChangePostTestWithEmptyDescription">
                  </a> <!-- wrongChangePostTestWithEmptyDescription -->
                  <span class="method-name">wrongChangePostTestWithEmptyDescription</span>
                  <div class="stack-trace">java.lang.IllegalArgumentException: Header value cannot be null
	at org.codehaus.groovy.runtime.callsite.ConstructorSite$ConstructorSiteNoUnwrap.callConstructor(ConstructorSite.java:84)
	at org.codehaus.groovy.runtime.callsite.AbstractCallSite.callConstructor(AbstractCallSite.java:277)
	at io.restassured.internal.common.assertion.AssertParameter.notNull(AssertParameter.groovy:26)
	at io.restassured.internal.common.assertion.AssertParameter$notNull.callStatic(Unknown Source)
	at org.codehaus.groovy.runtime.callsite.CallSiteArray.defaultCallStatic(CallSiteArray.java:55)
	at io.restassured.internal.common.assertion.AssertParameter$notNull.callStatic(Unknown Source)
	at io.restassured.internal.RequestSpecificationImpl.header(RequestSpecificationImpl.groovy:843)
	at Methods.createPost(Methods.java:106)
	at WrongChangePostTest.wrongChangePostTestWithEmptyDescription(WrongChangePostTest.java:130)
	at java.base/java.util.ArrayList.forEach(ArrayList.java:1511)
... Removed 44 stack frames
</div> <!-- stack-trace -->
                </div> <!-- method-content -->
              </div> <!-- method -->
              <div class="method">
                <div class="method-content">
                  <a name="wrongChangePostTestWithEmptyTags">
                  </a> <!-- wrongChangePostTestWithEmptyTags -->
                  <span class="method-name">wrongChangePostTestWithEmptyTags</span>
                  <div class="stack-trace">java.lang.IllegalArgumentException: Header value cannot be null
	at org.codehaus.groovy.runtime.callsite.ConstructorSite$ConstructorSiteNoUnwrap.callConstructor(ConstructorSite.java:84)
	at org.codehaus.groovy.runtime.callsite.AbstractCallSite.callConstructor(AbstractCallSite.java:277)
	at io.restassured.internal.common.assertion.AssertParameter.notNull(AssertParameter.groovy:26)
	at io.restassured.internal.common.assertion.AssertParameter$notNull.callStatic(Unknown Source)
	at io.restassured.internal.RequestSpecificationImpl.header(RequestSpecificationImpl.groovy:843)
	at Methods.createPost(Methods.java:106)
	at WrongChangePostTest.wrongChangePostTestWithEmptyTags(WrongChangePostTest.java:170)
	at java.base/java.util.ArrayList.forEach(ArrayList.java:1511)
... Removed 44 stack frames
</div> <!-- stack-trace -->
                </div> <!-- method-content -->
              </div> <!-- method -->
              <div class="method">
                <div class="method-content">
                  <a name="wrongChangePostTestWithEmptyTitle">
                  </a> <!-- wrongChangePostTestWithEmptyTitle -->
                  <span class="method-name">wrongChangePostTestWithEmptyTitle</span>
                  <div class="stack-trace">java.lang.IllegalArgumentException: Header value cannot be null
	at org.codehaus.groovy.runtime.callsite.ConstructorSite$ConstructorSiteNoUnwrap.callConstructor(ConstructorSite.java:84)
	at org.codehaus.groovy.runtime.callsite.AbstractCallSite.callConstructor(AbstractCallSite.java:277)
	at io.restassured.internal.common.assertion.AssertParameter.notNull(AssertParameter.groovy:26)
	at io.restassured.internal.common.assertion.AssertParameter$notNull.callStatic(Unknown Source)
	at io.restassured.internal.RequestSpecificationImpl.header(RequestSpecificationImpl.groovy:843)
	at Methods.createPost(Methods.java:106)
	at WrongChangePostTest.wrongChangePostTestWithEmptyTitle(WrongChangePostTest.java:150)
	at java.base/java.util.ArrayList.forEach(ArrayList.java:1511)
... Removed 44 stack frames
</div> <!-- stack-trace -->
                </div> <!-- method-content -->
              </div> <!-- method -->
              <div class="method">
                <div class="method-content">
                  <a name="wrongChangePostTestWithWrongId">
                  </a> <!-- wrongChangePostTestWithWrongId -->
                  <span class="method-name">wrongChangePostTestWithWrongId</span>
                  <div class="stack-trace">java.lang.IllegalArgumentException: Header value cannot be null
	at org.codehaus.groovy.runtime.callsite.ConstructorSite$ConstructorSiteNoUnwrap.callConstructor(ConstructorSite.java:84)
	at org.codehaus.groovy.runtime.callsite.AbstractCallSite.callConstructor(AbstractCallSite.java:277)
	at io.restassured.internal.common.assertion.AssertParameter.notNull(AssertParameter.groovy:26)
	at io.restassured.internal.common.assertion.AssertParameter$notNull.callStatic(Unknown Source)
	at io.restassured.internal.RequestSpecificationImpl.header(RequestSpecificationImpl.groovy:843)
	at Methods.createPost(Methods.java:106)
	at WrongChangePostTest.wrongChangePostTestWithWrongId(WrongChangePostTest.java:113)
	at java.base/java.util.ArrayList.forEach(ArrayList.java:1511)
... Removed 44 stack frames
</div> <!-- stack-trace -->
                </div> <!-- method-content -->
              </div> <!-- method -->
              <div class="method">
                <div class="method-content">
                  <a name="wrongChangePostTestWithoutDescription">
                  </a> <!-- wrongChangePostTestWithoutDescription -->
                  <span class="method-name">wrongChangePostTestWithoutDescription</span>
                  <div class="stack-trace">java.lang.IllegalArgumentException: Header value cannot be null
	at org.codehaus.groovy.runtime.callsite.ConstructorSite$ConstructorSiteNoUnwrap.callConstructor(ConstructorSite.java:84)
	at org.codehaus.groovy.runtime.callsite.AbstractCallSite.callConstructor(AbstractCallSite.java:277)
	at io.restassured.internal.common.assertion.AssertParameter.notNull(AssertParameter.groovy:26)
	at io.restassured.internal.common.assertion.AssertParameter$notNull.callStatic(Unknown Source)
	at io.restassured.internal.RequestSpecificationImpl.header(RequestSpecificationImpl.groovy:843)
	at Methods.createPost(Methods.java:106)
	at WrongChangePostTest.wrongChangePostTestWithoutDescription(WrongChangePostTest.java:29)
	at java.base/java.util.ArrayList.forEach(ArrayList.java:1511)
... Removed 44 stack frames
</div> <!-- stack-trace -->
                </div> <!-- method-content -->
              </div> <!-- method -->
              <div class="method">
                <div class="method-content">
                  <a name="wrongChangePostTestWithoutImage">
                  </a> <!-- wrongChangePostTestWithoutImage -->
                  <span class="method-name">wrongChangePostTestWithoutImage</span>
                  <div class="stack-trace">java.lang.IllegalArgumentException: Header value cannot be null
	at org.codehaus.groovy.runtime.callsite.ConstructorSite$ConstructorSiteNoUnwrap.callConstructor(ConstructorSite.java:84)
	at org.codehaus.groovy.runtime.callsite.AbstractCallSite.callConstructor(AbstractCallSite.java:277)
	at io.restassured.internal.common.assertion.AssertParameter.notNull(AssertParameter.groovy:26)
	at io.restassured.internal.common.assertion.AssertParameter$notNull.callStatic(Unknown Source)
	at io.restassured.internal.RequestSpecificationImpl.header(RequestSpecificationImpl.groovy:843)
	at Methods.createPost(Methods.java:106)
	at WrongChangePostTest.wrongChangePostTestWithoutImage(WrongChangePostTest.java:49)
	at java.base/java.util.ArrayList.forEach(ArrayList.java:1511)
... Removed 44 stack frames
</div> <!-- stack-trace -->
                </div> <!-- method-content -->
              </div> <!-- method -->
              <div class="method">
                <div class="method-content">
                  <a name="wrongChangePostTestWithoutTitle">
                  </a> <!-- wrongChangePostTestWithoutTitle -->
                  <span class="method-name">wrongChangePostTestWithoutTitle</span>
                  <div class="stack-trace">java.lang.IllegalArgumentException: Header value cannot be null
	at org.codehaus.groovy.runtime.callsite.ConstructorSite$ConstructorSiteNoUnwrap.callConstructor(ConstructorSite.java:84)
	at org.codehaus.groovy.runtime.callsite.AbstractCallSite.callConstructor(AbstractCallSite.java:277)
	at io.restassured.internal.common.assertion.AssertParameter.notNull(AssertParameter.groovy:26)
	at io.restassured.internal.common.assertion.AssertParameter$notNull.callStatic(Unknown Source)
	at io.restassured.internal.RequestSpecificationImpl.header(RequestSpecificationImpl.groovy:843)
	at Methods.createPost(Methods.java:106)
	at WrongChangePostTest.wrongChangePostTestWithoutTitle(WrongChangePostTest.java:69)
	at java.base/java.util.ArrayList.forEach(ArrayList.java:1511)
... Removed 44 stack frames
</div> <!-- stack-trace -->
                </div> <!-- method-content -->
              </div> <!-- method -->
              <div class="method">
                <div class="method-content">
                  <a name="wrongChangePostTestWithoutToken">
                  </a> <!-- wrongChangePostTestWithoutToken -->
                  <span class="method-name">wrongChangePostTestWithoutToken</span>
                  <div class="stack-trace">java.lang.IllegalArgumentException: Header value cannot be null
	at org.codehaus.groovy.runtime.callsite.ConstructorSite$ConstructorSiteNoUnwrap.callConstructor(ConstructorSite.java:84)
	at org.codehaus.groovy.runtime.callsite.AbstractCallSite.callConstructor(AbstractCallSite.java:277)
	at io.restassured.internal.common.assertion.AssertParameter.notNull(AssertParameter.groovy:26)
	at io.restassured.internal.common.assertion.AssertParameter$notNull.callStatic(Unknown Source)
	at io.restassured.internal.RequestSpecificationImpl.header(RequestSpecificationImpl.groovy:843)
	at Methods.createPost(Methods.java:106)
	at WrongChangePostTest.wrongChangePostTestWithoutToken(WrongChangePostTest.java:88)
	at java.base/java.util.ArrayList.forEach(ArrayList.java:1511)
... Removed 44 stack frames
</div> <!-- stack-trace -->
                </div> <!-- method-content -->
              </div> <!-- method -->
            </div> <!-- main-panel-content rounded-window-bottom -->
          </div> <!-- suite-Command_line_suite-class-failed -->
          <div class="suite-Command_line_suite-class-failed">
            <div class="main-panel-header rounded-window-top">
              <img src="failed.png"/>
              <span class="class-name">WrongDeletePostTest</span>
            </div> <!-- main-panel-header rounded-window-top -->
            <div class="main-panel-content rounded-window-bottom">
              <div class="method">
                <div class="method-content">
                  <a name="deletePostTestWithWrongId">
                  </a> <!-- deletePostTestWithWrongId -->
                  <span class="method-name">deletePostTestWithWrongId</span>
                  <div class="stack-trace">java.lang.IllegalArgumentException: Header value cannot be null
	at org.codehaus.groovy.runtime.callsite.ConstructorSite$ConstructorSiteNoUnwrap.callConstructor(ConstructorSite.java:84)
	at org.codehaus.groovy.runtime.callsite.AbstractCallSite.callConstructor(AbstractCallSite.java:277)
	at io.restassured.internal.common.assertion.AssertParameter.notNull(AssertParameter.groovy:26)
	at io.restassured.internal.common.assertion.AssertParameter$notNull.callStatic(Unknown Source)
	at org.codehaus.groovy.runtime.callsite.CallSiteArray.defaultCallStatic(CallSiteArray.java:55)
	at io.restassured.internal.common.assertion.AssertParameter$notNull.callStatic(Unknown Source)
	at io.restassured.internal.RequestSpecificationImpl.header(RequestSpecificationImpl.groovy:843)
	at Methods.createPost(Methods.java:106)
	at WrongDeletePostTest.deletePostTestWithWrongId(WrongDeletePostTest.java:26)
	at java.base/java.util.ArrayList.forEach(ArrayList.java:1511)
... Removed 44 stack frames
</div> <!-- stack-trace -->
                </div> <!-- method-content -->
              </div> <!-- method -->
              <div class="method">
                <div class="method-content">
                  <a name="deletePostTestWithoutToken">
                  </a> <!-- deletePostTestWithoutToken -->
                  <span class="method-name">deletePostTestWithoutToken</span>
                  <div class="stack-trace">java.lang.IllegalArgumentException: Header value cannot be null
	at org.codehaus.groovy.runtime.callsite.ConstructorSite$ConstructorSiteNoUnwrap.callConstructor(ConstructorSite.java:84)
	at org.codehaus.groovy.runtime.callsite.AbstractCallSite.callConstructor(AbstractCallSite.java:277)
	at io.restassured.internal.common.assertion.AssertParameter.notNull(AssertParameter.groovy:26)
	at io.restassured.internal.common.assertion.AssertParameter$notNull.callStatic(Unknown Source)
	at io.restassured.internal.RequestSpecificationImpl.header(RequestSpecificationImpl.groovy:843)
	at Methods.createPost(Methods.java:106)
	at WrongDeletePostTest.deletePostTestWithoutToken(WrongDeletePostTest.java:44)
	at java.base/java.util.ArrayList.forEach(ArrayList.java:1511)
... Removed 44 stack frames
</div> <!-- stack-trace -->
                </div> <!-- method-content -->
              </div> <!-- method -->
            </div> <!-- main-panel-content rounded-window-bottom -->
          </div> <!-- suite-Command_line_suite-class-failed -->
          <div class="suite-Command_line_suite-class-failed">
            <div class="main-panel-header rounded-window-top">
              <img src="failed.png"/>
              <span class="class-name">ChangePostTest</span>
            </div> <!-- main-panel-header rounded-window-top -->
            <div class="main-panel-content rounded-window-bottom">
              <div class="method">
                <div class="method-content">
                  <a name="changePostTest">
                  </a> <!-- changePostTest -->
                  <span class="method-name">changePostTest</span>
                  <div class="stack-trace">java.lang.IllegalArgumentException: Header value cannot be null
	at org.codehaus.groovy.runtime.callsite.ConstructorSite$ConstructorSiteNoUnwrap.callConstructor(ConstructorSite.java:84)
	at org.codehaus.groovy.runtime.callsite.AbstractCallSite.callConstructor(AbstractCallSite.java:277)
	at io.restassured.internal.common.assertion.AssertParameter.notNull(AssertParameter.groovy:26)
	at io.restassured.internal.common.assertion.AssertParameter$notNull.callStatic(Unknown Source)
	at org.codehaus.groovy.runtime.callsite.CallSiteArray.defaultCallStatic(CallSiteArray.java:55)
	at io.restassured.internal.common.assertion.AssertParameter$notNull.callStatic(Unknown Source)
	at io.restassured.internal.RequestSpecificationImpl.header(RequestSpecificationImpl.groovy:843)
	at Methods.createPost(Methods.java:106)
	at ChangePostTest.changePostTest(ChangePostTest.java:19)
	at java.base/java.util.ArrayList.forEach(ArrayList.java:1511)
... Removed 44 stack frames
</div> <!-- stack-trace -->
                </div> <!-- method-content -->
              </div> <!-- method -->
            </div> <!-- main-panel-content rounded-window-bottom -->
          </div> <!-- suite-Command_line_suite-class-failed -->
          <div class="suite-Command_line_suite-class-failed">
            <div class="main-panel-header rounded-window-top">
              <img src="failed.png"/>
              <span class="class-name">SuccessAuthorizationTest</span>
            </div> <!-- main-panel-header rounded-window-top -->
            <div class="main-panel-content rounded-window-bottom">
              <div class="method">
                <div class="method-content">
                  <a name="successAuthorizationTest">
                  </a> <!-- successAuthorizationTest -->
                  <span class="method-name">successAuthorizationTest</span>
                  <div class="stack-trace">java.lang.NullPointerException: Cannot invoke &quot;io.restassured.response.Response.jsonPath()&quot; because &quot;this.response&quot; is null
	at SuccessAuthorizationTest.successAuthorizationTest(SuccessAuthorizationTest.java:11)
	at java.base/java.util.ArrayList.forEach(ArrayList.java:1511)
... Removed 37 stack frames
</div> <!-- stack-trace -->
                </div> <!-- method-content -->
              </div> <!-- method -->
            </div> <!-- main-panel-content rounded-window-bottom -->
          </div> <!-- suite-Command_line_suite-class-failed -->
          <div class="suite-Command_line_suite-class-failed">
            <div class="main-panel-header rounded-window-top">
              <img src="failed.png"/>
              <span class="class-name">WrongGetPostTest</span>
            </div> <!-- main-panel-header rounded-window-top -->
            <div class="main-panel-content rounded-window-bottom">
              <div class="method">
                <div class="method-content">
                  <a name="getPostWithPageEqual0">
                  </a> <!-- getPostWithPageEqual0 -->
                  <span class="method-name">getPostWithPageEqual0</span>
                  <div class="stack-trace">java.lang.NullPointerException: Cannot invoke &quot;java.util.List.get(int)&quot; because &quot;codes&quot; is null
	at WrongGetPostTest.getPostWithPageEqual0(WrongGetPostTest.java:64)
	at java.base/java.util.ArrayList.forEach(ArrayList.java:1511)
... Removed 37 stack frames
</div> <!-- stack-trace -->
                </div> <!-- method-content -->
              </div> <!-- method -->
              <div class="method">
                <div class="method-content">
                  <a name="getPostWithPerPageEqual0">
                  </a> <!-- getPostWithPerPageEqual0 -->
                  <span class="method-name">getPostWithPerPageEqual0</span>
                  <div class="stack-trace">java.lang.NullPointerException: Cannot invoke &quot;java.util.List.get(int)&quot; because &quot;codes&quot; is null
	at WrongGetPostTest.getPostWithPerPageEqual0(WrongGetPostTest.java:82)
	at java.base/java.util.ArrayList.forEach(ArrayList.java:1511)
... Removed 37 stack frames
</div> <!-- stack-trace -->
                </div> <!-- method-content -->
              </div> <!-- method -->
              <div class="method">
                <div class="method-content">
                  <a name="getPostWithoutPage">
                  </a> <!-- getPostWithoutPage -->
                  <span class="method-name">getPostWithoutPage</span>
                  <div class="stack-trace">org.assertj.core.error.AssertJMultipleFailuresError: 
Multiple Failures (5 failures)
-- failure 1 --
Expecting:
 &lt;&quot;false&quot;&gt;
to be equal to:
 &lt;&quot;true&quot;&gt;
but was not.
at WrongGetPostTest.getPostWithPageEqual0(WrongGetPostTest.java:62)
-- failure 2 --
Expecting actual not to be null
at WrongGetPostTest.getPostWithPageEqual0(WrongGetPostTest.java:63)
-- failure 3 --
Expecting:
 &lt;&quot;false&quot;&gt;
to be equal to:
 &lt;&quot;true&quot;&gt;
but was not.
at WrongGetPostTest.getPostWithPerPageEqual0(WrongGetPostTest.java:80)
-- failure 4 --
Expecting actual not to be null
at WrongGetPostTest.getPostWithPerPageEqual0(WrongGetPostTest.java:81)
-- failure 5 --
Expecting ArrayList:
 &lt;[0]&gt;
to contain:
 &lt;[40]&gt;
but could not find the following element(s):
 &lt;[40]&gt;

at WrongGetPostTest.getPostWithoutPage(WrongGetPostTest.java:28)
	at WrongGetPostTest.getPostWithoutPage(WrongGetPostTest.java:30)
	at java.base/java.util.ArrayList.forEach(ArrayList.java:1511)
... Removed 41 stack frames
</div> <!-- stack-trace -->
                </div> <!-- method-content -->
              </div> <!-- method -->
              <div class="method">
                <div class="method-content">
                  <a name="getPostWithoutPerPage">
                  </a> <!-- getPostWithoutPerPage -->
                  <span class="method-name">getPostWithoutPerPage</span>
                  <div class="stack-trace">org.assertj.core.error.AssertJMultipleFailuresError: 
Multiple Failures (6 failures)
-- failure 1 --
Expecting:
 &lt;&quot;false&quot;&gt;
to be equal to:
 &lt;&quot;true&quot;&gt;
but was not.
at WrongGetPostTest.getPostWithPageEqual0(WrongGetPostTest.java:62)
-- failure 2 --
Expecting actual not to be null
at WrongGetPostTest.getPostWithPageEqual0(WrongGetPostTest.java:63)
-- failure 3 --
Expecting:
 &lt;&quot;false&quot;&gt;
to be equal to:
 &lt;&quot;true&quot;&gt;
but was not.
at WrongGetPostTest.getPostWithPerPageEqual0(WrongGetPostTest.java:80)
-- failure 4 --
Expecting actual not to be null
at WrongGetPostTest.getPostWithPerPageEqual0(WrongGetPostTest.java:81)
-- failure 5 --
Expecting ArrayList:
 &lt;[0]&gt;
to contain:
 &lt;[40]&gt;
but could not find the following element(s):
 &lt;[40]&gt;

at WrongGetPostTest.getPostWithoutPage(WrongGetPostTest.java:28)
-- failure 6 --
Expecting ArrayList:
 &lt;[0]&gt;
to contain:
 &lt;[41]&gt;
but could not find the following element(s):
 &lt;[41]&gt;

at WrongGetPostTest.getPostWithoutPerPage(WrongGetPostTest.java:45)
	at WrongGetPostTest.getPostWithoutPerPage(WrongGetPostTest.java:47)
	at java.base/java.util.ArrayList.forEach(ArrayList.java:1511)
... Removed 41 stack frames
</div> <!-- stack-trace -->
                </div> <!-- method-content -->
              </div> <!-- method -->
            </div> <!-- main-panel-content rounded-window-bottom -->
          </div> <!-- suite-Command_line_suite-class-failed -->
          <div class="suite-Command_line_suite-class-failed">
            <div class="main-panel-header rounded-window-top">
              <img src="failed.png"/>
              <span class="class-name">ChangeUserInfoTest</span>
            </div> <!-- main-panel-header rounded-window-top -->
            <div class="main-panel-content rounded-window-bottom">
              <div class="method">
                <div class="method-content">
                  <a name="changeUserInfoSuccess">
                  </a> <!-- changeUserInfoSuccess -->
                  <span class="method-name">changeUserInfoSuccess</span>
                  <div class="stack-trace">java.lang.NullPointerException: Cannot invoke &quot;io.restassured.response.Response.jsonPath()&quot; because &quot;this.response&quot; is null
	at ChangeUserInfoTest.changeUserInfoSuccess(ChangeUserInfoTest.java:12)
	at java.base/java.util.ArrayList.forEach(ArrayList.java:1511)
... Removed 37 stack frames
</div> <!-- stack-trace -->
                </div> <!-- method-content -->
              </div> <!-- method -->
            </div> <!-- main-panel-content rounded-window-bottom -->
          </div> <!-- suite-Command_line_suite-class-failed -->
          <div class="suite-Command_line_suite-class-failed">
            <div class="main-panel-header rounded-window-top">
              <img src="failed.png"/>
              <span class="class-name">GetUserInfoTest</span>
            </div> <!-- main-panel-header rounded-window-top -->
            <div class="main-panel-content rounded-window-bottom">
              <div class="method">
                <div class="method-content">
                  <a name="getUserInfoByIdTest">
                  </a> <!-- getUserInfoByIdTest -->
                  <span class="method-name">getUserInfoByIdTest</span>
                  <div class="stack-trace">java.lang.NullPointerException: Cannot invoke &quot;io.restassured.response.Response.jsonPath()&quot; because &quot;this.response&quot; is null
	at GetUserInfoTest.getUserInfoByIdTest(GetUserInfoTest.java:12)
	at java.base/java.util.ArrayList.forEach(ArrayList.java:1511)
... Removed 37 stack frames
</div> <!-- stack-trace -->
                </div> <!-- method-content -->
              </div> <!-- method -->
              <div class="method">
                <div class="method-content">
                  <a name="getUsers">
                  </a> <!-- getUsers -->
                  <span class="method-name">getUsers</span>
                  <div class="stack-trace">java.lang.IllegalArgumentException: Header value cannot be null
	at org.codehaus.groovy.runtime.callsite.ConstructorSite$ConstructorSiteNoUnwrap.callConstructor(ConstructorSite.java:84)
	at org.codehaus.groovy.runtime.callsite.AbstractCallSite.callConstructor(AbstractCallSite.java:277)
	at io.restassured.internal.common.assertion.AssertParameter.notNull(AssertParameter.groovy:26)
	at io.restassured.internal.common.assertion.AssertParameter$notNull.callStatic(Unknown Source)
	at io.restassured.internal.RequestSpecificationImpl.header(RequestSpecificationImpl.groovy:843)
	at GetUserInfoTest.getUsers(GetUserInfoTest.java:44)
	at java.base/java.util.ArrayList.forEach(ArrayList.java:1511)
... Removed 44 stack frames
</div> <!-- stack-trace -->
                </div> <!-- method-content -->
              </div> <!-- method -->
            </div> <!-- main-panel-content rounded-window-bottom -->
          </div> <!-- suite-Command_line_suite-class-failed -->
          <div class="suite-Command_line_suite-class-skipped">
            <div class="main-panel-header rounded-window-top">
              <img src="skipped.png"/>
              <span class="class-name">GetPostTest</span>
            </div> <!-- main-panel-header rounded-window-top -->
            <div class="main-panel-content rounded-window-bottom">
              <div class="method">
                <div class="method-content">
                  <a name="getPostTest">
                  </a> <!-- getPostTest -->
                  <span class="method-name">getPostTest</span>
                  <div class="stack-trace">java.lang.NullPointerException: Cannot invoke &quot;io.restassured.response.Response.jsonPath()&quot; because &quot;this.response&quot; is null
	at GetPostTest.createPost(GetPostTest.java:21)
	at java.base/java.util.ArrayList.forEach(ArrayList.java:1511)
... Removed 41 stack frames
</div> <!-- stack-trace -->
                </div> <!-- method-content -->
              </div> <!-- method -->
              <div class="method">
                <div class="method-content">
                  <a name="getUserPostTest">
                  </a> <!-- getUserPostTest -->
                  <span class="method-name">getUserPostTest</span>
                  <div class="stack-trace">java.lang.NullPointerException: Cannot invoke &quot;io.restassured.response.Response.jsonPath()&quot; because &quot;this.response&quot; is null
	at GetPostTest.createPost(GetPostTest.java:21)
	at java.base/java.util.ArrayList.forEach(ArrayList.java:1511)
... Removed 41 stack frames
</div> <!-- stack-trace -->
                </div> <!-- method-content -->
              </div> <!-- method -->
            </div> <!-- main-panel-content rounded-window-bottom -->
          </div> <!-- suite-Command_line_suite-class-skipped -->
          <div class="suite-Command_line_suite-class-skipped">
            <div class="main-panel-header rounded-window-top">
              <img src="skipped.png"/>
              <span class="class-name">WrongGetUserPostTest</span>
            </div> <!-- main-panel-header rounded-window-top -->
            <div class="main-panel-content rounded-window-bottom">
              <div class="method">
                <div class="method-content">
                  <a name="getPostTest">
                  </a> <!-- getPostTest -->
                  <span class="method-name">getPostTest</span>
                  <div class="stack-trace">java.lang.NullPointerException: Cannot invoke &quot;io.restassured.response.Response.jsonPath()&quot; because &quot;this.response&quot; is null
	at GetPostTest.createPost(GetPostTest.java:21)
	at java.base/java.util.ArrayList.forEach(ArrayList.java:1511)
... Removed 41 stack frames
</div> <!-- stack-trace -->
                </div> <!-- method-content -->
              </div> <!-- method -->
              <div class="method">
                <div class="method-content">
                  <a name="getUserPostTest">
                  </a> <!-- getUserPostTest -->
                  <span class="method-name">getUserPostTest</span>
                  <div class="stack-trace">java.lang.NullPointerException: Cannot invoke &quot;io.restassured.response.Response.jsonPath()&quot; because &quot;this.response&quot; is null
	at GetPostTest.createPost(GetPostTest.java:21)
	at java.base/java.util.ArrayList.forEach(ArrayList.java:1511)
... Removed 41 stack frames
</div> <!-- stack-trace -->
                </div> <!-- method-content -->
              </div> <!-- method -->
              <div class="method">
                <div class="method-content">
                  <a name="getUserPostWithPageEqual0">
                  </a> <!-- getUserPostWithPageEqual0 -->
                  <span class="method-name">getUserPostWithPageEqual0</span>
                  <div class="stack-trace">java.lang.NullPointerException: Cannot invoke &quot;io.restassured.response.Response.jsonPath()&quot; because &quot;this.response&quot; is null
	at GetPostTest.createPost(GetPostTest.java:21)
	at java.base/java.util.ArrayList.forEach(ArrayList.java:1511)
... Removed 41 stack frames
</div> <!-- stack-trace -->
                </div> <!-- method-content -->
              </div> <!-- method -->
              <div class="method">
                <div class="method-content">
                  <a name="getUserPostWithPerPageEqual0">
                  </a> <!-- getUserPostWithPerPageEqual0 -->
                  <span class="method-name">getUserPostWithPerPageEqual0</span>
                  <div class="stack-trace">java.lang.NullPointerException: Cannot invoke &quot;io.restassured.response.Response.jsonPath()&quot; because &quot;this.response&quot; is null
	at GetPostTest.createPost(GetPostTest.java:21)
	at java.base/java.util.ArrayList.forEach(ArrayList.java:1511)
... Removed 41 stack frames
</div> <!-- stack-trace -->
                </div> <!-- method-content -->
              </div> <!-- method -->
              <div class="method">
                <div class="method-content">
                  <a name="getUserPostWithoutPage">
                  </a> <!-- getUserPostWithoutPage -->
                  <span class="method-name">getUserPostWithoutPage</span>
                  <div class="stack-trace">java.lang.NullPointerException: Cannot invoke &quot;io.restassured.response.Response.jsonPath()&quot; because &quot;this.response&quot; is null
	at GetPostTest.createPost(GetPostTest.java:21)
	at java.base/java.util.ArrayList.forEach(ArrayList.java:1511)
... Removed 41 stack frames
</div> <!-- stack-trace -->
                </div> <!-- method-content -->
              </div> <!-- method -->
              <div class="method">
                <div class="method-content">
                  <a name="getUserPostWithoutPerPage">
                  </a> <!-- getUserPostWithoutPerPage -->
                  <span class="method-name">getUserPostWithoutPerPage</span>
                  <div class="stack-trace">java.lang.NullPointerException: Cannot invoke &quot;io.restassured.response.Response.jsonPath()&quot; because &quot;this.response&quot; is null
	at GetPostTest.createPost(GetPostTest.java:21)
	at java.base/java.util.ArrayList.forEach(ArrayList.java:1511)
... Removed 41 stack frames
</div> <!-- stack-trace -->
                </div> <!-- method-content -->
              </div> <!-- method -->
              <div class="method">
                <div class="method-content">
                  <a name="getUserPostWithoutToken">
                  </a> <!-- getUserPostWithoutToken -->
                  <span class="method-name">getUserPostWithoutToken</span>
                  <div class="stack-trace">java.lang.NullPointerException: Cannot invoke &quot;io.restassured.response.Response.jsonPath()&quot; because &quot;this.response&quot; is null
	at GetPostTest.createPost(GetPostTest.java:21)
	at java.base/java.util.ArrayList.forEach(ArrayList.java:1511)
... Removed 41 stack frames
</div> <!-- stack-trace -->
                </div> <!-- method-content -->
              </div> <!-- method -->
            </div> <!-- main-panel-content rounded-window-bottom -->
          </div> <!-- suite-Command_line_suite-class-skipped -->
          <div class="suite-Command_line_suite-class-skipped">
            <div class="main-panel-header rounded-window-top">
              <img src="skipped.png"/>
              <span class="class-name">WrongGetSpecificPostTest</span>
            </div> <!-- main-panel-header rounded-window-top -->
            <div class="main-panel-content rounded-window-bottom">
              <div class="method">
                <div class="method-content">
                  <a name="getPostTest">
                  </a> <!-- getPostTest -->
                  <span class="method-name">getPostTest</span>
                  <div class="stack-trace">java.lang.NullPointerException: Cannot invoke &quot;io.restassured.response.Response.jsonPath()&quot; because &quot;this.response&quot; is null
	at GetPostTest.createPost(GetPostTest.java:21)
	at java.base/java.util.ArrayList.forEach(ArrayList.java:1511)
... Removed 41 stack frames
</div> <!-- stack-trace -->
                </div> <!-- method-content -->
              </div> <!-- method -->
              <div class="method">
                <div class="method-content">
                  <a name="getPostWithoutPageTest">
                  </a> <!-- getPostWithoutPageTest -->
                  <span class="method-name">getPostWithoutPageTest</span>
                  <div class="stack-trace">java.lang.NullPointerException: Cannot invoke &quot;io.restassured.response.Response.jsonPath()&quot; because &quot;this.response&quot; is null
	at GetPostTest.createPost(GetPostTest.java:21)
	at java.base/java.util.ArrayList.forEach(ArrayList.java:1511)
... Removed 41 stack frames
</div> <!-- stack-trace -->
                </div> <!-- method-content -->
              </div> <!-- method -->
              <div class="method">
                <div class="method-content">
                  <a name="getPostWithoutPerPageTest">
                  </a> <!-- getPostWithoutPerPageTest -->
                  <span class="method-name">getPostWithoutPerPageTest</span>
                  <div class="stack-trace">java.lang.NullPointerException: Cannot invoke &quot;io.restassured.response.Response.jsonPath()&quot; because &quot;this.response&quot; is null
	at GetPostTest.createPost(GetPostTest.java:21)
	at java.base/java.util.ArrayList.forEach(ArrayList.java:1511)
... Removed 41 stack frames
</div> <!-- stack-trace -->
                </div> <!-- method-content -->
              </div> <!-- method -->
              <div class="method">
                <div class="method-content">
                  <a name="getUserPostTest">
                  </a> <!-- getUserPostTest -->
                  <span class="method-name">getUserPostTest</span>
                  <div class="stack-trace">java.lang.NullPointerException: Cannot invoke &quot;io.restassured.response.Response.jsonPath()&quot; because &quot;this.response&quot; is null
	at GetPostTest.createPost(GetPostTest.java:21)
	at java.base/java.util.ArrayList.forEach(ArrayList.java:1511)
... Removed 41 stack frames
</div> <!-- stack-trace -->
                </div> <!-- method-content -->
              </div> <!-- method -->
            </div> <!-- main-panel-content rounded-window-bottom -->
          </div> <!-- suite-Command_line_suite-class-skipped -->
          <div class="suite-Command_line_suite-class-passed">
            <div class="main-panel-header rounded-window-top">
              <img src="passed.png"/>
              <span class="class-name">GetFileTest</span>
            </div> <!-- main-panel-header rounded-window-top -->
            <div class="main-panel-content rounded-window-bottom">
              <div class="method">
                <div class="method-content">
                  <a name="getFileTest">
                  </a> <!-- getFileTest -->
                  <span class="method-name">getFileTest</span>
                </div> <!-- method-content -->
              </div> <!-- method -->
            </div> <!-- main-panel-content rounded-window-bottom -->
          </div> <!-- suite-Command_line_suite-class-passed -->
          <div class="suite-Command_line_suite-class-passed">
            <div class="main-panel-header rounded-window-top">
              <img src="passed.png"/>
              <span class="class-name">SuccessRegistrationTest</span>
            </div> <!-- main-panel-header rounded-window-top -->
            <div class="main-panel-content rounded-window-bottom">
              <div class="method">
                <div class="method-content">
                  <a name="registrationTest">
                  </a> <!-- registrationTest -->
                  <span class="method-name">registrationTest</span>
                </div> <!-- method-content -->
              </div> <!-- method -->
            </div> <!-- main-panel-content rounded-window-bottom -->
          </div> <!-- suite-Command_line_suite-class-passed -->
          <div class="suite-Command_line_suite-class-passed">
            <div class="main-panel-header rounded-window-top">
              <img src="passed.png"/>
              <span class="class-name">WrongGetUserInfoTest</span>
            </div> <!-- main-panel-header rounded-window-top -->
            <div class="main-panel-content rounded-window-bottom">
              <div class="method">
                <div class="method-content">
                  <a name="withWrongUserId">
                  </a> <!-- withWrongUserId -->
                  <span class="method-name">withWrongUserId</span>
                </div> <!-- method-content -->
              </div> <!-- method -->
            </div> <!-- main-panel-content rounded-window-bottom -->
          </div> <!-- suite-Command_line_suite-class-passed -->
          <div class="suite-Command_line_suite-class-passed">
            <div class="main-panel-header rounded-window-top">
              <img src="passed.png"/>
              <span class="class-name">WrongRegistrationTest</span>
            </div> <!-- main-panel-header rounded-window-top -->
            <div class="main-panel-content rounded-window-bottom">
              <div class="method">
                <div class="method-content">
                  <a name="regWithEmptyAllFields">
                  </a> <!-- regWithEmptyAllFields -->
                  <span class="method-name">regWithEmptyAllFields</span>
                </div> <!-- method-content -->
              </div> <!-- method -->
              <div class="method">
                <div class="method-content">
                  <a name="regWithExistingEmail">
                  </a> <!-- regWithExistingEmail -->
                  <span class="method-name">regWithExistingEmail</span>
                </div> <!-- method-content -->
              </div> <!-- method -->
              <div class="method">
                <div class="method-content">
                  <a name="regWithNullAllFields">
                  </a> <!-- regWithNullAllFields -->
                  <span class="method-name">regWithNullAllFields</span>
                </div> <!-- method-content -->
              </div> <!-- method -->
              <div class="method">
                <div class="method-content">
                  <a name="regWithWrongName">
                  </a> <!-- regWithWrongName -->
                  <span class="method-name">regWithWrongName</span>
                </div> <!-- method-content -->
              </div> <!-- method -->
              <div class="method">
                <div class="method-content">
                  <a name="regWithWrongRole">
                  </a> <!-- regWithWrongRole -->
                  <span class="method-name">regWithWrongRole</span>
                </div> <!-- method-content -->
              </div> <!-- method -->
              <div class="method">
                <div class="method-content">
                  <a name="regWithoutEmail">
                  </a> <!-- regWithoutEmail -->
                  <span class="method-name">regWithoutEmail</span>
                </div> <!-- method-content -->
              </div> <!-- method -->
              <div class="method">
                <div class="method-content">
                  <a name="regWithoutName">
                  </a> <!-- regWithoutName -->
                  <span class="method-name">regWithoutName</span>
                </div> <!-- method-content -->
              </div> <!-- method -->
            </div> <!-- main-panel-content rounded-window-bottom -->
          </div> <!-- suite-Command_line_suite-class-passed -->
          <div class="suite-Command_line_suite-class-passed">
            <div class="main-panel-header rounded-window-top">
              <img src="passed.png"/>
              <span class="class-name">WrongGetFileTest</span>
            </div> <!-- main-panel-header rounded-window-top -->
            <div class="main-panel-content rounded-window-bottom">
              <div class="method">
                <div class="method-content">
                  <a name="getFileWithoutFileNameTest">
                  </a> <!-- getFileWithoutFileNameTest -->
                  <span class="method-name">getFileWithoutFileNameTest</span>
                </div> <!-- method-content -->
              </div> <!-- method -->
            </div> <!-- main-panel-content rounded-window-bottom -->
          </div> <!-- suite-Command_line_suite-class-passed -->
          <div class="suite-Command_line_suite-class-passed">
            <div class="main-panel-header rounded-window-top">
              <img src="passed.png"/>
              <span class="class-name">AllNewsPageGetTest</span>
            </div> <!-- main-panel-header rounded-window-top -->
            <div class="main-panel-content rounded-window-bottom">
              <div class="method">
                <div class="method-content">
                  <a name="allNewsPageGetTest">
                  </a> <!-- allNewsPageGetTest -->
                  <span class="method-name">allNewsPageGetTest</span>
                </div> <!-- method-content -->
              </div> <!-- method -->
            </div> <!-- main-panel-content rounded-window-bottom -->
          </div> <!-- suite-Command_line_suite-class-passed -->
          <div class="suite-Command_line_suite-class-passed">
            <div class="main-panel-header rounded-window-top">
              <img src="passed.png"/>
              <span class="class-name">WrongUploadFileTest</span>
            </div> <!-- main-panel-header rounded-window-top -->
            <div class="main-panel-content rounded-window-bottom">
              <div class="method">
                <div class="method-content">
                  <a name="uploadFileWithNonFormDataTest">
                  </a> <!-- uploadFileWithNonFormDataTest -->
                  <span class="method-name">uploadFileWithNonFormDataTest</span>
                </div> <!-- method-content -->
              </div> <!-- method -->
            </div> <!-- main-panel-content rounded-window-bottom -->
          </div> <!-- suite-Command_line_suite-class-passed -->
          <div class="suite-Command_line_suite-class-passed">
            <div class="main-panel-header rounded-window-top">
              <img src="passed.png"/>
              <span class="class-name">DeleteUserTest</span>
            </div> <!-- main-panel-header rounded-window-top -->
            <div class="main-panel-content rounded-window-bottom">
              <div class="method">
                <div class="method-content">
                  <a name="deleteUser">
                  </a> <!-- deleteUser -->
                  <span class="method-name">deleteUser</span>
                </div> <!-- method-content -->
              </div> <!-- method -->
              <div class="method">
                <div class="method-content">
                  <a name="deleteWithEmptyToken">
                  </a> <!-- deleteWithEmptyToken -->
                  <span class="method-name">deleteWithEmptyToken</span>
                </div> <!-- method-content -->
              </div> <!-- method -->
              <div class="method">
                <div class="method-content">
                  <a name="deleteWithoutToken">
                  </a> <!-- deleteWithoutToken -->
                  <span class="method-name">deleteWithoutToken</span>
                </div> <!-- method-content -->
              </div> <!-- method -->
            </div> <!-- main-panel-content rounded-window-bottom -->
          </div> <!-- suite-Command_line_suite-class-passed -->
          <div class="suite-Command_line_suite-class-passed">
            <div class="main-panel-header rounded-window-top">
              <img src="passed.png"/>
              <span class="class-name">UploadFileTest</span>
            </div> <!-- main-panel-header rounded-window-top -->
            <div class="main-panel-content rounded-window-bottom">
              <div class="method">
                <div class="method-content">
                  <a name="uploadFileTest">
                  </a> <!-- uploadFileTest -->
                  <span class="method-name">uploadFileTest</span>
                </div> <!-- method-content -->
              </div> <!-- method -->
            </div> <!-- main-panel-content rounded-window-bottom -->
          </div> <!-- suite-Command_line_suite-class-passed -->
        </div> <!-- panel Command_line_suite -->
        <div panel-name="test-xml-Command_line_suite" class="panel">
          <div class="main-panel-header rounded-window-top">
          </div> <!-- main-panel-header rounded-window-top -->
          <div class="main-panel-content rounded-window-bottom">
            <pre>
&lt;?xml version=&quot;1.0&quot; encoding=&quot;UTF-8&quot;?&gt;
&lt;!DOCTYPE suite SYSTEM &quot;https://testng.org/testng-1.0.dtd&quot;&gt;
&lt;suite name=&quot;Command line suite&quot; verbose=&quot;0&quot;&gt;
  &lt;test thread-count=&quot;5&quot; name=&quot;Command line test&quot; verbose=&quot;0&quot;&gt;
    &lt;classes&gt;
      &lt;class name=&quot;WrongCreatePostTest&quot;/&gt;
      &lt;class name=&quot;SuccessAuthorizationTest&quot;/&gt;
      &lt;class name=&quot;WrongChangeUserInfoTest&quot;/&gt;
      &lt;class name=&quot;GetFileTest&quot;/&gt;
      &lt;class name=&quot;CreatePostTest&quot;/&gt;
      &lt;class name=&quot;GetUserInfoTest&quot;/&gt;
      &lt;class name=&quot;WrongLoginTest&quot;/&gt;
      &lt;class name=&quot;AllNewsPageGetTest&quot;/&gt;
      &lt;class name=&quot;DeletePostTest&quot;/&gt;
      &lt;class name=&quot;WrongGetUserPostTest&quot;/&gt;
      &lt;class name=&quot;WrongGetFileTest&quot;/&gt;
      &lt;class name=&quot;WrongDeletePostTest&quot;/&gt;
      &lt;class name=&quot;WrongGetPostTest&quot;/&gt;
      &lt;class name=&quot;WrongRegistrationTest&quot;/&gt;
      &lt;class name=&quot;WrongUploadFileTest&quot;/&gt;
      &lt;class name=&quot;UploadFileTest&quot;/&gt;
      &lt;class name=&quot;DeleteUserTest&quot;/&gt;
      &lt;class name=&quot;WrongGetUserInfoTest&quot;/&gt;
      &lt;class name=&quot;ChangePostTest&quot;/&gt;
      &lt;class name=&quot;WrongGetSpecificPostTest&quot;/&gt;
      &lt;class name=&quot;GetPostTest&quot;/&gt;
      &lt;class name=&quot;SuccessRegistrationTest&quot;/&gt;
      &lt;class name=&quot;ChangeUserInfoTest&quot;/&gt;
      &lt;class name=&quot;WrongChangePostTest&quot;/&gt;
    &lt;/classes&gt;
  &lt;/test&gt; &lt;!-- Command line test --&gt;
&lt;/suite&gt; &lt;!-- Command line suite --&gt;
            </pre>
          </div> <!-- main-panel-content rounded-window-bottom -->
        </div> <!-- panel -->
        <div panel-name="testlist-Command_line_suite" class="panel">
          <div class="main-panel-header rounded-window-top">
            <span class="header-content">Tests for Command line suite</span>
          </div> <!-- main-panel-header rounded-window-top -->
          <div class="main-panel-content rounded-window-bottom">
            <ul>
              <li>
                <span class="test-name">Command line test (24 classes)</span>
              </li>
            </ul>
          </div> <!-- main-panel-content rounded-window-bottom -->
        </div> <!-- panel -->
        <div panel-name="group-Command_line_suite" class="panel">
          <div class="main-panel-header rounded-window-top">
            <span class="header-content">Groups for Command line suite</span>
          </div> <!-- main-panel-header rounded-window-top -->
          <div class="main-panel-content rounded-window-bottom">
          </div> <!-- main-panel-content rounded-window-bottom -->
        </div> <!-- panel -->
        <div panel-name="times-Command_line_suite" class="panel">
          <div class="main-panel-header rounded-window-top">
            <span class="header-content">Times for Command line suite</span>
          </div> <!-- main-panel-header rounded-window-top -->
          <div class="main-panel-content rounded-window-bottom">
            <div class="times-div">
              <script type="text/javascript">
suiteTableInitFunctions.push('tableData_Command_line_suite');
function tableData_Command_line_suite() {
var data = new google.visualization.DataTable();
data.addColumn('number', 'Number');
data.addColumn('string', 'Method');
data.addColumn('string', 'Class');
data.addColumn('number', 'Time (ms)');
data.addRows(65);
data.setCell(0, 0, 0)
data.setCell(0, 1, 'WithoutEmail')
data.setCell(0, 2, 'WrongLoginTest')
data.setCell(0, 3, 1977);
data.setCell(1, 0, 1)
data.setCell(1, 1, 'uploadFileWithNonFormDataTest')
data.setCell(1, 2, 'WrongUploadFileTest')
data.setCell(1, 3, 1210);
data.setCell(2, 0, 2)
data.setCell(2, 1, 'deleteWithEmptyToken')
data.setCell(2, 2, 'DeleteUserTest')
data.setCell(2, 3, 677);
data.setCell(3, 0, 3)
data.setCell(3, 1, 'deleteWithoutToken')
data.setCell(3, 2, 'DeleteUserTest')
data.setCell(3, 3, 645);
data.setCell(4, 0, 4)
data.setCell(4, 1, 'regWithoutRole')
data.setCell(4, 2, 'WrongRegistrationTest')
data.setCell(4, 3, 557);
data.setCell(5, 0, 5)
data.setCell(5, 1, 'deleteUser')
data.setCell(5, 2, 'DeleteUserTest')
data.setCell(5, 3, 515);
data.setCell(6, 0, 6)
data.setCell(6, 1, 'regWithExistingEmail')
data.setCell(6, 2, 'WrongRegistrationTest')
data.setCell(6, 3, 513);
data.setCell(7, 0, 7)
data.setCell(7, 1, 'regWithEmptyAllFields')
data.setCell(7, 2, 'WrongRegistrationTest')
data.setCell(7, 3, 509);
data.setCell(8, 0, 8)
data.setCell(8, 1, 'getFileWithoutFileNameTest')
data.setCell(8, 2, 'WrongGetFileTest')
data.setCell(8, 3, 468);
data.setCell(9, 0, 9)
data.setCell(9, 1, 'getFileTest')
data.setCell(9, 2, 'GetFileTest')
data.setCell(9, 3, 426);
data.setCell(10, 0, 10)
data.setCell(10, 1, 'registrationTest')
data.setCell(10, 2, 'SuccessRegistrationTest')
data.setCell(10, 3, 399);
data.setCell(11, 0, 11)
data.setCell(11, 1, 'allNewsPageGetTest')
data.setCell(11, 2, 'AllNewsPageGetTest')
data.setCell(11, 3, 387);
data.setCell(12, 0, 12)
data.setCell(12, 1, 'incorrectEmail3')
data.setCell(12, 2, 'WrongLoginTest')
data.setCell(12, 3, 294);
data.setCell(13, 0, 13)
data.setCell(13, 1, 'correctEmailWithoutPassword')
data.setCell(13, 2, 'WrongLoginTest')
data.setCell(13, 3, 288);
data.setCell(14, 0, 14)
data.setCell(14, 1, 'emptyEmailAndPassword')
data.setCell(14, 2, 'WrongLoginTest')
data.setCell(14, 3, 254);
data.setCell(15, 0, 15)
data.setCell(15, 1, 'incorrectEmail2')
data.setCell(15, 2, 'WrongLoginTest')
data.setCell(15, 3, 251);
data.setCell(16, 0, 16)
data.setCell(16, 1, 'createPostTest')
data.setCell(16, 2, 'CreatePostTest')
data.setCell(16, 3, 234);
data.setCell(17, 0, 17)
data.setCell(17, 1, 'emptyEmail')
data.setCell(17, 2, 'WrongLoginTest')
data.setCell(17, 3, 228);
data.setCell(18, 0, 18)
data.setCell(18, 1, 'incorrectEmail4')
data.setCell(18, 2, 'WrongLoginTest')
data.setCell(18, 3, 225);
data.setCell(19, 0, 19)
data.setCell(19, 1, 'uploadFileTest')
data.setCell(19, 2, 'UploadFileTest')
data.setCell(19, 3, 223);
data.setCell(20, 0, 20)
data.setCell(20, 1, 'userDoesNotExist')
data.setCell(20, 2, 'WrongLoginTest')
data.setCell(20, 3, 219);
data.setCell(21, 0, 21)
data.setCell(21, 1, 'emptyPassword')
data.setCell(21, 2, 'WrongLoginTest')
data.setCell(21, 3, 215);
data.setCell(22, 0, 22)
data.setCell(22, 1, 'incorrectEmail1')
data.setCell(22, 2, 'WrongLoginTest')
data.setCell(22, 3, 214);
data.setCell(23, 0, 23)
data.setCell(23, 1, 'getPostWithoutPerPage')
data.setCell(23, 2, 'WrongGetPostTest')
data.setCell(23, 3, 212);
data.setCell(24, 0, 24)
data.setCell(24, 1, 'withoutEmailAndPassword')
data.setCell(24, 2, 'WrongLoginTest')
data.setCell(24, 3, 211);
data.setCell(25, 0, 25)
data.setCell(25, 1, 'getPostWithPerPageEqual0')
data.setCell(25, 2, 'WrongGetPostTest')
data.setCell(25, 3, 208);
data.setCell(26, 0, 26)
data.setCell(26, 1, 'getPostWithPageEqual0')
data.setCell(26, 2, 'WrongGetPostTest')
data.setCell(26, 3, 207);
data.setCell(27, 0, 27)
data.setCell(27, 1, 'regWithNullAllFields')
data.setCell(27, 2, 'WrongRegistrationTest')
data.setCell(27, 3, 206);
data.setCell(28, 0, 28)
data.setCell(28, 1, 'regWithWrongName')
data.setCell(28, 2, 'WrongRegistrationTest')
data.setCell(28, 3, 204);
data.setCell(29, 0, 29)
data.setCell(29, 1, 'regWithWrongRole')
data.setCell(29, 2, 'WrongRegistrationTest')
data.setCell(29, 3, 203);
data.setCell(30, 0, 30)
data.setCell(30, 1, 'withWrongUserId')
data.setCell(30, 2, 'WrongGetUserInfoTest')
data.setCell(30, 3, 202);
data.setCell(31, 0, 31)
data.setCell(31, 1, 'incorrectEmail5')
data.setCell(31, 2, 'WrongLoginTest')
data.setCell(31, 3, 200);
data.setCell(32, 0, 32)
data.setCell(32, 1, 'regWithoutPassword')
data.setCell(32, 2, 'WrongRegistrationTest')
data.setCell(32, 3, 200);
data.setCell(33, 0, 33)
data.setCell(33, 1, 'regWithoutName')
data.setCell(33, 2, 'WrongRegistrationTest')
data.setCell(33, 3, 199);
data.setCell(34, 0, 34)
data.setCell(34, 1, 'regWithoutEmail')
data.setCell(34, 2, 'WrongRegistrationTest')
data.setCell(34, 3, 198);
data.setCell(35, 0, 35)
data.setCell(35, 1, 'getPostWithoutPage')
data.setCell(35, 2, 'WrongGetPostTest')
data.setCell(35, 3, 196);
data.setCell(36, 0, 36)
data.setCell(36, 1, 'successAuthorizationTest')
data.setCell(36, 2, 'SuccessAuthorizationTest')
data.setCell(36, 3, 4);
data.setCell(37, 0, 37)
data.setCell(37, 1, 'wrongChangePostTestWithEmptyTags')
data.setCell(37, 2, 'WrongChangePostTest')
data.setCell(37, 3, 3);
data.setCell(38, 0, 38)
data.setCell(38, 1, 'wrongChangePostTestWithoutImage')
data.setCell(38, 2, 'WrongChangePostTest')
data.setCell(38, 3, 1);
data.setCell(39, 0, 39)
data.setCell(39, 1, 'wrongChangePostTestWithoutDescription')
data.setCell(39, 2, 'WrongChangePostTest')
data.setCell(39, 3, 1);
data.setCell(40, 0, 40)
data.setCell(40, 1, 'wrongChangePostTestWithWrongId')
data.setCell(40, 2, 'WrongChangePostTest')
data.setCell(40, 3, 1);
data.setCell(41, 0, 41)
data.setCell(41, 1, 'getUserInfoByIdTest')
data.setCell(41, 2, 'GetUserInfoTest')
data.setCell(41, 3, 1);
data.setCell(42, 0, 42)
data.setCell(42, 1, 'deletePostTest')
data.setCell(42, 2, 'DeletePostTest')
data.setCell(42, 3, 1);
data.setCell(43, 0, 43)
data.setCell(43, 1, 'changeUserInfoSuccess')
data.setCell(43, 2, 'ChangeUserInfoTest')
data.setCell(43, 3, 1);
data.setCell(44, 0, 44)
data.setCell(44, 1, 'changePostTest')
data.setCell(44, 2, 'ChangePostTest')
data.setCell(44, 3, 1);
data.setCell(45, 0, 45)
data.setCell(45, 1, 'deletePostTestWithWrongId')
data.setCell(45, 2, 'WrongDeletePostTest')
data.setCell(45, 3, 0);
data.setCell(46, 0, 46)
data.setCell(46, 1, 'wrongChangePostTestWithoutToken')
data.setCell(46, 2, 'WrongChangePostTest')
data.setCell(46, 3, 0);
data.setCell(47, 0, 47)
data.setCell(47, 1, 'wrongChangePostTestWithEmptyTitle')
data.setCell(47, 2, 'WrongChangePostTest')
data.setCell(47, 3, 0);
data.setCell(48, 0, 48)
data.setCell(48, 1, 'wrongChangePostTestWithoutTitle')
data.setCell(48, 2, 'WrongChangePostTest')
data.setCell(48, 3, 0);
data.setCell(49, 0, 49)
data.setCell(49, 1, 'deletePostTestWithoutToken')
data.setCell(49, 2, 'WrongDeletePostTest')
data.setCell(49, 3, 0);
data.setCell(50, 0, 50)
data.setCell(50, 1, 'wrongChangePostTestWithEmptyDescription')
data.setCell(50, 2, 'WrongChangePostTest')
data.setCell(50, 3, 0);
data.setCell(51, 0, 51)
data.setCell(51, 1, 'getUsers')
data.setCell(51, 2, 'GetUserInfoTest')
data.setCell(51, 3, 0);
data.setCell(52, 0, 52)
data.setCell(52, 1, 'getPostTest')
data.setCell(52, 2, 'WrongGetSpecificPostTest')
data.setCell(52, 3, 0);
data.setCell(53, 0, 53)
data.setCell(53, 1, 'getUserPostTest')
data.setCell(53, 2, 'WrongGetUserPostTest')
data.setCell(53, 3, 0);
data.setCell(54, 0, 54)
data.setCell(54, 1, 'getUserPostWithoutToken')
data.setCell(54, 2, 'WrongGetUserPostTest')
data.setCell(54, 3, 0);
data.setCell(55, 0, 55)
data.setCell(55, 1, 'getUserPostTest')
data.setCell(55, 2, 'GetPostTest')
data.setCell(55, 3, 0);
data.setCell(56, 0, 56)
data.setCell(56, 1, 'getPostWithoutPageTest')
data.setCell(56, 2, 'WrongGetSpecificPostTest')
data.setCell(56, 3, 0);
data.setCell(57, 0, 57)
data.setCell(57, 1, 'getUserPostTest')
data.setCell(57, 2, 'WrongGetSpecificPostTest')
data.setCell(57, 3, 0);
data.setCell(58, 0, 58)
data.setCell(58, 1, 'getPostWithoutPerPageTest')
data.setCell(58, 2, 'WrongGetSpecificPostTest')
data.setCell(58, 3, 0);
data.setCell(59, 0, 59)
data.setCell(59, 1, 'getUserPostWithoutPage')
data.setCell(59, 2, 'WrongGetUserPostTest')
data.setCell(59, 3, 0);
data.setCell(60, 0, 60)
data.setCell(60, 1, 'getPostTest')
data.setCell(60, 2, 'WrongGetUserPostTest')
data.setCell(60, 3, 0);
data.setCell(61, 0, 61)
data.setCell(61, 1, 'getUserPostWithPageEqual0')
data.setCell(61, 2, 'WrongGetUserPostTest')
data.setCell(61, 3, 0);
data.setCell(62, 0, 62)
data.setCell(62, 1, 'getPostTest')
data.setCell(62, 2, 'GetPostTest')
data.setCell(62, 3, 0);
data.setCell(63, 0, 63)
data.setCell(63, 1, 'getUserPostWithoutPerPage')
data.setCell(63, 2, 'WrongGetUserPostTest')
data.setCell(63, 3, 0);
data.setCell(64, 0, 64)
data.setCell(64, 1, 'getUserPostWithPerPageEqual0')
data.setCell(64, 2, 'WrongGetUserPostTest')
data.setCell(64, 3, 0);
window.suiteTableData['Command_line_suite']= { tableData: data, tableDiv: 'times-div-Command_line_suite'}
return data;
}
              </script>
              <span class="suite-total-time">Total running time: 13 seconds</span>
              <div id="times-div-Command_line_suite">
              </div> <!-- times-div-Command_line_suite -->
            </div> <!-- times-div -->
          </div> <!-- main-panel-content rounded-window-bottom -->
        </div> <!-- panel -->
        <div panel-name="reporter-Command_line_suite" class="panel">
          <div class="main-panel-header rounded-window-top">
            <span class="header-content">Reporter output for Command line suite</span>
          </div> <!-- main-panel-header rounded-window-top -->
          <div class="main-panel-content rounded-window-bottom">
          </div> <!-- main-panel-content rounded-window-bottom -->
        </div> <!-- panel -->
        <div panel-name="ignored-methods-Command_line_suite" class="panel">
          <div class="main-panel-header rounded-window-top">
            <span class="header-content">0 ignored methods</span>
          </div> <!-- main-panel-header rounded-window-top -->
          <div class="main-panel-content rounded-window-bottom">
          </div> <!-- main-panel-content rounded-window-bottom -->
        </div> <!-- panel -->
        <div panel-name="chronological-Command_line_suite" class="panel">
          <div class="main-panel-header rounded-window-top">
            <span class="header-content">Methods in chronological order</span>
          </div> <!-- main-panel-header rounded-window-top -->
          <div class="main-panel-content rounded-window-bottom">
            <div class="chronological-class">
              <div class="chronological-class-name">SuccessAuthorizationTest</div> <!-- chronological-class-name -->
              <div class="test-method">
                <img src="failed.png">
                </img>
                <span class="method-name">successAuthorizationTest</span>
                <span class="method-start">0 ms</span>
              </div> <!-- test-method -->
            </div> <!-- chronological-class -->
            <div class="chronological-class">
              <div class="chronological-class-name">GetFileTest</div> <!-- chronological-class-name -->
              <div class="test-method">
                <span class="method-name">getFileTest</span>
                <span class="method-start">9 ms</span>
              </div> <!-- test-method -->
            </div> <!-- chronological-class -->
            <div class="chronological-class">
              <div class="chronological-class-name">CreatePostTest</div> <!-- chronological-class-name -->
              <div class="test-method">
                <img src="failed.png">
                </img>
                <span class="method-name">createPostTest</span>
                <span class="method-start">436 ms</span>
              </div> <!-- test-method -->
            </div> <!-- chronological-class -->
            <div class="chronological-class">
              <div class="chronological-class-name">GetUserInfoTest</div> <!-- chronological-class-name -->
              <div class="test-method">
                <img src="failed.png">
                </img>
                <span class="method-name">getUserInfoByIdTest</span>
                <span class="method-start">672 ms</span>
              </div> <!-- test-method -->
              <div class="test-method">
                <img src="failed.png">
                </img>
                <span class="method-name">getUsers</span>
                <span class="method-start">674 ms</span>
              </div> <!-- test-method -->
            </div> <!-- chronological-class -->
            <div class="chronological-class">
              <div class="chronological-class-name">WrongLoginTest</div> <!-- chronological-class-name -->
              <div class="test-method">
                <img src="failed.png">
                </img>
                <span class="method-name">WithoutEmail</span>
                <span class="method-start">677 ms</span>
              </div> <!-- test-method -->
              <div class="test-method">
                <img src="failed.png">
                </img>
                <span class="method-name">correctEmailWithoutPassword</span>
                <span class="method-start">2681 ms</span>
              </div> <!-- test-method -->
              <div class="test-method">
                <img src="failed.png">
                </img>
                <span class="method-name">emptyEmail</span>
                <span class="method-start">2990 ms</span>
              </div> <!-- test-method -->
              <div class="test-method">
                <img src="failed.png">
                </img>
                <span class="method-name">emptyEmailAndPassword</span>
                <span class="method-start">3220 ms</span>
              </div> <!-- test-method -->
              <div class="test-method">
                <img src="failed.png">
                </img>
                <span class="method-name">emptyPassword</span>
                <span class="method-start">3476 ms</span>
              </div> <!-- test-method -->
              <div class="test-method">
                <img src="failed.png">
                </img>
                <span class="method-name">incorrectEmail1</span>
                <span class="method-start">3694 ms</span>
              </div> <!-- test-method -->
              <div class="test-method">
                <img src="failed.png">
                </img>
                <span class="method-name">incorrectEmail2</span>
                <span class="method-start">3910 ms</span>
              </div> <!-- test-method -->
              <div class="test-method">
                <img src="failed.png">
                </img>
                <span class="method-name">incorrectEmail3</span>
                <span class="method-start">4164 ms</span>
              </div> <!-- test-method -->
              <div class="test-method">
                <img src="failed.png">
                </img>
                <span class="method-name">incorrectEmail4</span>
                <span class="method-start">4465 ms</span>
              </div> <!-- test-method -->
              <div class="test-method">
                <img src="failed.png">
                </img>
                <span class="method-name">incorrectEmail5</span>
                <span class="method-start">4693 ms</span>
              </div> <!-- test-method -->
              <div class="test-method">
                <img src="failed.png">
                </img>
                <span class="method-name">userDoesNotExist</span>
                <span class="method-start">4894 ms</span>
              </div> <!-- test-method -->
              <div class="test-method">
                <img src="failed.png">
                </img>
                <span class="method-name">withoutEmailAndPassword</span>
                <span class="method-start">5114 ms</span>
              </div> <!-- test-method -->
            </div> <!-- chronological-class -->
            <div class="chronological-class">
              <div class="chronological-class-name">AllNewsPageGetTest</div> <!-- chronological-class-name -->
              <div class="test-method">
                <span class="method-name">allNewsPageGetTest</span>
                <span class="method-start">5328 ms</span>
              </div> <!-- test-method -->
            </div> <!-- chronological-class -->
            <div class="chronological-class">
              <div class="chronological-class-name">DeletePostTest</div> <!-- chronological-class-name -->
              <div class="test-method">
                <img src="failed.png">
                </img>
                <span class="method-name">deletePostTest</span>
                <span class="method-start">5716 ms</span>
              </div> <!-- test-method -->
            </div> <!-- chronological-class -->
            <div class="chronological-class">
              <div class="chronological-class-name">WrongGetUserPostTest</div> <!-- chronological-class-name -->
              <div class="configuration-method before">
                <img src="failed.png">
                </img>
                <span class="method-name">createPost</span>
                <span class="method-start">5718 ms</span>
              </div> <!-- configuration-method before -->
              <div class="test-method">
                <span class="method-name">getPostTest</span>
                <span class="method-start">5725 ms</span>
              </div> <!-- test-method -->
              <div class="test-method">
                <span class="method-name">getUserPostTest</span>
                <span class="method-start">5726 ms</span>
              </div> <!-- test-method -->
              <div class="configuration-method before">
                <span class="method-name">createPost</span>
                <span class="method-start">5726 ms</span>
              </div> <!-- configuration-method before -->
              <div class="configuration-method before">
                <span class="method-name">createPost</span>
                <span class="method-start">5727 ms</span>
              </div> <!-- configuration-method before -->
              <div class="test-method">
                <span class="method-name">getUserPostWithPerPageEqual0</span>
                <span class="method-start">5727 ms</span>
              </div> <!-- test-method -->
              <div class="configuration-method before">
                <span class="method-name">createPost</span>
                <span class="method-start">5727 ms</span>
              </div> <!-- configuration-method before -->
              <div class="test-method">
                <span class="method-name">getUserPostWithPageEqual0</span>
                <span class="method-start">5727 ms</span>
              </div> <!-- test-method -->
              <div class="test-method">
                <span class="method-name">getUserPostWithoutPage</span>
                <span class="method-start">5728 ms</span>
              </div> <!-- test-method -->
              <div class="configuration-method before">
                <span class="method-name">createPost</span>
                <span class="method-start">5728 ms</span>
              </div> <!-- configuration-method before -->
              <div class="configuration-method before">
                <span class="method-name">createPost</span>
                <span class="method-start">5729 ms</span>
              </div> <!-- configuration-method before -->
              <div class="test-method">
                <span class="method-name">getUserPostWithoutPerPage</span>
                <span class="method-start">5730 ms</span>
              </div> <!-- test-method -->
            </div> <!-- chronological-class -->
            <div class="chronological-class">
              <div class="chronological-class-name">WrongGetFileTest</div> <!-- chronological-class-name -->
              <div class="test-method">
                <span class="method-name">getFileWithoutFileNameTest</span>
                <span class="method-start">5730 ms</span>
              </div> <!-- test-method -->
            </div> <!-- chronological-class -->
            <div class="chronological-class">
              <div class="chronological-class-name">WrongGetUserPostTest</div> <!-- chronological-class-name -->
              <div class="configuration-method before">
                <span class="method-name">createPost</span>
                <span class="method-start">5730 ms</span>
              </div> <!-- configuration-method before -->
              <div class="test-method">
                <span class="method-name">getUserPostWithoutToken</span>
                <span class="method-start">5730 ms</span>
              </div> <!-- test-method -->
            </div> <!-- chronological-class -->
            <div class="chronological-class">
              <div class="chronological-class-name">WrongDeletePostTest</div> <!-- chronological-class-name -->
              <div class="test-method">
                <img src="failed.png">
                </img>
                <span class="method-name">deletePostTestWithWrongId</span>
                <span class="method-start">6199 ms</span>
              </div> <!-- test-method -->
              <div class="test-method">
                <img src="failed.png">
                </img>
                <span class="method-name">deletePostTestWithoutToken</span>
                <span class="method-start">6200 ms</span>
              </div> <!-- test-method -->
            </div> <!-- chronological-class -->
            <div class="chronological-class">
              <div class="chronological-class-name">WrongGetPostTest</div> <!-- chronological-class-name -->
              <div class="test-method">
                <img src="failed.png">
                </img>
                <span class="method-name">getPostWithPageEqual0</span>
                <span class="method-start">6201 ms</span>
              </div> <!-- test-method -->
              <div class="test-method">
                <img src="failed.png">
                </img>
                <span class="method-name">getPostWithPerPageEqual0</span>
                <span class="method-start">6409 ms</span>
              </div> <!-- test-method -->
              <div class="test-method">
                <img src="failed.png">
                </img>
                <span class="method-name">getPostWithoutPage</span>
                <span class="method-start">6617 ms</span>
              </div> <!-- test-method -->
              <div class="test-method">
                <img src="failed.png">
                </img>
                <span class="method-name">getPostWithoutPerPage</span>
                <span class="method-start">6814 ms</span>
              </div> <!-- test-method -->
            </div> <!-- chronological-class -->
            <div class="chronological-class">
              <div class="chronological-class-name">WrongRegistrationTest</div> <!-- chronological-class-name -->
              <div class="test-method">
                <span class="method-name">regWithEmptyAllFields</span>
                <span class="method-start">7031 ms</span>
              </div> <!-- test-method -->
              <div class="test-method">
                <span class="method-name">regWithExistingEmail</span>
                <span class="method-start">7541 ms</span>
              </div> <!-- test-method -->
              <div class="test-method">
                <span class="method-name">regWithNullAllFields</span>
                <span class="method-start">8054 ms</span>
              </div> <!-- test-method -->
              <div class="test-method">
                <span class="method-name">regWithWrongName</span>
                <span class="method-start">8260 ms</span>
              </div> <!-- test-method -->
              <div class="test-method">
                <span class="method-name">regWithWrongRole</span>
                <span class="method-start">8465 ms</span>
              </div> <!-- test-method -->
              <div class="test-method">
                <span class="method-name">regWithoutEmail</span>
                <span class="method-start">8669 ms</span>
              </div> <!-- test-method -->
              <div class="test-method">
                <span class="method-name">regWithoutName</span>
                <span class="method-start">8867 ms</span>
              </div> <!-- test-method -->
              <div class="test-method">
                <img src="failed.png">
                </img>
                <span class="method-name">regWithoutPassword</span>
                <span class="method-start">9067 ms</span>
              </div> <!-- test-method -->
              <div class="test-method">
                <img src="failed.png">
                </img>
                <span class="method-name">regWithoutRole</span>
                <span class="method-start">9268 ms</span>
              </div> <!-- test-method -->
            </div> <!-- chronological-class -->
            <div class="chronological-class">
              <div class="chronological-class-name">WrongUploadFileTest</div> <!-- chronological-class-name -->
              <div class="test-method">
                <span class="method-name">uploadFileWithNonFormDataTest</span>
                <span class="method-start">9826 ms</span>
              </div> <!-- test-method -->
            </div> <!-- chronological-class -->
            <div class="chronological-class">
              <div class="chronological-class-name">UploadFileTest</div> <!-- chronological-class-name -->
              <div class="test-method">
                <span class="method-name">uploadFileTest</span>
                <span class="method-start">11036 ms</span>
              </div> <!-- test-method -->
            </div> <!-- chronological-class -->
            <div class="chronological-class">
              <div class="chronological-class-name">DeleteUserTest</div> <!-- chronological-class-name -->
              <div class="test-method">
                <span class="method-name">deleteUser</span>
                <span class="method-start">11259 ms</span>
              </div> <!-- test-method -->
              <div class="test-method">
                <span class="method-name">deleteWithEmptyToken</span>
                <span class="method-start">11774 ms</span>
              </div> <!-- test-method -->
              <div class="test-method">
                <span class="method-name">deleteWithoutToken</span>
                <span class="method-start">12452 ms</span>
              </div> <!-- test-method -->
            </div> <!-- chronological-class -->
            <div class="chronological-class">
              <div class="chronological-class-name">WrongGetUserInfoTest</div> <!-- chronological-class-name -->
              <div class="test-method">
                <span class="method-name">withWrongUserId</span>
                <span class="method-start">13098 ms</span>
              </div> <!-- test-method -->
            </div> <!-- chronological-class -->
            <div class="chronological-class">
              <div class="chronological-class-name">ChangePostTest</div> <!-- chronological-class-name -->
              <div class="test-method">
                <img src="failed.png">
                </img>
                <span class="method-name">changePostTest</span>
                <span class="method-start">13300 ms</span>
              </div> <!-- test-method -->
            </div> <!-- chronological-class -->
            <div class="chronological-class">
              <div class="chronological-class-name">WrongGetSpecificPostTest</div> <!-- chronological-class-name -->
              <div class="test-method">
                <span class="method-name">getPostTest</span>
                <span class="method-start">13302 ms</span>
              </div> <!-- test-method -->
              <div class="configuration-method before">
                <img src="failed.png">
                </img>
                <span class="method-name">createPost</span>
                <span class="method-start">13302 ms</span>
              </div> <!-- configuration-method before -->
              <div class="test-method">
                <span class="method-name">getPostWithoutPageTest</span>
                <span class="method-start">13303 ms</span>
              </div> <!-- test-method -->
              <div class="test-method">
                <span class="method-name">getUserPostTest</span>
                <span class="method-start">13303 ms</span>
              </div> <!-- test-method -->
              <div class="configuration-method before">
                <span class="method-name">createPost</span>
                <span class="method-start">13303 ms</span>
              </div> <!-- configuration-method before -->
              <div class="configuration-method before">
                <span class="method-name">createPost</span>
                <span class="method-start">13303 ms</span>
              </div> <!-- configuration-method before -->
              <div class="test-method">
                <span class="method-name">getPostWithoutPerPageTest</span>
                <span class="method-start">13304 ms</span>
              </div> <!-- test-method -->
              <div class="configuration-method before">
                <span class="method-name">createPost</span>
                <span class="method-start">13304 ms</span>
              </div> <!-- configuration-method before -->
            </div> <!-- chronological-class -->
            <div class="chronological-class">
              <div class="chronological-class-name">GetPostTest</div> <!-- chronological-class-name -->
              <div class="configuration-method before">
                <span class="method-name">createPost</span>
                <span class="method-start">13304 ms</span>
              </div> <!-- configuration-method before -->
              <div class="test-method">
                <span class="method-name">getPostTest</span>
                <span class="method-start">13305 ms</span>
              </div> <!-- test-method -->
              <div class="test-method">
                <span class="method-name">getUserPostTest</span>
                <span class="method-start">13305 ms</span>
              </div> <!-- test-method -->
              <div class="configuration-method before">
                <span class="method-name">createPost</span>
                <span class="method-start">13305 ms</span>
              </div> <!-- configuration-method before -->
            </div> <!-- chronological-class -->
            <div class="chronological-class">
              <div class="chronological-class-name">SuccessRegistrationTest</div> <!-- chronological-class-name -->
              <div class="test-method">
                <span class="method-name">registrationTest</span>
                <span class="method-start">13306 ms</span>
              </div> <!-- test-method -->
            </div> <!-- chronological-class -->
            <div class="chronological-class">
              <div class="chronological-class-name">ChangeUserInfoTest</div> <!-- chronological-class-name -->
              <div class="test-method">
                <img src="failed.png">
                </img>
                <span class="method-name">changeUserInfoSuccess</span>
                <span class="method-start">13705 ms</span>
              </div> <!-- test-method -->
            </div> <!-- chronological-class -->
            <div class="chronological-class">
              <div class="chronological-class-name">WrongChangePostTest</div> <!-- chronological-class-name -->
              <div class="test-method">
                <img src="failed.png">
                </img>
                <span class="method-name">wrongChangePostTestWithEmptyDescription</span>
                <span class="method-start">13707 ms</span>
              </div> <!-- test-method -->
              <div class="test-method">
                <img src="failed.png">
                </img>
                <span class="method-name">wrongChangePostTestWithEmptyTags</span>
                <span class="method-start">13708 ms</span>
              </div> <!-- test-method -->
              <div class="test-method">
                <img src="failed.png">
                </img>
                <span class="method-name">wrongChangePostTestWithEmptyTitle</span>
                <span class="method-start">13712 ms</span>
              </div> <!-- test-method -->
              <div class="test-method">
                <img src="failed.png">
                </img>
                <span class="method-name">wrongChangePostTestWithWrongId</span>
                <span class="method-start">13713 ms</span>
              </div> <!-- test-method -->
              <div class="test-method">
                <img src="failed.png">
                </img>
                <span class="method-name">wrongChangePostTestWithoutDescription</span>
                <span class="method-start">13714 ms</span>
              </div> <!-- test-method -->
              <div class="test-method">
                <img src="failed.png">
                </img>
                <span class="method-name">wrongChangePostTestWithoutImage</span>
                <span class="method-start">13715 ms</span>
              </div> <!-- test-method -->
              <div class="test-method">
                <img src="failed.png">
                </img>
                <span class="method-name">wrongChangePostTestWithoutTitle</span>
                <span class="method-start">13717 ms</span>
              </div> <!-- test-method -->
              <div class="test-method">
                <img src="failed.png">
                </img>
                <span class="method-name">wrongChangePostTestWithoutToken</span>
                <span class="method-start">13718 ms</span>
              </div> <!-- test-method -->
          </div> <!-- main-panel-content rounded-window-bottom -->
        </div> <!-- panel -->
      </div> <!-- main-panel-root -->
    </div> <!-- wrapper -->
  </body>
<script type="text/javascript" src="testng-reports2.js"></script>
</html>
